[0.021s] Invoking command in '/home/feyzieren/ros2_ws/build/my_cpp_pkg': CMAKE_PREFIX_PATH=${CMAKE_PREFIX_PATH}:/home/feyzieren/ros2_ws/install/my_py_pkg:/opt/ros/humble /usr/bin/cmake --build /home/feyzieren/ros2_ws/build/my_cpp_pkg -- -j12 -l12
[0.054s] -- Found ament_cmake: 1.3.10 (/opt/ros/humble/share/ament_cmake/cmake)
[0.208s] -- Found rclcpp: 16.0.10 (/opt/ros/humble/share/rclcpp/cmake)
[0.254s] -- Found rosidl_generator_c: 3.1.5 (/opt/ros/humble/share/rosidl_generator_c/cmake)
[0.257s] -- Found rosidl_adapter: 3.1.5 (/opt/ros/humble/share/rosidl_adapter/cmake)
[0.266s] -- Found rosidl_generator_cpp: 3.1.5 (/opt/ros/humble/share/rosidl_generator_cpp/cmake)
[0.280s] -- Using all available rosidl_typesupport_c: rosidl_typesupport_fastrtps_c;rosidl_typesupport_introspection_c
[0.298s] -- Using all available rosidl_typesupport_cpp: rosidl_typesupport_fastrtps_cpp;rosidl_typesupport_introspection_cpp
[0.341s] -- Found rmw_implementation_cmake: 6.1.2 (/opt/ros/humble/share/rmw_implementation_cmake/cmake)
[0.343s] -- Found rmw_fastrtps_cpp: 6.2.7 (/opt/ros/humble/share/rmw_fastrtps_cpp/cmake)
[0.486s] -- Using RMW implementation 'rmw_fastrtps_cpp' as default
[0.544s] -- Found example_interfaces: 0.9.3 (/opt/ros/humble/share/example_interfaces/cmake)
[0.668s] -- Configuring done
[0.683s] -- Generating done
[0.686s] -- Build files have been written to: /home/feyzieren/ros2_ws/build/my_cpp_pkg
[0.724s] [35m[1mConsolidate compiler generated dependencies of target cpp_node[0m
[0.724s] [35m[1mConsolidate compiler generated dependencies of target robot_news_station[0m
[0.756s] [ 75%] [32m[1mLinking CXX executable robot_news_station[0m
[0.756s] [ 75%] Built target cpp_node
[1.055s] [100%] Built target robot_news_station
[1.072s] Invoked command in '/home/feyzieren/ros2_ws/build/my_cpp_pkg' returned '0': CMAKE_PREFIX_PATH=${CMAKE_PREFIX_PATH}:/home/feyzieren/ros2_ws/install/my_py_pkg:/opt/ros/humble /usr/bin/cmake --build /home/feyzieren/ros2_ws/build/my_cpp_pkg -- -j12 -l12
[1.126s] Invoking command in '/home/feyzieren/ros2_ws/build/my_cpp_pkg': CMAKE_PREFIX_PATH=${CMAKE_PREFIX_PATH}:/home/feyzieren/ros2_ws/install/my_py_pkg:/opt/ros/humble /usr/bin/cmake --install /home/feyzieren/ros2_ws/build/my_cpp_pkg
[1.135s] -- Install configuration: ""
[1.135s] -- Up-to-date: /home/feyzieren/ros2_ws/install/my_cpp_pkg/lib/my_cpp_pkg/cpp_node
[1.135s] -- Installing: /home/feyzieren/ros2_ws/install/my_cpp_pkg/lib/my_cpp_pkg/robot_news_station
[1.138s] -- Set runtime path of "/home/feyzieren/ros2_ws/install/my_cpp_pkg/lib/my_cpp_pkg/robot_news_station" to ""
[1.138s] -- Up-to-date: /home/feyzieren/ros2_ws/install/my_cpp_pkg/share/ament_index/resource_index/package_run_dependencies/my_cpp_pkg
[1.138s] -- Up-to-date: /home/feyzieren/ros2_ws/install/my_cpp_pkg/share/ament_index/resource_index/parent_prefix_path/my_cpp_pkg
[1.139s] -- Up-to-date: /home/feyzieren/ros2_ws/install/my_cpp_pkg/share/my_cpp_pkg/environment/ament_prefix_path.sh
[1.139s] -- Installing: /home/feyzieren/ros2_ws/install/my_cpp_pkg/share/my_cpp_pkg/environment/ament_prefix_path.dsv
[1.140s] -- Up-to-date: /home/feyzieren/ros2_ws/install/my_cpp_pkg/share/my_cpp_pkg/environment/path.sh
[1.140s] -- Installing: /home/feyzieren/ros2_ws/install/my_cpp_pkg/share/my_cpp_pkg/environment/path.dsv
[1.140s] -- Up-to-date: /home/feyzieren/ros2_ws/install/my_cpp_pkg/share/my_cpp_pkg/local_setup.bash
[1.140s] -- Up-to-date: /home/feyzieren/ros2_ws/install/my_cpp_pkg/share/my_cpp_pkg/local_setup.sh
[1.140s] -- Up-to-date: /home/feyzieren/ros2_ws/install/my_cpp_pkg/share/my_cpp_pkg/local_setup.zsh
[1.140s] -- Installing: /home/feyzieren/ros2_ws/install/my_cpp_pkg/share/my_cpp_pkg/local_setup.dsv
[1.141s] -- Installing: /home/feyzieren/ros2_ws/install/my_cpp_pkg/share/my_cpp_pkg/package.dsv
[1.141s] -- Up-to-date: /home/feyzieren/ros2_ws/install/my_cpp_pkg/share/ament_index/resource_index/packages/my_cpp_pkg
[1.141s] -- Up-to-date: /home/feyzieren/ros2_ws/install/my_cpp_pkg/share/my_cpp_pkg/cmake/my_cpp_pkgConfig.cmake
[1.141s] -- Up-to-date: /home/feyzieren/ros2_ws/install/my_cpp_pkg/share/my_cpp_pkg/cmake/my_cpp_pkgConfig-version.cmake
[1.141s] -- Up-to-date: /home/feyzieren/ros2_ws/install/my_cpp_pkg/share/my_cpp_pkg/package.xml
[1.144s] Invoked command in '/home/feyzieren/ros2_ws/build/my_cpp_pkg' returned '0': CMAKE_PREFIX_PATH=${CMAKE_PREFIX_PATH}:/home/feyzieren/ros2_ws/install/my_py_pkg:/opt/ros/humble /usr/bin/cmake --install /home/feyzieren/ros2_ws/build/my_cpp_pkg
