[0.022s] Invoking command in '/home/feyzieren/ros2_ws/build/my_cpp_pkg': CMAKE_PREFIX_PATH=${CMAKE_PREFIX_PATH}:/home/feyzieren/ros2_ws/install/my_py_pkg:/opt/ros/humble /usr/bin/cmake --build /home/feyzieren/ros2_ws/build/my_cpp_pkg -- -j12 -l12
[0.073s] [35m[1mConsolidate compiler generated dependencies of target cpp_node[0m
[0.097s] [ 50%] [32mBuilding CXX object CMakeFiles/cpp_node.dir/src/my_first_node.cpp.o[0m
[3.473s] [100%] [32m[1mLinking CXX executable cpp_node[0m
[3.645s] [100%] Built target cpp_node
[3.662s] Invoked command in '/home/feyzieren/ros2_ws/build/my_cpp_pkg' returned '0': CMAKE_PREFIX_PATH=${CMAKE_PREFIX_PATH}:/home/feyzieren/ros2_ws/install/my_py_pkg:/opt/ros/humble /usr/bin/cmake --build /home/feyzieren/ros2_ws/build/my_cpp_pkg -- -j12 -l12
[3.721s] Invoking command in '/home/feyzieren/ros2_ws/build/my_cpp_pkg': CMAKE_PREFIX_PATH=${CMAKE_PREFIX_PATH}:/home/feyzieren/ros2_ws/install/my_py_pkg:/opt/ros/humble /usr/bin/cmake --install /home/feyzieren/ros2_ws/build/my_cpp_pkg
[3.730s] -- Install configuration: ""
[3.730s] -- Installing: /home/feyzieren/ros2_ws/install/my_cpp_pkg/lib/my_cpp_pkg/cpp_node
[3.731s] -- Set runtime path of "/home/feyzieren/ros2_ws/install/my_cpp_pkg/lib/my_cpp_pkg/cpp_node" to ""
[3.731s] -- Up-to-date: /home/feyzieren/ros2_ws/install/my_cpp_pkg/share/ament_index/resource_index/package_run_dependencies/my_cpp_pkg
[3.731s] -- Up-to-date: /home/feyzieren/ros2_ws/install/my_cpp_pkg/share/ament_index/resource_index/parent_prefix_path/my_cpp_pkg
[3.731s] -- Up-to-date: /home/feyzieren/ros2_ws/install/my_cpp_pkg/share/my_cpp_pkg/environment/ament_prefix_path.sh
[3.732s] -- Up-to-date: /home/feyzieren/ros2_ws/install/my_cpp_pkg/share/my_cpp_pkg/environment/ament_prefix_path.dsv
[3.732s] -- Up-to-date: /home/feyzieren/ros2_ws/install/my_cpp_pkg/share/my_cpp_pkg/environment/path.sh
[3.732s] -- Up-to-date: /home/feyzieren/ros2_ws/install/my_cpp_pkg/share/my_cpp_pkg/environment/path.dsv
[3.732s] -- Up-to-date: /home/feyzieren/ros2_ws/install/my_cpp_pkg/share/my_cpp_pkg/local_setup.bash
[3.732s] -- Up-to-date: /home/feyzieren/ros2_ws/install/my_cpp_pkg/share/my_cpp_pkg/local_setup.sh
[3.733s] -- Up-to-date: /home/feyzieren/ros2_ws/install/my_cpp_pkg/share/my_cpp_pkg/local_setup.zsh
[3.733s] -- Up-to-date: /home/feyzieren/ros2_ws/install/my_cpp_pkg/share/my_cpp_pkg/local_setup.dsv
[3.733s] -- Installing: /home/feyzieren/ros2_ws/install/my_cpp_pkg/share/my_cpp_pkg/package.dsv
[3.734s] -- Up-to-date: /home/feyzieren/ros2_ws/install/my_cpp_pkg/share/ament_index/resource_index/packages/my_cpp_pkg
[3.735s] -- Up-to-date: /home/feyzieren/ros2_ws/install/my_cpp_pkg/share/my_cpp_pkg/cmake/my_cpp_pkgConfig.cmake
[3.736s] -- Up-to-date: /home/feyzieren/ros2_ws/install/my_cpp_pkg/share/my_cpp_pkg/cmake/my_cpp_pkgConfig-version.cmake
[3.736s] -- Up-to-date: /home/feyzieren/ros2_ws/install/my_cpp_pkg/share/my_cpp_pkg/package.xml
[3.737s] Invoked command in '/home/feyzieren/ros2_ws/build/my_cpp_pkg' returned '0': CMAKE_PREFIX_PATH=${CMAKE_PREFIX_PATH}:/home/feyzieren/ros2_ws/install/my_py_pkg:/opt/ros/humble /usr/bin/cmake --install /home/feyzieren/ros2_ws/build/my_cpp_pkg
