[ 40%] Built target robot_news_station
[ 40%] Built target number_publisher
[ 40%] Built target smartphone
[ 40%] Built target add_two_ints_server
[ 50%] Built target cpp_node
[ 60%] Built target hardware_status_publisher
[ 70%] Built target number_counter
[ 80%] Built target add_two_ints_client
[ 95%] [32mBuilding CXX object CMakeFiles/led_panel.dir/src/led_panel.cpp.o[0m
[ 95%] Built target battery
[100%] [32m[1mLinking CXX executable led_panel[0m
[100%] Built target led_panel
-- Install configuration: ""
-- Up-to-date: /home/feyzieren/ros2_ws/install/my_cpp_pkg/lib/my_cpp_pkg/cpp_node
-- Up-to-date: /home/feyzieren/ros2_ws/install/my_cpp_pkg/lib/my_cpp_pkg/robot_news_station
-- Up-to-date: /home/feyzieren/ros2_ws/install/my_cpp_pkg/lib/my_cpp_pkg/smartphone
-- Up-to-date: /home/feyzieren/ros2_ws/install/my_cpp_pkg/lib/my_cpp_pkg/number_publisher
-- Up-to-date: /home/feyzieren/ros2_ws/install/my_cpp_pkg/lib/my_cpp_pkg/number_counter
-- Up-to-date: /home/feyzieren/ros2_ws/install/my_cpp_pkg/lib/my_cpp_pkg/add_two_ints_server
-- Up-to-date: /home/feyzieren/ros2_ws/install/my_cpp_pkg/lib/my_cpp_pkg/add_two_ints_client
-- Up-to-date: /home/feyzieren/ros2_ws/install/my_cpp_pkg/lib/my_cpp_pkg/hardware_status_publisher
-- Installing: /home/feyzieren/ros2_ws/install/my_cpp_pkg/lib/my_cpp_pkg/led_panel
-- Set runtime path of "/home/feyzieren/ros2_ws/install/my_cpp_pkg/lib/my_cpp_pkg/led_panel" to ""
-- Up-to-date: /home/feyzieren/ros2_ws/install/my_cpp_pkg/lib/my_cpp_pkg/battery
-- Up-to-date: /home/feyzieren/ros2_ws/install/my_cpp_pkg/share/ament_index/resource_index/package_run_dependencies/my_cpp_pkg
-- Up-to-date: /home/feyzieren/ros2_ws/install/my_cpp_pkg/share/ament_index/resource_index/parent_prefix_path/my_cpp_pkg
-- Up-to-date: /home/feyzieren/ros2_ws/install/my_cpp_pkg/share/my_cpp_pkg/environment/ament_prefix_path.sh
-- Up-to-date: /home/feyzieren/ros2_ws/install/my_cpp_pkg/share/my_cpp_pkg/environment/ament_prefix_path.dsv
-- Up-to-date: /home/feyzieren/ros2_ws/install/my_cpp_pkg/share/my_cpp_pkg/environment/path.sh
-- Up-to-date: /home/feyzieren/ros2_ws/install/my_cpp_pkg/share/my_cpp_pkg/environment/path.dsv
-- Up-to-date: /home/feyzieren/ros2_ws/install/my_cpp_pkg/share/my_cpp_pkg/local_setup.bash
-- Up-to-date: /home/feyzieren/ros2_ws/install/my_cpp_pkg/share/my_cpp_pkg/local_setup.sh
-- Up-to-date: /home/feyzieren/ros2_ws/install/my_cpp_pkg/share/my_cpp_pkg/local_setup.zsh
-- Up-to-date: /home/feyzieren/ros2_ws/install/my_cpp_pkg/share/my_cpp_pkg/local_setup.dsv
-- Installing: /home/feyzieren/ros2_ws/install/my_cpp_pkg/share/my_cpp_pkg/package.dsv
-- Up-to-date: /home/feyzieren/ros2_ws/install/my_cpp_pkg/share/ament_index/resource_index/packages/my_cpp_pkg
-- Up-to-date: /home/feyzieren/ros2_ws/install/my_cpp_pkg/share/my_cpp_pkg/cmake/my_cpp_pkgConfig.cmake
-- Up-to-date: /home/feyzieren/ros2_ws/install/my_cpp_pkg/share/my_cpp_pkg/cmake/my_cpp_pkgConfig-version.cmake
-- Up-to-date: /home/feyzieren/ros2_ws/install/my_cpp_pkg/share/my_cpp_pkg/package.xml
