[0.022s] Invoking command in '/home/feyzieren/ros2_ws/build/my_cpp_pkg': CMAKE_PREFIX_PATH=${CMAKE_PREFIX_PATH}:/home/feyzieren/ros2_ws/install/my_py_pkg:/opt/ros/humble /usr/bin/cmake /home/feyzieren/ros2_ws/src/my_cpp_pkg -DCMAKE_INSTALL_PREFIX=/home/feyzieren/ros2_ws/install/my_cpp_pkg
[0.045s] -- Found ament_cmake: 1.3.10 (/opt/ros/humble/share/ament_cmake/cmake)
[0.189s] -- Override CMake install command with custom implementation using symlinks instead of copying resources
[0.213s] -- Found rclcpp: 16.0.10 (/opt/ros/humble/share/rclcpp/cmake)
[0.262s] -- Found rosidl_generator_c: 3.1.5 (/opt/ros/humble/share/rosidl_generator_c/cmake)
[0.265s] -- Found rosidl_adapter: 3.1.5 (/opt/ros/humble/share/rosidl_adapter/cmake)
[0.271s] -- Found rosidl_generator_cpp: 3.1.5 (/opt/ros/humble/share/rosidl_generator_cpp/cmake)
[0.282s] -- Using all available rosidl_typesupport_c: rosidl_typesupport_fastrtps_c;rosidl_typesupport_introspection_c
[0.296s] -- Using all available rosidl_typesupport_cpp: rosidl_typesupport_fastrtps_cpp;rosidl_typesupport_introspection_cpp
[0.334s] -- Found rmw_implementation_cmake: 6.1.2 (/opt/ros/humble/share/rmw_implementation_cmake/cmake)
[0.336s] -- Found rmw_fastrtps_cpp: 6.2.7 (/opt/ros/humble/share/rmw_fastrtps_cpp/cmake)
[0.479s] -- Using RMW implementation 'rmw_fastrtps_cpp' as default
[0.534s] -- Found example_interfaces: 0.9.3 (/opt/ros/humble/share/example_interfaces/cmake)
[0.661s] -- Configuring done
[0.701s] -- Generating done
[0.704s] -- Build files have been written to: /home/feyzieren/ros2_ws/build/my_cpp_pkg
[0.715s] Invoked command in '/home/feyzieren/ros2_ws/build/my_cpp_pkg' returned '0': CMAKE_PREFIX_PATH=${CMAKE_PREFIX_PATH}:/home/feyzieren/ros2_ws/install/my_py_pkg:/opt/ros/humble /usr/bin/cmake /home/feyzieren/ros2_ws/src/my_cpp_pkg -DCMAKE_INSTALL_PREFIX=/home/feyzieren/ros2_ws/install/my_cpp_pkg
[0.717s] Invoking command in '/home/feyzieren/ros2_ws/build/my_cpp_pkg': CMAKE_PREFIX_PATH=${CMAKE_PREFIX_PATH}:/home/feyzieren/ros2_ws/install/my_py_pkg:/opt/ros/humble /usr/bin/cmake --build /home/feyzieren/ros2_ws/build/my_cpp_pkg -- -j12 -l12
[0.778s] [35m[1mConsolidate compiler generated dependencies of target robot_news_station[0m
[0.778s] [35m[1mConsolidate compiler generated dependencies of target smartphone[0m
[0.779s] [35m[1mConsolidate compiler generated dependencies of target cpp_node[0m
[0.793s] [ 12%] [32mBuilding CXX object CMakeFiles/number_counter.dir/src/number_counter.cpp.o[0m
[0.793s] [ 12%] [32mBuilding CXX object CMakeFiles/add_two_ints_server.dir/src/add_two_ints_server.cpp.o[0m
[0.793s] [ 18%] [32mBuilding CXX object CMakeFiles/add_two_ints_client.dir/src/add_two_ints_client.cpp.o[0m
[0.793s] [ 25%] [32mBuilding CXX object CMakeFiles/number_publisher.dir/src/number_publisher.cpp.o[0m
[0.795s] [ 31%] [32mBuilding CXX object CMakeFiles/add_two_ints_client_no_oop.dir/src/add_two_ints_client_no_oop.cpp.o[0m
[0.805s] [ 43%] Built target smartphone
[0.806s] [ 62%] Built target robot_news_station
[0.806s] [ 68%] Built target cpp_node
[5.353s] [ 75%] [32m[1mLinking CXX executable add_two_ints_server[0m
[5.402s] [ 81%] [32m[1mLinking CXX executable add_two_ints_client_no_oop[0m
[5.426s] [ 87%] [32m[1mLinking CXX executable add_two_ints_client[0m
[5.612s] [ 87%] Built target add_two_ints_server
[5.644s] [ 87%] Built target add_two_ints_client_no_oop
[5.670s] [ 87%] Built target add_two_ints_client
[6.131s] [ 93%] [32m[1mLinking CXX executable number_publisher[0m
[6.375s] [ 93%] Built target number_publisher
[10.377s] gmake[2]: *** [CMakeFiles/number_counter.dir/build.make:76: CMakeFiles/number_counter.dir/src/number_counter.cpp.o] Interrupt
[10.378s] gmake[1]: *** [CMakeFiles/Makefile2:255: CMakeFiles/number_counter.dir/all] Interrupt
[10.378s] gmake: *** [Makefile:146: all] Interrupt
[10.494s] Invoked command in '/home/feyzieren/ros2_ws/build/my_cpp_pkg' returned '-2': CMAKE_PREFIX_PATH=${CMAKE_PREFIX_PATH}:/home/feyzieren/ros2_ws/install/my_py_pkg:/opt/ros/humble /usr/bin/cmake --build /home/feyzieren/ros2_ws/build/my_cpp_pkg -- -j12 -l12
