[1.170s] Invoking command in '/home/feyzieren/ros2_ws/src/xbox_controller': PYTHONPATH=/home/feyzieren/ros2_ws/build/xbox_controller/prefix_override:/usr/lib/python3/dist-packages/colcon_core/task/python/colcon_distutils_commands:/home/feyzieren/ros2_ws/install/xbox_controller/lib/python3.10/site-packages:${PYTHONPATH} /usr/bin/python3 -W ignore:setup.py install is deprecated -W ignore:easy_install command is deprecated setup.py egg_info --egg-base ../../build/xbox_controller build --build-base /home/feyzieren/ros2_ws/build/xbox_controller/build install --record /home/feyzieren/ros2_ws/build/xbox_controller/install.log --single-version-externally-managed install_data
[1.463s] running egg_info
[1.464s] writing ../../build/xbox_controller/xbox_controller.egg-info/PKG-INFO
[1.464s] writing dependency_links to ../../build/xbox_controller/xbox_controller.egg-info/dependency_links.txt
[1.464s] writing entry points to ../../build/xbox_controller/xbox_controller.egg-info/entry_points.txt
[1.465s] writing requirements to ../../build/xbox_controller/xbox_controller.egg-info/requires.txt
[1.465s] writing top-level names to ../../build/xbox_controller/xbox_controller.egg-info/top_level.txt
[1.466s] reading manifest file '../../build/xbox_controller/xbox_controller.egg-info/SOURCES.txt'
[1.467s] writing manifest file '../../build/xbox_controller/xbox_controller.egg-info/SOURCES.txt'
[1.467s] running build
[1.468s] running build_py
[1.468s] running install
[1.468s] running install_lib
[1.469s] running install_data
[1.469s] running install_egg_info
[1.471s] removing '/home/feyzieren/ros2_ws/install/xbox_controller/lib/python3.10/site-packages/xbox_controller-0.0.0-py3.10.egg-info' (and everything under it)
[1.471s] Copying ../../build/xbox_controller/xbox_controller.egg-info to /home/feyzieren/ros2_ws/install/xbox_controller/lib/python3.10/site-packages/xbox_controller-0.0.0-py3.10.egg-info
[1.472s] running install_scripts
[1.495s] Installing gamepad_input script to /home/feyzieren/ros2_ws/install/xbox_controller/lib/xbox_controller
[1.495s] writing list of installed files to '/home/feyzieren/ros2_ws/build/xbox_controller/install.log'
