[0.739s] Invoking command in '/home/feyzieren/ros2_ws/src/xbox_controller': PYTHONPATH=/home/feyzieren/ros2_ws/build/xbox_controller/prefix_override:/usr/lib/python3/dist-packages/colcon_core/task/python/colcon_distutils_commands:/home/feyzieren/ros2_ws/install/xbox_controller/lib/python3.10/site-packages:${PYTHONPATH} /usr/bin/python3 -W ignore:setup.py install is deprecated setup.py egg_info --egg-base ../../build/xbox_controller build --build-base /home/feyzieren/ros2_ws/build/xbox_controller/build install --record /home/feyzieren/ros2_ws/build/xbox_controller/install.log --single-version-externally-managed install_data
[1.027s] running egg_info
[1.028s] writing ../../build/xbox_controller/xbox_controller.egg-info/PKG-INFO
[1.028s] writing dependency_links to ../../build/xbox_controller/xbox_controller.egg-info/dependency_links.txt
[1.028s] writing entry points to ../../build/xbox_controller/xbox_controller.egg-info/entry_points.txt
[1.029s] writing requirements to ../../build/xbox_controller/xbox_controller.egg-info/requires.txt
[1.029s] writing top-level names to ../../build/xbox_controller/xbox_controller.egg-info/top_level.txt
[1.030s] reading manifest file '../../build/xbox_controller/xbox_controller.egg-info/SOURCES.txt'
[1.031s] writing manifest file '../../build/xbox_controller/xbox_controller.egg-info/SOURCES.txt'
[1.032s] running build
[1.032s] running build_py
[1.032s] copying xbox_controller/gamepad_input.py -> /home/feyzieren/ros2_ws/build/xbox_controller/build/lib/xbox_controller
[1.032s] running install
[1.033s] running install_lib
[1.033s] copying /home/feyzieren/ros2_ws/build/xbox_controller/build/lib/xbox_controller/gamepad_input.py -> /home/feyzieren/ros2_ws/install/xbox_controller/lib/python3.10/site-packages/xbox_controller
[1.034s] byte-compiling /home/feyzieren/ros2_ws/install/xbox_controller/lib/python3.10/site-packages/xbox_controller/gamepad_input.py to gamepad_input.cpython-310.pyc
[1.034s] running install_data
[1.034s] running install_egg_info
[1.036s] removing '/home/feyzieren/ros2_ws/install/xbox_controller/lib/python3.10/site-packages/xbox_controller-0.0.0-py3.10.egg-info' (and everything under it)
[1.036s] Copying ../../build/xbox_controller/xbox_controller.egg-info to /home/feyzieren/ros2_ws/install/xbox_controller/lib/python3.10/site-packages/xbox_controller-0.0.0-py3.10.egg-info
[1.038s] running install_scripts
[1.062s] Installing gamepad_input script to /home/feyzieren/ros2_ws/install/xbox_controller/lib/xbox_controller
[1.062s] writing list of installed files to '/home/feyzieren/ros2_ws/build/xbox_controller/install.log'
[1.090s] Invoked command in '/home/feyzieren/ros2_ws/src/xbox_controller' returned '0': PYTHONPATH=/home/feyzieren/ros2_ws/build/xbox_controller/prefix_override:/usr/lib/python3/dist-packages/colcon_core/task/python/colcon_distutils_commands:/home/feyzieren/ros2_ws/install/xbox_controller/lib/python3.10/site-packages:${PYTHONPATH} /usr/bin/python3 -W ignore:setup.py install is deprecated setup.py egg_info --egg-base ../../build/xbox_controller build --build-base /home/feyzieren/ros2_ws/build/xbox_controller/build install --record /home/feyzieren/ros2_ws/build/xbox_controller/install.log --single-version-externally-managed install_data
