[0.020s] Invoking command in '/home/feyzieren/ros2_ws/build/my_cpp_pkg': CMAKE_PREFIX_PATH=${CMAKE_PREFIX_PATH}:/home/feyzieren/ros2_ws/install/my_py_pkg:/opt/ros/humble /usr/bin/cmake --build /home/feyzieren/ros2_ws/build/my_cpp_pkg -- -j12 -l12
[0.062s] -- Found ament_cmake: 1.3.10 (/opt/ros/humble/share/ament_cmake/cmake)
[0.225s] -- Override CMake install command with custom implementation using symlinks instead of copying resources
[0.249s] -- Found rclcpp: 16.0.10 (/opt/ros/humble/share/rclcpp/cmake)
[0.316s] -- Found rosidl_generator_c: 3.1.5 (/opt/ros/humble/share/rosidl_generator_c/cmake)
[0.320s] -- Found rosidl_adapter: 3.1.5 (/opt/ros/humble/share/rosidl_adapter/cmake)
[0.331s] -- Found rosidl_generator_cpp: 3.1.5 (/opt/ros/humble/share/rosidl_generator_cpp/cmake)
[0.346s] -- Using all available rosidl_typesupport_c: rosidl_typesupport_fastrtps_c;rosidl_typesupport_introspection_c
[0.365s] -- Using all available rosidl_typesupport_cpp: rosidl_typesupport_fastrtps_cpp;rosidl_typesupport_introspection_cpp
[0.417s] -- Found rmw_implementation_cmake: 6.1.2 (/opt/ros/humble/share/rmw_implementation_cmake/cmake)
[0.420s] -- Found rmw_fastrtps_cpp: 6.2.7 (/opt/ros/humble/share/rmw_fastrtps_cpp/cmake)
[0.574s] -- Using RMW implementation 'rmw_fastrtps_cpp' as default
[0.646s] -- Found example_interfaces: 0.9.3 (/opt/ros/humble/share/example_interfaces/cmake)
[0.698s] -- Found my_robot_interfaces: 0.0.0 (/home/feyzieren/ros2_ws/install/my_robot_interfaces/share/my_robot_interfaces/cmake)
[0.805s] -- Configuring done
[0.867s] -- Generating done
[0.871s] -- Build files have been written to: /home/feyzieren/ros2_ws/build/my_cpp_pkg
[0.913s] [35m[1mConsolidate compiler generated dependencies of target smartphone[0m
[0.916s] [35m[1mConsolidate compiler generated dependencies of target cpp_node[0m
[0.917s] [35m[1mConsolidate compiler generated dependencies of target number_publisher[0m
[0.917s] [35m[1mConsolidate compiler generated dependencies of target add_two_ints_server[0m
[0.917s] [35m[1mConsolidate compiler generated dependencies of target add_two_ints_client[0m
[0.917s] [35m[1mConsolidate compiler generated dependencies of target robot_news_station[0m
[0.923s] [35m[1mConsolidate compiler generated dependencies of target number_counter[0m
[0.938s] [  5%] [32mBuilding CXX object CMakeFiles/battery.dir/src/battery.cpp.o[0m
[0.939s] [ 10%] [32mBuilding CXX object CMakeFiles/hardware_status_publisher.dir/src/hw_status_publisher.cpp.o[0m
[0.942s] [ 15%] [32mBuilding CXX object CMakeFiles/led_panel.dir/src/led_panel.cpp.o[0m
[0.947s] [ 20%] [32mBuilding CXX object CMakeFiles/smartphone.dir/src/smartphone.cpp.o[0m
[0.951s] [ 25%] [32mBuilding CXX object CMakeFiles/robot_news_station.dir/src/robot_news_station.cpp.o[0m
[0.954s] [ 30%] [32mBuilding CXX object CMakeFiles/number_publisher.dir/src/number_publisher.cpp.o[0m
[0.956s] [ 35%] [32mBuilding CXX object CMakeFiles/cpp_node.dir/src/my_first_node.cpp.o[0m
[0.956s] [ 40%] [32mBuilding CXX object CMakeFiles/number_counter.dir/src/number_counter.cpp.o[0m
[0.961s] [ 45%] [32mBuilding CXX object CMakeFiles/add_two_ints_server.dir/src/add_two_ints_server.cpp.o[0m
[0.967s] [ 50%] [32mBuilding CXX object CMakeFiles/add_two_ints_client.dir/src/add_two_ints_client.cpp.o[0m
[1.542s] [01m[K/home/feyzieren/ros2_ws/src/my_cpp_pkg/src/battery.cpp:2:10:[m[K [01;31m[Kfatal error: [m[Kmy_robot_interfaces/srv/set_led.hpp: No such file or directory
[1.542s]     2 | #include [01;31m[K"my_robot_interfaces/srv/set_led.hpp"[m[K
[1.542s]       |          [01;31m[K^~~~~~~~~~~~~~~~~~~~~~~~~~~~~~~~~~~~~[m[K
[1.542s] compilation terminated.
[1.543s] [01m[K/home/feyzieren/ros2_ws/src/my_cpp_pkg/src/led_panel.cpp:2:10:[m[K [01;31m[Kfatal error: [m[Kmy_robot_interfaces/msg/led_state_array.hpp: No such file or directory
[1.543s]     2 | #include [01;31m[K"my_robot_interfaces/msg/led_state_array.hpp"[m[K
[1.543s]       |          [01;31m[K^~~~~~~~~~~~~~~~~~~~~~~~~~~~~~~~~~~~~~~~~~~~~[m[K
[1.543s] compilation terminated.
[1.549s] gmake[2]: *** [CMakeFiles/led_panel.dir/build.make:76: CMakeFiles/led_panel.dir/src/led_panel.cpp.o] Error 1
[1.549s] gmake[2]: *** [CMakeFiles/battery.dir/build.make:76: CMakeFiles/battery.dir/src/battery.cpp.o] Error 1
[1.550s] gmake[1]: *** [CMakeFiles/Makefile2:389: CMakeFiles/battery.dir/all] Error 2
[1.550s] gmake[1]: *** Waiting for unfinished jobs....
[1.550s] gmake[1]: *** [CMakeFiles/Makefile2:363: CMakeFiles/led_panel.dir/all] Error 2
[7.362s] [ 55%] [32m[1mLinking CXX executable cpp_node[0m
[7.663s] [ 55%] Built target cpp_node
[7.881s] [ 60%] [32m[1mLinking CXX executable add_two_ints_server[0m
[8.207s] [ 60%] Built target add_two_ints_server
[8.686s] [ 65%] [32m[1mLinking CXX executable add_two_ints_client[0m
[8.946s] [ 65%] Built target add_two_ints_client
[9.175s] [ 70%] [32m[1mLinking CXX executable hardware_status_publisher[0m
[9.280s] [ 75%] [32m[1mLinking CXX executable robot_news_station[0m
[9.563s] [ 75%] Built target hardware_status_publisher
[9.713s] [ 75%] Built target robot_news_station
[9.972s] [ 80%] [32m[1mLinking CXX executable number_publisher[0m
[10.348s] [ 80%] Built target number_publisher
[13.987s] [ 85%] [32m[1mLinking CXX executable smartphone[0m
[14.457s] [ 85%] Built target smartphone
[15.252s] [ 90%] [32m[1mLinking CXX executable number_counter[0m
[15.838s] [ 90%] Built target number_counter
[15.840s] gmake: *** [Makefile:146: all] Error 2
[15.843s] Invoked command in '/home/feyzieren/ros2_ws/build/my_cpp_pkg' returned '2': CMAKE_PREFIX_PATH=${CMAKE_PREFIX_PATH}:/home/feyzieren/ros2_ws/install/my_py_pkg:/opt/ros/humble /usr/bin/cmake --build /home/feyzieren/ros2_ws/build/my_cpp_pkg -- -j12 -l12
