[0.798s] Invoking command in '/home/feyzieren/ros2_ws/src/my_py_pkg': PYTHONPATH=/home/feyzieren/ros2_ws/src/build/my_py_pkg/prefix_override:/usr/lib/python3/dist-packages/colcon_core/task/python/colcon_distutils_commands:/home/feyzieren/ros2_ws/src/install/my_py_pkg/lib/python3.10/site-packages:${PYTHONPATH} /usr/bin/python3 -W ignore:setup.py install is deprecated setup.py egg_info --egg-base ../build/my_py_pkg build --build-base /home/feyzieren/ros2_ws/src/build/my_py_pkg/build install --record /home/feyzieren/ros2_ws/src/build/my_py_pkg/install.log --single-version-externally-managed install_data
[1.072s] running egg_info
[1.072s] creating ../build/my_py_pkg/my_py_pkg.egg-info
[1.072s] writing ../build/my_py_pkg/my_py_pkg.egg-info/PKG-INFO
[1.073s] writing dependency_links to ../build/my_py_pkg/my_py_pkg.egg-info/dependency_links.txt
[1.073s] writing entry points to ../build/my_py_pkg/my_py_pkg.egg-info/entry_points.txt
[1.073s] writing requirements to ../build/my_py_pkg/my_py_pkg.egg-info/requires.txt
[1.073s] writing top-level names to ../build/my_py_pkg/my_py_pkg.egg-info/top_level.txt
[1.073s] writing manifest file '../build/my_py_pkg/my_py_pkg.egg-info/SOURCES.txt'
[1.075s] reading manifest file '../build/my_py_pkg/my_py_pkg.egg-info/SOURCES.txt'
[1.075s] writing manifest file '../build/my_py_pkg/my_py_pkg.egg-info/SOURCES.txt'
[1.076s] running build
[1.076s] running build_py
[1.076s] creating /home/feyzieren/ros2_ws/src/build/my_py_pkg/build
[1.076s] creating /home/feyzieren/ros2_ws/src/build/my_py_pkg/build/lib
[1.076s] creating /home/feyzieren/ros2_ws/src/build/my_py_pkg/build/lib/my_py_pkg
[1.076s] copying my_py_pkg/__init__.py -> /home/feyzieren/ros2_ws/src/build/my_py_pkg/build/lib/my_py_pkg
[1.077s] running install
[1.077s] running install_lib
[1.077s] creating /home/feyzieren/ros2_ws/src/install/my_py_pkg/lib/python3.10/site-packages/my_py_pkg
[1.078s] copying /home/feyzieren/ros2_ws/src/build/my_py_pkg/build/lib/my_py_pkg/__init__.py -> /home/feyzieren/ros2_ws/src/install/my_py_pkg/lib/python3.10/site-packages/my_py_pkg
[1.078s] byte-compiling /home/feyzieren/ros2_ws/src/install/my_py_pkg/lib/python3.10/site-packages/my_py_pkg/__init__.py to __init__.cpython-310.pyc
[1.078s] running install_data
[1.079s] creating /home/feyzieren/ros2_ws/src/install/my_py_pkg/share/ament_index
[1.079s] creating /home/feyzieren/ros2_ws/src/install/my_py_pkg/share/ament_index/resource_index
[1.079s] creating /home/feyzieren/ros2_ws/src/install/my_py_pkg/share/ament_index/resource_index/packages
[1.080s] copying resource/my_py_pkg -> /home/feyzieren/ros2_ws/src/install/my_py_pkg/share/ament_index/resource_index/packages
[1.080s] copying package.xml -> /home/feyzieren/ros2_ws/src/install/my_py_pkg/share/my_py_pkg
[1.080s] running install_egg_info
[1.081s] Copying ../build/my_py_pkg/my_py_pkg.egg-info to /home/feyzieren/ros2_ws/src/install/my_py_pkg/lib/python3.10/site-packages/my_py_pkg-0.0.0-py3.10.egg-info
[1.082s] running install_scripts
[1.106s] writing list of installed files to '/home/feyzieren/ros2_ws/src/build/my_py_pkg/install.log'
[1.140s] Invoked command in '/home/feyzieren/ros2_ws/src/my_py_pkg' returned '0': PYTHONPATH=/home/feyzieren/ros2_ws/src/build/my_py_pkg/prefix_override:/usr/lib/python3/dist-packages/colcon_core/task/python/colcon_distutils_commands:/home/feyzieren/ros2_ws/src/install/my_py_pkg/lib/python3.10/site-packages:${PYTHONPATH} /usr/bin/python3 -W ignore:setup.py install is deprecated setup.py egg_info --egg-base ../build/my_py_pkg build --build-base /home/feyzieren/ros2_ws/src/build/my_py_pkg/build install --record /home/feyzieren/ros2_ws/src/build/my_py_pkg/install.log --single-version-externally-managed install_data
