[0.019s] Invoking command in '/home/feyzieren/ros2_ws/build/my_robot_interfaces': CMAKE_PREFIX_PATH=${CMAKE_PREFIX_PATH}:/home/feyzieren/ros2_ws/install/my_py_pkg:/opt/ros/humble /usr/bin/cmake --build /home/feyzieren/ros2_ws/build/my_robot_interfaces -- -j12 -l12
[0.117s] [  3%] Built target my_robot_interfaces__cpp
[0.119s] [ 12%] Built target my_robot_interfaces__rosidl_generator_c
[0.143s] [ 12%] Built target ament_cmake_python_copy_my_robot_interfaces
[0.160s] [ 32%] Built target my_robot_interfaces__rosidl_typesupport_c
[0.161s] [ 32%] Built target my_robot_interfaces__rosidl_typesupport_fastrtps_cpp
[0.161s] [ 45%] Built target my_robot_interfaces__rosidl_typesupport_introspection_c
[0.161s] [ 51%] Built target my_robot_interfaces__rosidl_typesupport_cpp
[0.161s] [ 61%] Built target my_robot_interfaces__rosidl_typesupport_fastrtps_c
[0.163s] [ 70%] Built target my_robot_interfaces__rosidl_typesupport_introspection_cpp
[0.194s] [ 70%] Built target my_robot_interfaces
[0.225s] [ 74%] Built target my_robot_interfaces__py
[0.257s] [ 80%] Built target my_robot_interfaces__rosidl_generator_py
[0.296s] [ 93%] Built target my_robot_interfaces__rosidl_typesupport_introspection_c__pyext
[0.296s] [ 93%] Built target my_robot_interfaces__rosidl_typesupport_fastrtps_c__pyext
[0.297s] [100%] Built target my_robot_interfaces__rosidl_typesupport_c__pyext
[0.489s] running egg_info
[0.491s] writing my_robot_interfaces.egg-info/PKG-INFO
[0.491s] writing dependency_links to my_robot_interfaces.egg-info/dependency_links.txt
[0.491s] writing top-level names to my_robot_interfaces.egg-info/top_level.txt
[0.494s] reading manifest file 'my_robot_interfaces.egg-info/SOURCES.txt'
[0.495s] writing manifest file 'my_robot_interfaces.egg-info/SOURCES.txt'
[0.537s] [100%] Built target ament_cmake_python_build_my_robot_interfaces_egg
[0.563s] Invoked command in '/home/feyzieren/ros2_ws/build/my_robot_interfaces' returned '0': CMAKE_PREFIX_PATH=${CMAKE_PREFIX_PATH}:/home/feyzieren/ros2_ws/install/my_py_pkg:/opt/ros/humble /usr/bin/cmake --build /home/feyzieren/ros2_ws/build/my_robot_interfaces -- -j12 -l12
[0.675s] Invoking command in '/home/feyzieren/ros2_ws/build/my_robot_interfaces': CMAKE_PREFIX_PATH=${CMAKE_PREFIX_PATH}:/home/feyzieren/ros2_ws/install/my_py_pkg:/opt/ros/humble /usr/bin/cmake --install /home/feyzieren/ros2_ws/build/my_robot_interfaces
[0.685s] -- Install configuration: ""
[0.686s] -- Up-to-date: /home/feyzieren/ros2_ws/install/my_robot_interfaces/share/ament_index/resource_index/rosidl_interfaces/my_robot_interfaces
[0.686s] -- Up-to-date: /home/feyzieren/ros2_ws/install/my_robot_interfaces/include/my_robot_interfaces/my_robot_interfaces
[0.686s] -- Up-to-date: /home/feyzieren/ros2_ws/install/my_robot_interfaces/include/my_robot_interfaces/my_robot_interfaces/msg
[0.686s] -- Up-to-date: /home/feyzieren/ros2_ws/install/my_robot_interfaces/include/my_robot_interfaces/my_robot_interfaces/msg/rosidl_generator_c__visibility_control.h
[0.686s] -- Up-to-date: /home/feyzieren/ros2_ws/install/my_robot_interfaces/include/my_robot_interfaces/my_robot_interfaces/msg/hardware_status.h
[0.686s] -- Up-to-date: /home/feyzieren/ros2_ws/install/my_robot_interfaces/include/my_robot_interfaces/my_robot_interfaces/msg/detail
[0.686s] -- Up-to-date: /home/feyzieren/ros2_ws/install/my_robot_interfaces/include/my_robot_interfaces/my_robot_interfaces/msg/detail/hardware_status__type_support.h
[0.687s] -- Up-to-date: /home/feyzieren/ros2_ws/install/my_robot_interfaces/include/my_robot_interfaces/my_robot_interfaces/msg/detail/hardware_status__functions.h
[0.687s] -- Up-to-date: /home/feyzieren/ros2_ws/install/my_robot_interfaces/include/my_robot_interfaces/my_robot_interfaces/msg/detail/hardware_status__functions.c
[0.687s] -- Up-to-date: /home/feyzieren/ros2_ws/install/my_robot_interfaces/include/my_robot_interfaces/my_robot_interfaces/msg/detail/hardware_status__struct.h
[0.687s] -- Up-to-date: /home/feyzieren/ros2_ws/install/my_robot_interfaces/share/my_robot_interfaces/environment/library_path.sh
[0.687s] -- Up-to-date: /home/feyzieren/ros2_ws/install/my_robot_interfaces/share/my_robot_interfaces/environment/library_path.dsv
[0.688s] -- Up-to-date: /home/feyzieren/ros2_ws/install/my_robot_interfaces/lib/libmy_robot_interfaces__rosidl_generator_c.so
[0.688s] -- Up-to-date: /home/feyzieren/ros2_ws/install/my_robot_interfaces/include/my_robot_interfaces/my_robot_interfaces
[0.688s] -- Up-to-date: /home/feyzieren/ros2_ws/install/my_robot_interfaces/include/my_robot_interfaces/my_robot_interfaces/msg
[0.688s] -- Up-to-date: /home/feyzieren/ros2_ws/install/my_robot_interfaces/include/my_robot_interfaces/my_robot_interfaces/msg/detail
[0.688s] -- Up-to-date: /home/feyzieren/ros2_ws/install/my_robot_interfaces/include/my_robot_interfaces/my_robot_interfaces/msg/detail/hardware_status__rosidl_typesupport_fastrtps_c.h
[0.688s] -- Up-to-date: /home/feyzieren/ros2_ws/install/my_robot_interfaces/include/my_robot_interfaces/my_robot_interfaces/msg/rosidl_typesupport_fastrtps_c__visibility_control.h
[0.689s] -- Up-to-date: /home/feyzieren/ros2_ws/install/my_robot_interfaces/lib/libmy_robot_interfaces__rosidl_typesupport_fastrtps_c.so
[0.689s] -- Up-to-date: /home/feyzieren/ros2_ws/install/my_robot_interfaces/include/my_robot_interfaces/my_robot_interfaces
[0.690s] -- Up-to-date: /home/feyzieren/ros2_ws/install/my_robot_interfaces/include/my_robot_interfaces/my_robot_interfaces/msg
[0.690s] -- Up-to-date: /home/feyzieren/ros2_ws/install/my_robot_interfaces/include/my_robot_interfaces/my_robot_interfaces/msg/rosidl_typesupport_introspection_c__visibility_control.h
[0.691s] -- Up-to-date: /home/feyzieren/ros2_ws/install/my_robot_interfaces/include/my_robot_interfaces/my_robot_interfaces/msg/detail
[0.691s] -- Up-to-date: /home/feyzieren/ros2_ws/install/my_robot_interfaces/include/my_robot_interfaces/my_robot_interfaces/msg/detail/hardware_status__rosidl_typesupport_introspection_c.h
[0.692s] -- Up-to-date: /home/feyzieren/ros2_ws/install/my_robot_interfaces/include/my_robot_interfaces/my_robot_interfaces/msg/detail/hardware_status__type_support.c
[0.692s] -- Up-to-date: /home/feyzieren/ros2_ws/install/my_robot_interfaces/lib/libmy_robot_interfaces__rosidl_typesupport_introspection_c.so
[0.693s] -- Up-to-date: /home/feyzieren/ros2_ws/install/my_robot_interfaces/lib/libmy_robot_interfaces__rosidl_typesupport_c.so
[0.693s] -- Up-to-date: /home/feyzieren/ros2_ws/install/my_robot_interfaces/include/my_robot_interfaces/my_robot_interfaces
[0.693s] -- Up-to-date: /home/feyzieren/ros2_ws/install/my_robot_interfaces/include/my_robot_interfaces/my_robot_interfaces/msg
[0.693s] -- Up-to-date: /home/feyzieren/ros2_ws/install/my_robot_interfaces/include/my_robot_interfaces/my_robot_interfaces/msg/hardware_status.hpp
[0.693s] -- Up-to-date: /home/feyzieren/ros2_ws/install/my_robot_interfaces/include/my_robot_interfaces/my_robot_interfaces/msg/detail
[0.694s] -- Up-to-date: /home/feyzieren/ros2_ws/install/my_robot_interfaces/include/my_robot_interfaces/my_robot_interfaces/msg/detail/hardware_status__traits.hpp
[0.694s] -- Up-to-date: /home/feyzieren/ros2_ws/install/my_robot_interfaces/include/my_robot_interfaces/my_robot_interfaces/msg/detail/hardware_status__builder.hpp
[0.694s] -- Up-to-date: /home/feyzieren/ros2_ws/install/my_robot_interfaces/include/my_robot_interfaces/my_robot_interfaces/msg/detail/hardware_status__struct.hpp
[0.694s] -- Up-to-date: /home/feyzieren/ros2_ws/install/my_robot_interfaces/include/my_robot_interfaces/my_robot_interfaces
[0.694s] -- Up-to-date: /home/feyzieren/ros2_ws/install/my_robot_interfaces/include/my_robot_interfaces/my_robot_interfaces/msg
[0.694s] -- Up-to-date: /home/feyzieren/ros2_ws/install/my_robot_interfaces/include/my_robot_interfaces/my_robot_interfaces/msg/rosidl_typesupport_fastrtps_cpp__visibility_control.h
[0.694s] -- Up-to-date: /home/feyzieren/ros2_ws/install/my_robot_interfaces/include/my_robot_interfaces/my_robot_interfaces/msg/detail
[0.694s] -- Up-to-date: /home/feyzieren/ros2_ws/install/my_robot_interfaces/include/my_robot_interfaces/my_robot_interfaces/msg/detail/dds_fastrtps
[0.694s] -- Up-to-date: /home/feyzieren/ros2_ws/install/my_robot_interfaces/include/my_robot_interfaces/my_robot_interfaces/msg/detail/hardware_status__rosidl_typesupport_fastrtps_cpp.hpp
[0.695s] -- Up-to-date: /home/feyzieren/ros2_ws/install/my_robot_interfaces/lib/libmy_robot_interfaces__rosidl_typesupport_fastrtps_cpp.so
[0.695s] -- Up-to-date: /home/feyzieren/ros2_ws/install/my_robot_interfaces/include/my_robot_interfaces/my_robot_interfaces
[0.695s] -- Up-to-date: /home/feyzieren/ros2_ws/install/my_robot_interfaces/include/my_robot_interfaces/my_robot_interfaces/msg
[0.695s] -- Up-to-date: /home/feyzieren/ros2_ws/install/my_robot_interfaces/include/my_robot_interfaces/my_robot_interfaces/msg/detail
[0.695s] -- Up-to-date: /home/feyzieren/ros2_ws/install/my_robot_interfaces/include/my_robot_interfaces/my_robot_interfaces/msg/detail/hardware_status__type_support.cpp
[0.695s] -- Up-to-date: /home/feyzieren/ros2_ws/install/my_robot_interfaces/include/my_robot_interfaces/my_robot_interfaces/msg/detail/hardware_status__rosidl_typesupport_introspection_cpp.hpp
[0.695s] -- Up-to-date: /home/feyzieren/ros2_ws/install/my_robot_interfaces/lib/libmy_robot_interfaces__rosidl_typesupport_introspection_cpp.so
[0.695s] -- Up-to-date: /home/feyzieren/ros2_ws/install/my_robot_interfaces/lib/libmy_robot_interfaces__rosidl_typesupport_cpp.so
[0.696s] -- Up-to-date: /home/feyzieren/ros2_ws/install/my_robot_interfaces/share/my_robot_interfaces/environment/pythonpath.sh
[0.696s] -- Up-to-date: /home/feyzieren/ros2_ws/install/my_robot_interfaces/share/my_robot_interfaces/environment/pythonpath.dsv
[0.696s] -- Up-to-date: /home/feyzieren/ros2_ws/install/my_robot_interfaces/local/lib/python3.10/dist-packages/my_robot_interfaces-0.0.0-py3.10.egg-info
[0.696s] -- Installing: /home/feyzieren/ros2_ws/install/my_robot_interfaces/local/lib/python3.10/dist-packages/my_robot_interfaces-0.0.0-py3.10.egg-info/dependency_links.txt
[0.696s] -- Installing: /home/feyzieren/ros2_ws/install/my_robot_interfaces/local/lib/python3.10/dist-packages/my_robot_interfaces-0.0.0-py3.10.egg-info/SOURCES.txt
[0.696s] -- Installing: /home/feyzieren/ros2_ws/install/my_robot_interfaces/local/lib/python3.10/dist-packages/my_robot_interfaces-0.0.0-py3.10.egg-info/top_level.txt
[0.696s] -- Installing: /home/feyzieren/ros2_ws/install/my_robot_interfaces/local/lib/python3.10/dist-packages/my_robot_interfaces-0.0.0-py3.10.egg-info/PKG-INFO
[0.696s] -- Up-to-date: /home/feyzieren/ros2_ws/install/my_robot_interfaces/local/lib/python3.10/dist-packages/my_robot_interfaces
[0.696s] -- Up-to-date: /home/feyzieren/ros2_ws/install/my_robot_interfaces/local/lib/python3.10/dist-packages/my_robot_interfaces/libmy_robot_interfaces__rosidl_generator_py.so
[0.696s] -- Up-to-date: /home/feyzieren/ros2_ws/install/my_robot_interfaces/local/lib/python3.10/dist-packages/my_robot_interfaces/_my_robot_interfaces_s.ep.rosidl_typesupport_fastrtps_c.c
[0.696s] -- Up-to-date: /home/feyzieren/ros2_ws/install/my_robot_interfaces/local/lib/python3.10/dist-packages/my_robot_interfaces/my_robot_interfaces_s__rosidl_typesupport_fastrtps_c.cpython-310-x86_64-linux-gnu.so
[0.696s] -- Up-to-date: /home/feyzieren/ros2_ws/install/my_robot_interfaces/local/lib/python3.10/dist-packages/my_robot_interfaces/my_robot_interfaces_s__rosidl_typesupport_c.cpython-310-x86_64-linux-gnu.so
[0.697s] -- Up-to-date: /home/feyzieren/ros2_ws/install/my_robot_interfaces/local/lib/python3.10/dist-packages/my_robot_interfaces/_my_robot_interfaces_s.ep.rosidl_typesupport_introspection_c.c
[0.697s] -- Up-to-date: /home/feyzieren/ros2_ws/install/my_robot_interfaces/local/lib/python3.10/dist-packages/my_robot_interfaces/__init__.py
[0.697s] -- Up-to-date: /home/feyzieren/ros2_ws/install/my_robot_interfaces/local/lib/python3.10/dist-packages/my_robot_interfaces/my_robot_interfaces_s__rosidl_typesupport_introspection_c.cpython-310-x86_64-linux-gnu.so
[0.697s] -- Up-to-date: /home/feyzieren/ros2_ws/install/my_robot_interfaces/local/lib/python3.10/dist-packages/my_robot_interfaces/_my_robot_interfaces_s.ep.rosidl_typesupport_c.c
[0.697s] -- Up-to-date: /home/feyzieren/ros2_ws/install/my_robot_interfaces/local/lib/python3.10/dist-packages/my_robot_interfaces/msg
[0.697s] -- Up-to-date: /home/feyzieren/ros2_ws/install/my_robot_interfaces/local/lib/python3.10/dist-packages/my_robot_interfaces/msg/_hardware_status_s.c
[0.697s] -- Up-to-date: /home/feyzieren/ros2_ws/install/my_robot_interfaces/local/lib/python3.10/dist-packages/my_robot_interfaces/msg/_hardware_status.py
[0.697s] -- Up-to-date: /home/feyzieren/ros2_ws/install/my_robot_interfaces/local/lib/python3.10/dist-packages/my_robot_interfaces/msg/__init__.py
[0.733s] Listing '/home/feyzieren/ros2_ws/install/my_robot_interfaces/local/lib/python3.10/dist-packages/my_robot_interfaces'...
[0.733s] Listing '/home/feyzieren/ros2_ws/install/my_robot_interfaces/local/lib/python3.10/dist-packages/my_robot_interfaces/msg'...
[0.738s] -- Up-to-date: /home/feyzieren/ros2_ws/install/my_robot_interfaces/local/lib/python3.10/dist-packages/my_robot_interfaces/my_robot_interfaces_s__rosidl_typesupport_fastrtps_c.cpython-310-x86_64-linux-gnu.so
[0.739s] -- Up-to-date: /home/feyzieren/ros2_ws/install/my_robot_interfaces/local/lib/python3.10/dist-packages/my_robot_interfaces/my_robot_interfaces_s__rosidl_typesupport_introspection_c.cpython-310-x86_64-linux-gnu.so
[0.739s] -- Up-to-date: /home/feyzieren/ros2_ws/install/my_robot_interfaces/local/lib/python3.10/dist-packages/my_robot_interfaces/my_robot_interfaces_s__rosidl_typesupport_c.cpython-310-x86_64-linux-gnu.so
[0.739s] -- Up-to-date: /home/feyzieren/ros2_ws/install/my_robot_interfaces/lib/libmy_robot_interfaces__rosidl_generator_py.so
[0.740s] -- Up-to-date: /home/feyzieren/ros2_ws/install/my_robot_interfaces/share/my_robot_interfaces/msg/HardwareStatus.idl
[0.740s] -- Up-to-date: /home/feyzieren/ros2_ws/install/my_robot_interfaces/share/my_robot_interfaces/msg/HardwareStatus.msg
[0.741s] -- Up-to-date: /home/feyzieren/ros2_ws/install/my_robot_interfaces/share/ament_index/resource_index/package_run_dependencies/my_robot_interfaces
[0.741s] -- Up-to-date: /home/feyzieren/ros2_ws/install/my_robot_interfaces/share/ament_index/resource_index/parent_prefix_path/my_robot_interfaces
[0.741s] -- Up-to-date: /home/feyzieren/ros2_ws/install/my_robot_interfaces/share/my_robot_interfaces/environment/ament_prefix_path.sh
[0.742s] -- Up-to-date: /home/feyzieren/ros2_ws/install/my_robot_interfaces/share/my_robot_interfaces/environment/ament_prefix_path.dsv
[0.742s] -- Up-to-date: /home/feyzieren/ros2_ws/install/my_robot_interfaces/share/my_robot_interfaces/environment/path.sh
[0.742s] -- Up-to-date: /home/feyzieren/ros2_ws/install/my_robot_interfaces/share/my_robot_interfaces/environment/path.dsv
[0.743s] -- Up-to-date: /home/feyzieren/ros2_ws/install/my_robot_interfaces/share/my_robot_interfaces/local_setup.bash
[0.743s] -- Up-to-date: /home/feyzieren/ros2_ws/install/my_robot_interfaces/share/my_robot_interfaces/local_setup.sh
[0.743s] -- Up-to-date: /home/feyzieren/ros2_ws/install/my_robot_interfaces/share/my_robot_interfaces/local_setup.zsh
[0.743s] -- Up-to-date: /home/feyzieren/ros2_ws/install/my_robot_interfaces/share/my_robot_interfaces/local_setup.dsv
[0.744s] -- Up-to-date: /home/feyzieren/ros2_ws/install/my_robot_interfaces/share/my_robot_interfaces/package.dsv
[0.744s] -- Up-to-date: /home/feyzieren/ros2_ws/install/my_robot_interfaces/share/ament_index/resource_index/packages/my_robot_interfaces
[0.744s] -- Up-to-date: /home/feyzieren/ros2_ws/install/my_robot_interfaces/share/my_robot_interfaces/cmake/export_my_robot_interfaces__rosidl_generator_cExport.cmake
[0.744s] -- Up-to-date: /home/feyzieren/ros2_ws/install/my_robot_interfaces/share/my_robot_interfaces/cmake/export_my_robot_interfaces__rosidl_generator_cExport-noconfig.cmake
[0.745s] -- Up-to-date: /home/feyzieren/ros2_ws/install/my_robot_interfaces/share/my_robot_interfaces/cmake/export_my_robot_interfaces__rosidl_typesupport_fastrtps_cExport.cmake
[0.745s] -- Up-to-date: /home/feyzieren/ros2_ws/install/my_robot_interfaces/share/my_robot_interfaces/cmake/export_my_robot_interfaces__rosidl_typesupport_fastrtps_cExport-noconfig.cmake
[0.745s] -- Up-to-date: /home/feyzieren/ros2_ws/install/my_robot_interfaces/share/my_robot_interfaces/cmake/my_robot_interfaces__rosidl_typesupport_introspection_cExport.cmake
[0.745s] -- Up-to-date: /home/feyzieren/ros2_ws/install/my_robot_interfaces/share/my_robot_interfaces/cmake/my_robot_interfaces__rosidl_typesupport_introspection_cExport-noconfig.cmake
[0.745s] -- Up-to-date: /home/feyzieren/ros2_ws/install/my_robot_interfaces/share/my_robot_interfaces/cmake/my_robot_interfaces__rosidl_typesupport_cExport.cmake
[0.746s] -- Up-to-date: /home/feyzieren/ros2_ws/install/my_robot_interfaces/share/my_robot_interfaces/cmake/my_robot_interfaces__rosidl_typesupport_cExport-noconfig.cmake
[0.746s] -- Up-to-date: /home/feyzieren/ros2_ws/install/my_robot_interfaces/share/my_robot_interfaces/cmake/export_my_robot_interfaces__rosidl_generator_cppExport.cmake
[0.747s] -- Up-to-date: /home/feyzieren/ros2_ws/install/my_robot_interfaces/share/my_robot_interfaces/cmake/export_my_robot_interfaces__rosidl_typesupport_fastrtps_cppExport.cmake
[0.748s] -- Up-to-date: /home/feyzieren/ros2_ws/install/my_robot_interfaces/share/my_robot_interfaces/cmake/export_my_robot_interfaces__rosidl_typesupport_fastrtps_cppExport-noconfig.cmake
[0.748s] -- Up-to-date: /home/feyzieren/ros2_ws/install/my_robot_interfaces/share/my_robot_interfaces/cmake/my_robot_interfaces__rosidl_typesupport_introspection_cppExport.cmake
[0.748s] -- Up-to-date: /home/feyzieren/ros2_ws/install/my_robot_interfaces/share/my_robot_interfaces/cmake/my_robot_interfaces__rosidl_typesupport_introspection_cppExport-noconfig.cmake
[0.748s] -- Up-to-date: /home/feyzieren/ros2_ws/install/my_robot_interfaces/share/my_robot_interfaces/cmake/my_robot_interfaces__rosidl_typesupport_cppExport.cmake
[0.748s] -- Up-to-date: /home/feyzieren/ros2_ws/install/my_robot_interfaces/share/my_robot_interfaces/cmake/my_robot_interfaces__rosidl_typesupport_cppExport-noconfig.cmake
[0.748s] -- Up-to-date: /home/feyzieren/ros2_ws/install/my_robot_interfaces/share/my_robot_interfaces/cmake/export_my_robot_interfaces__rosidl_generator_pyExport.cmake
[0.748s] -- Up-to-date: /home/feyzieren/ros2_ws/install/my_robot_interfaces/share/my_robot_interfaces/cmake/export_my_robot_interfaces__rosidl_generator_pyExport-noconfig.cmake
[0.749s] -- Up-to-date: /home/feyzieren/ros2_ws/install/my_robot_interfaces/share/my_robot_interfaces/cmake/rosidl_cmake-extras.cmake
[0.749s] -- Up-to-date: /home/feyzieren/ros2_ws/install/my_robot_interfaces/share/my_robot_interfaces/cmake/ament_cmake_export_include_directories-extras.cmake
[0.749s] -- Up-to-date: /home/feyzieren/ros2_ws/install/my_robot_interfaces/share/my_robot_interfaces/cmake/ament_cmake_export_libraries-extras.cmake
[0.749s] -- Up-to-date: /home/feyzieren/ros2_ws/install/my_robot_interfaces/share/my_robot_interfaces/cmake/ament_cmake_export_targets-extras.cmake
[0.749s] -- Up-to-date: /home/feyzieren/ros2_ws/install/my_robot_interfaces/share/my_robot_interfaces/cmake/rosidl_cmake_export_typesupport_targets-extras.cmake
[0.749s] -- Up-to-date: /home/feyzieren/ros2_ws/install/my_robot_interfaces/share/my_robot_interfaces/cmake/ament_cmake_export_dependencies-extras.cmake
[0.749s] -- Up-to-date: /home/feyzieren/ros2_ws/install/my_robot_interfaces/share/my_robot_interfaces/cmake/rosidl_cmake_export_typesupport_libraries-extras.cmake
[0.749s] -- Up-to-date: /home/feyzieren/ros2_ws/install/my_robot_interfaces/share/my_robot_interfaces/cmake/my_robot_interfacesConfig.cmake
[0.749s] -- Up-to-date: /home/feyzieren/ros2_ws/install/my_robot_interfaces/share/my_robot_interfaces/cmake/my_robot_interfacesConfig-version.cmake
[0.750s] -- Up-to-date: /home/feyzieren/ros2_ws/install/my_robot_interfaces/share/my_robot_interfaces/package.xml
[0.750s] Invoked command in '/home/feyzieren/ros2_ws/build/my_robot_interfaces' returned '0': CMAKE_PREFIX_PATH=${CMAKE_PREFIX_PATH}:/home/feyzieren/ros2_ws/install/my_py_pkg:/opt/ros/humble /usr/bin/cmake --install /home/feyzieren/ros2_ws/build/my_robot_interfaces
