[0.120s] DEBUG:colcon:Command line arguments: ['/usr/bin/colcon', 'build', '--allow-overriding', 'my_robot_interfaces']
[0.120s] DEBUG:colcon:Parsed command line arguments: Namespace(log_base=None, log_level=None, verb_name='build', build_base='build', install_base='install', merge_install=False, symlink_install=False, test_result_base=None, continue_on_error=False, executor='parallel', parallel_workers=12, event_handlers=None, ignore_user_meta=False, metas=['./colcon.meta'], base_paths=['.'], packages_ignore=None, packages_ignore_regex=None, paths=None, packages_up_to=None, packages_up_to_regex=None, packages_above=None, packages_above_and_dependencies=None, packages_above_depth=None, packages_select_by_dep=None, packages_skip_by_dep=None, packages_skip_up_to=None, packages_select_build_failed=False, packages_skip_build_finished=False, packages_select_test_failures=False, packages_skip_test_passed=False, packages_select=None, packages_skip=None, packages_select_regex=None, packages_skip_regex=None, packages_start=None, packages_end=None, allow_overriding=['my_robot_interfaces'], cmake_args=None, cmake_target=None, cmake_target_skip_unavailable=False, cmake_clean_cache=False, cmake_clean_first=False, cmake_force_configure=False, ament_cmake_args=None, catkin_cmake_args=None, catkin_skip_building_tests=False, mixin_files=None, mixin=None, verb_parser=<colcon_mixin.mixin.mixin_argument.MixinArgumentDecorator object at 0x71bc2d22a9b0>, verb_extension=<colcon_core.verb.build.BuildVerb object at 0x71bc2d317880>, main=<bound method BuildVerb.main of <colcon_core.verb.build.BuildVerb object at 0x71bc2d317880>>, mixin_verb=('build',))
[0.315s] Level 1:colcon.colcon_core.package_discovery:discover_packages(colcon_meta) check parameters
[0.315s] Level 1:colcon.colcon_core.package_discovery:discover_packages(recursive) check parameters
[0.316s] Level 1:colcon.colcon_core.package_discovery:discover_packages(ignore) check parameters
[0.316s] Level 1:colcon.colcon_core.package_discovery:discover_packages(path) check parameters
[0.316s] Level 1:colcon.colcon_core.package_discovery:discover_packages(colcon_meta) discover
[0.316s] Level 1:colcon.colcon_core.package_discovery:discover_packages(recursive) discover
[0.316s] INFO:colcon.colcon_core.package_discovery:Crawling recursively for packages in '/home/feyzieren/ros2_ws'
[0.316s] Level 1:colcon.colcon_core.package_identification:_identify(.) by extensions ['ignore', 'ignore_ament_install']
[0.316s] Level 1:colcon.colcon_core.package_identification:_identify(.) by extension 'ignore'
[0.316s] Level 1:colcon.colcon_core.package_identification:_identify(.) by extension 'ignore_ament_install'
[0.316s] Level 1:colcon.colcon_core.package_identification:_identify(.) by extensions ['colcon_pkg']
[0.316s] Level 1:colcon.colcon_core.package_identification:_identify(.) by extension 'colcon_pkg'
[0.316s] Level 1:colcon.colcon_core.package_identification:_identify(.) by extensions ['colcon_meta']
[0.316s] Level 1:colcon.colcon_core.package_identification:_identify(.) by extension 'colcon_meta'
[0.316s] Level 1:colcon.colcon_core.package_identification:_identify(.) by extensions ['ros']
[0.316s] Level 1:colcon.colcon_core.package_identification:_identify(.) by extension 'ros'
[0.328s] Level 1:colcon.colcon_core.package_identification:_identify(.) by extensions ['cmake', 'python']
[0.328s] Level 1:colcon.colcon_core.package_identification:_identify(.) by extension 'cmake'
[0.328s] Level 1:colcon.colcon_core.package_identification:_identify(.) by extension 'python'
[0.328s] Level 1:colcon.colcon_core.package_identification:_identify(.) by extensions ['python_setup_py']
[0.328s] Level 1:colcon.colcon_core.package_identification:_identify(.) by extension 'python_setup_py'
[0.328s] Level 1:colcon.colcon_core.package_identification:_identify(build) by extensions ['ignore', 'ignore_ament_install']
[0.329s] Level 1:colcon.colcon_core.package_identification:_identify(build) by extension 'ignore'
[0.329s] Level 1:colcon.colcon_core.package_identification:_identify(build) ignored
[0.329s] Level 1:colcon.colcon_core.package_identification:_identify(install) by extensions ['ignore', 'ignore_ament_install']
[0.329s] Level 1:colcon.colcon_core.package_identification:_identify(install) by extension 'ignore'
[0.329s] Level 1:colcon.colcon_core.package_identification:_identify(install) ignored
[0.329s] Level 1:colcon.colcon_core.package_identification:_identify(log) by extensions ['ignore', 'ignore_ament_install']
[0.329s] Level 1:colcon.colcon_core.package_identification:_identify(log) by extension 'ignore'
[0.329s] Level 1:colcon.colcon_core.package_identification:_identify(log) ignored
[0.329s] Level 1:colcon.colcon_core.package_identification:_identify(src) by extensions ['ignore', 'ignore_ament_install']
[0.329s] Level 1:colcon.colcon_core.package_identification:_identify(src) by extension 'ignore'
[0.330s] Level 1:colcon.colcon_core.package_identification:_identify(src) by extension 'ignore_ament_install'
[0.330s] Level 1:colcon.colcon_core.package_identification:_identify(src) by extensions ['colcon_pkg']
[0.330s] Level 1:colcon.colcon_core.package_identification:_identify(src) by extension 'colcon_pkg'
[0.330s] Level 1:colcon.colcon_core.package_identification:_identify(src) by extensions ['colcon_meta']
[0.330s] Level 1:colcon.colcon_core.package_identification:_identify(src) by extension 'colcon_meta'
[0.330s] Level 1:colcon.colcon_core.package_identification:_identify(src) by extensions ['ros']
[0.330s] Level 1:colcon.colcon_core.package_identification:_identify(src) by extension 'ros'
[0.330s] Level 1:colcon.colcon_core.package_identification:_identify(src) by extensions ['cmake', 'python']
[0.330s] Level 1:colcon.colcon_core.package_identification:_identify(src) by extension 'cmake'
[0.330s] Level 1:colcon.colcon_core.package_identification:_identify(src) by extension 'python'
[0.330s] Level 1:colcon.colcon_core.package_identification:_identify(src) by extensions ['python_setup_py']
[0.330s] Level 1:colcon.colcon_core.package_identification:_identify(src) by extension 'python_setup_py'
[0.330s] Level 1:colcon.colcon_core.package_identification:_identify(src/build) by extensions ['ignore', 'ignore_ament_install']
[0.330s] Level 1:colcon.colcon_core.package_identification:_identify(src/build) by extension 'ignore'
[0.330s] Level 1:colcon.colcon_core.package_identification:_identify(src/build) ignored
[0.331s] Level 1:colcon.colcon_core.package_identification:_identify(src/install) by extensions ['ignore', 'ignore_ament_install']
[0.331s] Level 1:colcon.colcon_core.package_identification:_identify(src/install) by extension 'ignore'
[0.331s] Level 1:colcon.colcon_core.package_identification:_identify(src/install) ignored
[0.331s] Level 1:colcon.colcon_core.package_identification:_identify(src/log) by extensions ['ignore', 'ignore_ament_install']
[0.331s] Level 1:colcon.colcon_core.package_identification:_identify(src/log) by extension 'ignore'
[0.331s] Level 1:colcon.colcon_core.package_identification:_identify(src/log) ignored
[0.331s] Level 1:colcon.colcon_core.package_identification:_identify(src/my_cpp_pkg) by extensions ['ignore', 'ignore_ament_install']
[0.331s] Level 1:colcon.colcon_core.package_identification:_identify(src/my_cpp_pkg) by extension 'ignore'
[0.331s] Level 1:colcon.colcon_core.package_identification:_identify(src/my_cpp_pkg) by extension 'ignore_ament_install'
[0.331s] Level 1:colcon.colcon_core.package_identification:_identify(src/my_cpp_pkg) by extensions ['colcon_pkg']
[0.331s] Level 1:colcon.colcon_core.package_identification:_identify(src/my_cpp_pkg) by extension 'colcon_pkg'
[0.331s] Level 1:colcon.colcon_core.package_identification:_identify(src/my_cpp_pkg) by extensions ['colcon_meta']
[0.331s] Level 1:colcon.colcon_core.package_identification:_identify(src/my_cpp_pkg) by extension 'colcon_meta'
[0.331s] Level 1:colcon.colcon_core.package_identification:_identify(src/my_cpp_pkg) by extensions ['ros']
[0.331s] Level 1:colcon.colcon_core.package_identification:_identify(src/my_cpp_pkg) by extension 'ros'
[0.334s] DEBUG:colcon.colcon_core.package_identification:Package 'src/my_cpp_pkg' with type 'ros.ament_cmake' and name 'my_cpp_pkg'
[0.334s] Level 1:colcon.colcon_core.package_identification:_identify(src/my_py_pkg) by extensions ['ignore', 'ignore_ament_install']
[0.335s] Level 1:colcon.colcon_core.package_identification:_identify(src/my_py_pkg) by extension 'ignore'
[0.335s] Level 1:colcon.colcon_core.package_identification:_identify(src/my_py_pkg) by extension 'ignore_ament_install'
[0.335s] Level 1:colcon.colcon_core.package_identification:_identify(src/my_py_pkg) by extensions ['colcon_pkg']
[0.335s] Level 1:colcon.colcon_core.package_identification:_identify(src/my_py_pkg) by extension 'colcon_pkg'
[0.335s] Level 1:colcon.colcon_core.package_identification:_identify(src/my_py_pkg) by extensions ['colcon_meta']
[0.335s] Level 1:colcon.colcon_core.package_identification:_identify(src/my_py_pkg) by extension 'colcon_meta'
[0.335s] Level 1:colcon.colcon_core.package_identification:_identify(src/my_py_pkg) by extensions ['ros']
[0.335s] Level 1:colcon.colcon_core.package_identification:_identify(src/my_py_pkg) by extension 'ros'
[0.336s] DEBUG:colcon.colcon_core.package_identification:Package 'src/my_py_pkg' with type 'ros.ament_python' and name 'my_py_pkg'
[0.336s] Level 1:colcon.colcon_core.package_identification:_identify(src/my_robot_interfaces) by extensions ['ignore', 'ignore_ament_install']
[0.336s] Level 1:colcon.colcon_core.package_identification:_identify(src/my_robot_interfaces) by extension 'ignore'
[0.336s] Level 1:colcon.colcon_core.package_identification:_identify(src/my_robot_interfaces) by extension 'ignore_ament_install'
[0.336s] Level 1:colcon.colcon_core.package_identification:_identify(src/my_robot_interfaces) by extensions ['colcon_pkg']
[0.336s] Level 1:colcon.colcon_core.package_identification:_identify(src/my_robot_interfaces) by extension 'colcon_pkg'
[0.336s] Level 1:colcon.colcon_core.package_identification:_identify(src/my_robot_interfaces) by extensions ['colcon_meta']
[0.336s] Level 1:colcon.colcon_core.package_identification:_identify(src/my_robot_interfaces) by extension 'colcon_meta'
[0.336s] Level 1:colcon.colcon_core.package_identification:_identify(src/my_robot_interfaces) by extensions ['ros']
[0.336s] Level 1:colcon.colcon_core.package_identification:_identify(src/my_robot_interfaces) by extension 'ros'
[0.337s] DEBUG:colcon.colcon_core.package_identification:Package 'src/my_robot_interfaces' with type 'ros.ament_cmake' and name 'my_robot_interfaces'
[0.337s] Level 1:colcon.colcon_core.package_identification:_identify(src/xbox_controller) by extensions ['ignore', 'ignore_ament_install']
[0.337s] Level 1:colcon.colcon_core.package_identification:_identify(src/xbox_controller) by extension 'ignore'
[0.337s] Level 1:colcon.colcon_core.package_identification:_identify(src/xbox_controller) by extension 'ignore_ament_install'
[0.337s] Level 1:colcon.colcon_core.package_identification:_identify(src/xbox_controller) by extensions ['colcon_pkg']
[0.337s] Level 1:colcon.colcon_core.package_identification:_identify(src/xbox_controller) by extension 'colcon_pkg'
[0.337s] Level 1:colcon.colcon_core.package_identification:_identify(src/xbox_controller) by extensions ['colcon_meta']
[0.337s] Level 1:colcon.colcon_core.package_identification:_identify(src/xbox_controller) by extension 'colcon_meta'
[0.338s] Level 1:colcon.colcon_core.package_identification:_identify(src/xbox_controller) by extensions ['ros']
[0.338s] Level 1:colcon.colcon_core.package_identification:_identify(src/xbox_controller) by extension 'ros'
[0.338s] DEBUG:colcon.colcon_core.package_identification:Package 'src/xbox_controller' with type 'ros.ament_python' and name 'xbox_controller'
[0.338s] Level 1:colcon.colcon_core.package_discovery:discover_packages(recursive) using defaults
[0.338s] Level 1:colcon.colcon_core.package_discovery:discover_packages(ignore) discover
[0.338s] Level 1:colcon.colcon_core.package_discovery:discover_packages(ignore) using defaults
[0.338s] Level 1:colcon.colcon_core.package_discovery:discover_packages(path) discover
[0.338s] Level 1:colcon.colcon_core.package_discovery:discover_packages(path) using defaults
[0.371s] Level 1:colcon.colcon_core.package_discovery:discover_packages(prefix_path) check parameters
[0.372s] Level 1:colcon.colcon_core.package_discovery:discover_packages(prefix_path) discover
[0.373s] DEBUG:colcon.colcon_installed_package_information.package_discovery:Found 4 installed packages in /home/feyzieren/ros2_ws/install
[0.375s] DEBUG:colcon.colcon_installed_package_information.package_discovery:Found 284 installed packages in /opt/ros/humble
[0.377s] Level 1:colcon.colcon_core.package_discovery:discover_packages(prefix_path) using defaults
[0.421s] Level 5:colcon.colcon_core.verb:set package 'my_robot_interfaces' build argument 'cmake_args' from command line to 'None'
[0.421s] Level 5:colcon.colcon_core.verb:set package 'my_robot_interfaces' build argument 'cmake_target' from command line to 'None'
[0.421s] Level 5:colcon.colcon_core.verb:set package 'my_robot_interfaces' build argument 'cmake_target_skip_unavailable' from command line to 'False'
[0.421s] Level 5:colcon.colcon_core.verb:set package 'my_robot_interfaces' build argument 'cmake_clean_cache' from command line to 'False'
[0.421s] Level 5:colcon.colcon_core.verb:set package 'my_robot_interfaces' build argument 'cmake_clean_first' from command line to 'False'
[0.421s] Level 5:colcon.colcon_core.verb:set package 'my_robot_interfaces' build argument 'cmake_force_configure' from command line to 'False'
[0.421s] Level 5:colcon.colcon_core.verb:set package 'my_robot_interfaces' build argument 'ament_cmake_args' from command line to 'None'
[0.421s] Level 5:colcon.colcon_core.verb:set package 'my_robot_interfaces' build argument 'catkin_cmake_args' from command line to 'None'
[0.422s] Level 5:colcon.colcon_core.verb:set package 'my_robot_interfaces' build argument 'catkin_skip_building_tests' from command line to 'False'
[0.422s] DEBUG:colcon.colcon_core.verb:Building package 'my_robot_interfaces' with the following arguments: {'ament_cmake_args': None, 'build_base': '/home/feyzieren/ros2_ws/build/my_robot_interfaces', 'catkin_cmake_args': None, 'catkin_skip_building_tests': False, 'cmake_args': None, 'cmake_clean_cache': False, 'cmake_clean_first': False, 'cmake_force_configure': False, 'cmake_target': None, 'cmake_target_skip_unavailable': False, 'install_base': '/home/feyzieren/ros2_ws/install/my_robot_interfaces', 'merge_install': False, 'path': '/home/feyzieren/ros2_ws/src/my_robot_interfaces', 'symlink_install': False, 'test_result_base': None}
[0.422s] Level 5:colcon.colcon_core.verb:set package 'xbox_controller' build argument 'cmake_args' from command line to 'None'
[0.422s] Level 5:colcon.colcon_core.verb:set package 'xbox_controller' build argument 'cmake_target' from command line to 'None'
[0.422s] Level 5:colcon.colcon_core.verb:set package 'xbox_controller' build argument 'cmake_target_skip_unavailable' from command line to 'False'
[0.422s] Level 5:colcon.colcon_core.verb:set package 'xbox_controller' build argument 'cmake_clean_cache' from command line to 'False'
[0.422s] Level 5:colcon.colcon_core.verb:set package 'xbox_controller' build argument 'cmake_clean_first' from command line to 'False'
[0.422s] Level 5:colcon.colcon_core.verb:set package 'xbox_controller' build argument 'cmake_force_configure' from command line to 'False'
[0.422s] Level 5:colcon.colcon_core.verb:set package 'xbox_controller' build argument 'ament_cmake_args' from command line to 'None'
[0.422s] Level 5:colcon.colcon_core.verb:set package 'xbox_controller' build argument 'catkin_cmake_args' from command line to 'None'
[0.422s] Level 5:colcon.colcon_core.verb:set package 'xbox_controller' build argument 'catkin_skip_building_tests' from command line to 'False'
[0.422s] DEBUG:colcon.colcon_core.verb:Building package 'xbox_controller' with the following arguments: {'ament_cmake_args': None, 'build_base': '/home/feyzieren/ros2_ws/build/xbox_controller', 'catkin_cmake_args': None, 'catkin_skip_building_tests': False, 'cmake_args': None, 'cmake_clean_cache': False, 'cmake_clean_first': False, 'cmake_force_configure': False, 'cmake_target': None, 'cmake_target_skip_unavailable': False, 'install_base': '/home/feyzieren/ros2_ws/install/xbox_controller', 'merge_install': False, 'path': '/home/feyzieren/ros2_ws/src/xbox_controller', 'symlink_install': False, 'test_result_base': None}
[0.423s] Level 5:colcon.colcon_core.verb:set package 'my_cpp_pkg' build argument 'cmake_args' from command line to 'None'
[0.423s] Level 5:colcon.colcon_core.verb:set package 'my_cpp_pkg' build argument 'cmake_target' from command line to 'None'
[0.423s] Level 5:colcon.colcon_core.verb:set package 'my_cpp_pkg' build argument 'cmake_target_skip_unavailable' from command line to 'False'
[0.423s] Level 5:colcon.colcon_core.verb:set package 'my_cpp_pkg' build argument 'cmake_clean_cache' from command line to 'False'
[0.423s] Level 5:colcon.colcon_core.verb:set package 'my_cpp_pkg' build argument 'cmake_clean_first' from command line to 'False'
[0.423s] Level 5:colcon.colcon_core.verb:set package 'my_cpp_pkg' build argument 'cmake_force_configure' from command line to 'False'
[0.423s] Level 5:colcon.colcon_core.verb:set package 'my_cpp_pkg' build argument 'ament_cmake_args' from command line to 'None'
[0.423s] Level 5:colcon.colcon_core.verb:set package 'my_cpp_pkg' build argument 'catkin_cmake_args' from command line to 'None'
[0.423s] Level 5:colcon.colcon_core.verb:set package 'my_cpp_pkg' build argument 'catkin_skip_building_tests' from command line to 'False'
[0.423s] DEBUG:colcon.colcon_core.verb:Building package 'my_cpp_pkg' with the following arguments: {'ament_cmake_args': None, 'build_base': '/home/feyzieren/ros2_ws/build/my_cpp_pkg', 'catkin_cmake_args': None, 'catkin_skip_building_tests': False, 'cmake_args': None, 'cmake_clean_cache': False, 'cmake_clean_first': False, 'cmake_force_configure': False, 'cmake_target': None, 'cmake_target_skip_unavailable': False, 'install_base': '/home/feyzieren/ros2_ws/install/my_cpp_pkg', 'merge_install': False, 'path': '/home/feyzieren/ros2_ws/src/my_cpp_pkg', 'symlink_install': False, 'test_result_base': None}
[0.423s] Level 5:colcon.colcon_core.verb:set package 'my_py_pkg' build argument 'cmake_args' from command line to 'None'
[0.423s] Level 5:colcon.colcon_core.verb:set package 'my_py_pkg' build argument 'cmake_target' from command line to 'None'
[0.423s] Level 5:colcon.colcon_core.verb:set package 'my_py_pkg' build argument 'cmake_target_skip_unavailable' from command line to 'False'
[0.423s] Level 5:colcon.colcon_core.verb:set package 'my_py_pkg' build argument 'cmake_clean_cache' from command line to 'False'
[0.424s] Level 5:colcon.colcon_core.verb:set package 'my_py_pkg' build argument 'cmake_clean_first' from command line to 'False'
[0.424s] Level 5:colcon.colcon_core.verb:set package 'my_py_pkg' build argument 'cmake_force_configure' from command line to 'False'
[0.424s] Level 5:colcon.colcon_core.verb:set package 'my_py_pkg' build argument 'ament_cmake_args' from command line to 'None'
[0.424s] Level 5:colcon.colcon_core.verb:set package 'my_py_pkg' build argument 'catkin_cmake_args' from command line to 'None'
[0.424s] Level 5:colcon.colcon_core.verb:set package 'my_py_pkg' build argument 'catkin_skip_building_tests' from command line to 'False'
[0.424s] DEBUG:colcon.colcon_core.verb:Building package 'my_py_pkg' with the following arguments: {'ament_cmake_args': None, 'build_base': '/home/feyzieren/ros2_ws/build/my_py_pkg', 'catkin_cmake_args': None, 'catkin_skip_building_tests': False, 'cmake_args': None, 'cmake_clean_cache': False, 'cmake_clean_first': False, 'cmake_force_configure': False, 'cmake_target': None, 'cmake_target_skip_unavailable': False, 'install_base': '/home/feyzieren/ros2_ws/install/my_py_pkg', 'merge_install': False, 'path': '/home/feyzieren/ros2_ws/src/my_py_pkg', 'symlink_install': False, 'test_result_base': None}
[0.424s] INFO:colcon.colcon_core.executor:Executing jobs using 'parallel' executor
[0.425s] DEBUG:colcon.colcon_parallel_executor.executor.parallel:run_until_complete
[0.426s] INFO:colcon.colcon_ros.task.ament_cmake.build:Building ROS package in '/home/feyzieren/ros2_ws/src/my_robot_interfaces' with build type 'ament_cmake'
[0.426s] INFO:colcon.colcon_cmake.task.cmake.build:Building CMake package in '/home/feyzieren/ros2_ws/src/my_robot_interfaces'
[0.428s] INFO:colcon.colcon_core.plugin_system:Skipping extension 'colcon_core.shell.bat': Not used on non-Windows systems
[0.428s] INFO:colcon.colcon_core.shell:Skip shell extension 'powershell' for command environment: Not usable outside of PowerShell
[0.429s] DEBUG:colcon.colcon_core.shell:Skip shell extension 'dsv' for command environment
[0.433s] INFO:colcon.colcon_ros.task.ament_python.build:Building ROS package in '/home/feyzieren/ros2_ws/src/xbox_controller' with build type 'ament_python'
[0.433s] Level 1:colcon.colcon_core.shell:create_environment_hook('xbox_controller', 'ament_prefix_path')
[0.433s] INFO:colcon.colcon_core.shell:Creating environment hook '/home/feyzieren/ros2_ws/install/xbox_controller/share/xbox_controller/hook/ament_prefix_path.ps1'
[0.434s] INFO:colcon.colcon_core.shell:Creating environment descriptor '/home/feyzieren/ros2_ws/install/xbox_controller/share/xbox_controller/hook/ament_prefix_path.dsv'
[0.435s] INFO:colcon.colcon_core.shell:Creating environment hook '/home/feyzieren/ros2_ws/install/xbox_controller/share/xbox_controller/hook/ament_prefix_path.sh'
[0.435s] INFO:colcon.colcon_core.shell:Skip shell extension 'powershell' for command environment: Not usable outside of PowerShell
[0.435s] DEBUG:colcon.colcon_core.shell:Skip shell extension 'dsv' for command environment
[0.446s] DEBUG:colcon.colcon_core.event_handler.log_command:Invoking command in '/home/feyzieren/ros2_ws/build/my_robot_interfaces': CMAKE_PREFIX_PATH=${CMAKE_PREFIX_PATH}:/home/feyzieren/ros2_ws/install/xbox_controller:/home/feyzieren/ros2_ws/install/my_py_pkg:/opt/ros/humble /usr/bin/cmake --build /home/feyzieren/ros2_ws/build/my_robot_interfaces -- -j12 -l12
[0.755s] INFO:colcon.colcon_core.task.python.build:Building Python package in '/home/feyzieren/ros2_ws/src/xbox_controller'
[0.755s] INFO:colcon.colcon_core.shell:Skip shell extension 'powershell' for command environment: Not usable outside of PowerShell
[0.755s] DEBUG:colcon.colcon_core.shell:Skip shell extension 'dsv' for command environment
[0.899s] DEBUG:colcon.colcon_core.event_handler.log_command:Invoked command in '/home/feyzieren/ros2_ws/build/my_robot_interfaces' returned '0': CMAKE_PREFIX_PATH=${CMAKE_PREFIX_PATH}:/home/feyzieren/ros2_ws/install/xbox_controller:/home/feyzieren/ros2_ws/install/my_py_pkg:/opt/ros/humble /usr/bin/cmake --build /home/feyzieren/ros2_ws/build/my_robot_interfaces -- -j12 -l12
[0.996s] DEBUG:colcon.colcon_core.event_handler.log_command:Invoking command in '/home/feyzieren/ros2_ws/build/my_robot_interfaces': CMAKE_PREFIX_PATH=${CMAKE_PREFIX_PATH}:/home/feyzieren/ros2_ws/install/xbox_controller:/home/feyzieren/ros2_ws/install/my_py_pkg:/opt/ros/humble /usr/bin/cmake --install /home/feyzieren/ros2_ws/build/my_robot_interfaces
[1.083s] Level 1:colcon.colcon_core.environment:create_environment_scripts_only(my_robot_interfaces)
[1.088s] DEBUG:colcon.colcon_core.event_handler.log_command:Invoked command in '/home/feyzieren/ros2_ws/build/my_robot_interfaces' returned '0': CMAKE_PREFIX_PATH=${CMAKE_PREFIX_PATH}:/home/feyzieren/ros2_ws/install/xbox_controller:/home/feyzieren/ros2_ws/install/my_py_pkg:/opt/ros/humble /usr/bin/cmake --install /home/feyzieren/ros2_ws/build/my_robot_interfaces
[1.089s] Level 1:colcon.colcon_core.environment:checking '/home/feyzieren/ros2_ws/install/my_robot_interfaces' for CMake module files
[1.090s] Level 1:colcon.colcon_core.environment:checking '/home/feyzieren/ros2_ws/install/my_robot_interfaces' for CMake config files
[1.090s] Level 1:colcon.colcon_core.shell:create_environment_hook('my_robot_interfaces', 'cmake_prefix_path')
[1.090s] INFO:colcon.colcon_core.shell:Creating environment hook '/home/feyzieren/ros2_ws/install/my_robot_interfaces/share/my_robot_interfaces/hook/cmake_prefix_path.ps1'
[1.091s] INFO:colcon.colcon_core.shell:Creating environment descriptor '/home/feyzieren/ros2_ws/install/my_robot_interfaces/share/my_robot_interfaces/hook/cmake_prefix_path.dsv'
[1.091s] INFO:colcon.colcon_core.shell:Creating environment hook '/home/feyzieren/ros2_ws/install/my_robot_interfaces/share/my_robot_interfaces/hook/cmake_prefix_path.sh'
[1.092s] Level 1:colcon.colcon_core.environment:checking '/home/feyzieren/ros2_ws/install/my_robot_interfaces/lib'
[1.092s] Level 1:colcon.colcon_core.shell:create_environment_hook('my_robot_interfaces', 'ld_library_path_lib')
[1.092s] INFO:colcon.colcon_core.shell:Creating environment hook '/home/feyzieren/ros2_ws/install/my_robot_interfaces/share/my_robot_interfaces/hook/ld_library_path_lib.ps1'
[1.093s] INFO:colcon.colcon_core.shell:Creating environment descriptor '/home/feyzieren/ros2_ws/install/my_robot_interfaces/share/my_robot_interfaces/hook/ld_library_path_lib.dsv'
[1.093s] INFO:colcon.colcon_core.shell:Creating environment hook '/home/feyzieren/ros2_ws/install/my_robot_interfaces/share/my_robot_interfaces/hook/ld_library_path_lib.sh'
[1.094s] Level 1:colcon.colcon_core.environment:checking '/home/feyzieren/ros2_ws/install/my_robot_interfaces/bin'
[1.094s] Level 1:colcon.colcon_core.environment:checking '/home/feyzieren/ros2_ws/install/my_robot_interfaces/lib/pkgconfig/my_robot_interfaces.pc'
[1.094s] Level 1:colcon.colcon_core.environment:checking '/home/feyzieren/ros2_ws/install/my_robot_interfaces/lib/python3.10/site-packages'
[1.094s] Level 1:colcon.colcon_core.environment:checking '/home/feyzieren/ros2_ws/install/my_robot_interfaces/bin'
[1.095s] INFO:colcon.colcon_core.shell:Creating package script '/home/feyzieren/ros2_ws/install/my_robot_interfaces/share/my_robot_interfaces/package.ps1'
[1.095s] INFO:colcon.colcon_core.shell:Creating package descriptor '/home/feyzieren/ros2_ws/install/my_robot_interfaces/share/my_robot_interfaces/package.dsv'
[1.096s] INFO:colcon.colcon_core.shell:Creating package script '/home/feyzieren/ros2_ws/install/my_robot_interfaces/share/my_robot_interfaces/package.sh'
[1.097s] INFO:colcon.colcon_core.shell:Creating package script '/home/feyzieren/ros2_ws/install/my_robot_interfaces/share/my_robot_interfaces/package.bash'
[1.098s] INFO:colcon.colcon_core.shell:Creating package script '/home/feyzieren/ros2_ws/install/my_robot_interfaces/share/my_robot_interfaces/package.zsh'
[1.099s] Level 1:colcon.colcon_core.environment:create_file_with_runtime_dependencies(/home/feyzieren/ros2_ws/install/my_robot_interfaces/share/colcon-core/packages/my_robot_interfaces)
[1.181s] Level 1:colcon.colcon_core.environment:create_environment_scripts_only(my_robot_interfaces)
[1.181s] Level 1:colcon.colcon_core.environment:checking '/home/feyzieren/ros2_ws/install/my_robot_interfaces' for CMake module files
[1.182s] Level 1:colcon.colcon_core.environment:checking '/home/feyzieren/ros2_ws/install/my_robot_interfaces' for CMake config files
[1.183s] Level 1:colcon.colcon_core.shell:create_environment_hook('my_robot_interfaces', 'cmake_prefix_path')
[1.183s] INFO:colcon.colcon_core.shell:Creating environment hook '/home/feyzieren/ros2_ws/install/my_robot_interfaces/share/my_robot_interfaces/hook/cmake_prefix_path.ps1'
[1.184s] INFO:colcon.colcon_core.shell:Creating environment descriptor '/home/feyzieren/ros2_ws/install/my_robot_interfaces/share/my_robot_interfaces/hook/cmake_prefix_path.dsv'
[1.184s] INFO:colcon.colcon_core.shell:Creating environment hook '/home/feyzieren/ros2_ws/install/my_robot_interfaces/share/my_robot_interfaces/hook/cmake_prefix_path.sh'
[1.185s] Level 1:colcon.colcon_core.environment:checking '/home/feyzieren/ros2_ws/install/my_robot_interfaces/lib'
[1.185s] Level 1:colcon.colcon_core.shell:create_environment_hook('my_robot_interfaces', 'ld_library_path_lib')
[1.185s] INFO:colcon.colcon_core.shell:Creating environment hook '/home/feyzieren/ros2_ws/install/my_robot_interfaces/share/my_robot_interfaces/hook/ld_library_path_lib.ps1'
[1.186s] INFO:colcon.colcon_core.shell:Creating environment descriptor '/home/feyzieren/ros2_ws/install/my_robot_interfaces/share/my_robot_interfaces/hook/ld_library_path_lib.dsv'
[1.186s] INFO:colcon.colcon_core.shell:Creating environment hook '/home/feyzieren/ros2_ws/install/my_robot_interfaces/share/my_robot_interfaces/hook/ld_library_path_lib.sh'
[1.187s] Level 1:colcon.colcon_core.environment:checking '/home/feyzieren/ros2_ws/install/my_robot_interfaces/bin'
[1.187s] Level 1:colcon.colcon_core.environment:checking '/home/feyzieren/ros2_ws/install/my_robot_interfaces/lib/pkgconfig/my_robot_interfaces.pc'
[1.187s] Level 1:colcon.colcon_core.environment:checking '/home/feyzieren/ros2_ws/install/my_robot_interfaces/lib/python3.10/site-packages'
[1.187s] Level 1:colcon.colcon_core.environment:checking '/home/feyzieren/ros2_ws/install/my_robot_interfaces/bin'
[1.188s] INFO:colcon.colcon_core.shell:Creating package script '/home/feyzieren/ros2_ws/install/my_robot_interfaces/share/my_robot_interfaces/package.ps1'
[1.189s] INFO:colcon.colcon_core.shell:Creating package descriptor '/home/feyzieren/ros2_ws/install/my_robot_interfaces/share/my_robot_interfaces/package.dsv'
[1.189s] INFO:colcon.colcon_core.shell:Creating package script '/home/feyzieren/ros2_ws/install/my_robot_interfaces/share/my_robot_interfaces/package.sh'
[1.190s] INFO:colcon.colcon_core.shell:Creating package script '/home/feyzieren/ros2_ws/install/my_robot_interfaces/share/my_robot_interfaces/package.bash'
[1.191s] INFO:colcon.colcon_core.shell:Creating package script '/home/feyzieren/ros2_ws/install/my_robot_interfaces/share/my_robot_interfaces/package.zsh'
[1.191s] Level 1:colcon.colcon_core.environment:create_file_with_runtime_dependencies(/home/feyzieren/ros2_ws/install/my_robot_interfaces/share/colcon-core/packages/my_robot_interfaces)
[1.192s] INFO:colcon.colcon_ros.task.ament_cmake.build:Building ROS package in '/home/feyzieren/ros2_ws/src/my_cpp_pkg' with build type 'ament_cmake'
[1.192s] INFO:colcon.colcon_cmake.task.cmake.build:Building CMake package in '/home/feyzieren/ros2_ws/src/my_cpp_pkg'
[1.193s] INFO:colcon.colcon_core.shell:Skip shell extension 'powershell' for command environment: Not usable outside of PowerShell
[1.193s] DEBUG:colcon.colcon_core.shell:Skip shell extension 'dsv' for command environment
[1.198s] INFO:colcon.colcon_ros.task.ament_python.build:Building ROS package in '/home/feyzieren/ros2_ws/src/my_py_pkg' with build type 'ament_python'
[1.198s] Level 1:colcon.colcon_core.shell:create_environment_hook('my_py_pkg', 'ament_prefix_path')
[1.198s] INFO:colcon.colcon_core.shell:Creating environment hook '/home/feyzieren/ros2_ws/install/my_py_pkg/share/my_py_pkg/hook/ament_prefix_path.ps1'
[1.199s] INFO:colcon.colcon_core.shell:Creating environment descriptor '/home/feyzieren/ros2_ws/install/my_py_pkg/share/my_py_pkg/hook/ament_prefix_path.dsv'
[1.199s] INFO:colcon.colcon_core.shell:Creating environment hook '/home/feyzieren/ros2_ws/install/my_py_pkg/share/my_py_pkg/hook/ament_prefix_path.sh'
[1.200s] INFO:colcon.colcon_core.shell:Skip shell extension 'powershell' for command environment: Not usable outside of PowerShell
[1.200s] DEBUG:colcon.colcon_core.shell:Skip shell extension 'dsv' for command environment
[1.210s] DEBUG:colcon.colcon_core.event_handler.log_command:Invoking command in '/home/feyzieren/ros2_ws/src/xbox_controller': PYTHONPATH=/home/feyzieren/ros2_ws/build/xbox_controller/prefix_override:/usr/lib/python3/dist-packages/colcon_core/task/python/colcon_distutils_commands:/home/feyzieren/ros2_ws/install/xbox_controller/lib/python3.10/site-packages:${PYTHONPATH} /usr/bin/python3 -W ignore:setup.py install is deprecated -W ignore:easy_install command is deprecated setup.py egg_info --egg-base ../../build/xbox_controller build --build-base /home/feyzieren/ros2_ws/build/xbox_controller/build install --record /home/feyzieren/ros2_ws/build/xbox_controller/install.log --single-version-externally-managed install_data
[1.215s] DEBUG:colcon.colcon_core.event_handler.log_command:Invoking command in '/home/feyzieren/ros2_ws/build/my_cpp_pkg': CMAKE_PREFIX_PATH=/home/feyzieren/ros2_ws/install/my_robot_interfaces:/home/feyzieren/ros2_ws/install/my_cpp_pkg:/home/feyzieren/ros2_ws/install/xbox_controller:/home/feyzieren/ros2_ws/install/my_py_pkg:/opt/ros/humble /usr/bin/cmake --build /home/feyzieren/ros2_ws/build/my_cpp_pkg -- -j12 -l12
[1.561s] INFO:colcon.colcon_core.task.python.build:Building Python package in '/home/feyzieren/ros2_ws/src/my_py_pkg'
[1.562s] INFO:colcon.colcon_core.shell:Skip shell extension 'powershell' for command environment: Not usable outside of PowerShell
[1.562s] DEBUG:colcon.colcon_core.shell:Skip shell extension 'dsv' for command environment
[1.605s] Level 1:colcon.colcon_core.environment:checking '/home/feyzieren/ros2_ws/install/xbox_controller' for CMake module files
[1.606s] DEBUG:colcon.colcon_core.event_handler.log_command:Invoked command in '/home/feyzieren/ros2_ws/src/xbox_controller' returned '0': PYTHONPATH=/home/feyzieren/ros2_ws/build/xbox_controller/prefix_override:/usr/lib/python3/dist-packages/colcon_core/task/python/colcon_distutils_commands:/home/feyzieren/ros2_ws/install/xbox_controller/lib/python3.10/site-packages:${PYTHONPATH} /usr/bin/python3 -W ignore:setup.py install is deprecated -W ignore:easy_install command is deprecated setup.py egg_info --egg-base ../../build/xbox_controller build --build-base /home/feyzieren/ros2_ws/build/xbox_controller/build install --record /home/feyzieren/ros2_ws/build/xbox_controller/install.log --single-version-externally-managed install_data
[1.606s] Level 1:colcon.colcon_core.environment:checking '/home/feyzieren/ros2_ws/install/xbox_controller' for CMake config files
[1.607s] Level 1:colcon.colcon_core.environment:checking '/home/feyzieren/ros2_ws/install/xbox_controller/lib'
[1.607s] Level 1:colcon.colcon_core.environment:checking '/home/feyzieren/ros2_ws/install/xbox_controller/bin'
[1.608s] Level 1:colcon.colcon_core.environment:checking '/home/feyzieren/ros2_ws/install/xbox_controller/lib/pkgconfig/xbox_controller.pc'
[1.608s] Level 1:colcon.colcon_core.environment:checking '/home/feyzieren/ros2_ws/install/xbox_controller/lib/python3.10/site-packages'
[1.608s] Level 1:colcon.colcon_core.shell:create_environment_hook('xbox_controller', 'pythonpath')
[1.608s] INFO:colcon.colcon_core.shell:Creating environment hook '/home/feyzieren/ros2_ws/install/xbox_controller/share/xbox_controller/hook/pythonpath.ps1'
[1.609s] INFO:colcon.colcon_core.shell:Creating environment descriptor '/home/feyzieren/ros2_ws/install/xbox_controller/share/xbox_controller/hook/pythonpath.dsv'
[1.609s] INFO:colcon.colcon_core.shell:Creating environment hook '/home/feyzieren/ros2_ws/install/xbox_controller/share/xbox_controller/hook/pythonpath.sh'
[1.610s] Level 1:colcon.colcon_core.environment:checking '/home/feyzieren/ros2_ws/install/xbox_controller/bin'
[1.610s] Level 1:colcon.colcon_core.environment:create_environment_scripts_only(xbox_controller)
[1.611s] INFO:colcon.colcon_core.shell:Creating package script '/home/feyzieren/ros2_ws/install/xbox_controller/share/xbox_controller/package.ps1'
[1.612s] INFO:colcon.colcon_core.shell:Creating package descriptor '/home/feyzieren/ros2_ws/install/xbox_controller/share/xbox_controller/package.dsv'
[1.612s] INFO:colcon.colcon_core.shell:Creating package script '/home/feyzieren/ros2_ws/install/xbox_controller/share/xbox_controller/package.sh'
[1.613s] INFO:colcon.colcon_core.shell:Creating package script '/home/feyzieren/ros2_ws/install/xbox_controller/share/xbox_controller/package.bash'
[1.613s] INFO:colcon.colcon_core.shell:Creating package script '/home/feyzieren/ros2_ws/install/xbox_controller/share/xbox_controller/package.zsh'
[1.614s] Level 1:colcon.colcon_core.environment:create_file_with_runtime_dependencies(/home/feyzieren/ros2_ws/install/xbox_controller/share/colcon-core/packages/xbox_controller)
[1.628s] DEBUG:colcon.colcon_core.event_handler.log_command:Invoked command in '/home/feyzieren/ros2_ws/build/my_cpp_pkg' returned '2': CMAKE_PREFIX_PATH=/home/feyzieren/ros2_ws/install/my_robot_interfaces:/home/feyzieren/ros2_ws/install/my_cpp_pkg:/home/feyzieren/ros2_ws/install/xbox_controller:/home/feyzieren/ros2_ws/install/my_py_pkg:/opt/ros/humble /usr/bin/cmake --build /home/feyzieren/ros2_ws/build/my_cpp_pkg -- -j12 -l12
[1.728s] Level 1:colcon.colcon_core.environment:create_environment_scripts_only(my_cpp_pkg)
[1.728s] Level 1:colcon.colcon_core.environment:checking '/home/feyzieren/ros2_ws/install/my_cpp_pkg' for CMake module files
[1.730s] Level 1:colcon.colcon_core.environment:checking '/home/feyzieren/ros2_ws/install/my_cpp_pkg' for CMake config files
[1.731s] Level 1:colcon.colcon_core.shell:create_environment_hook('my_cpp_pkg', 'cmake_prefix_path')
[1.731s] INFO:colcon.colcon_core.shell:Creating environment hook '/home/feyzieren/ros2_ws/install/my_cpp_pkg/share/my_cpp_pkg/hook/cmake_prefix_path.ps1'
[1.732s] INFO:colcon.colcon_core.shell:Creating environment descriptor '/home/feyzieren/ros2_ws/install/my_cpp_pkg/share/my_cpp_pkg/hook/cmake_prefix_path.dsv'
[1.733s] INFO:colcon.colcon_core.shell:Creating environment hook '/home/feyzieren/ros2_ws/install/my_cpp_pkg/share/my_cpp_pkg/hook/cmake_prefix_path.sh'
[1.735s] Level 1:colcon.colcon_core.environment:checking '/home/feyzieren/ros2_ws/install/my_cpp_pkg/lib'
[1.735s] Level 1:colcon.colcon_core.environment:checking '/home/feyzieren/ros2_ws/install/my_cpp_pkg/bin'
[1.735s] Level 1:colcon.colcon_core.environment:checking '/home/feyzieren/ros2_ws/install/my_cpp_pkg/lib/pkgconfig/my_cpp_pkg.pc'
[1.736s] Level 1:colcon.colcon_core.environment:checking '/home/feyzieren/ros2_ws/install/my_cpp_pkg/lib/python3.10/site-packages'
[1.736s] Level 1:colcon.colcon_core.environment:checking '/home/feyzieren/ros2_ws/install/my_cpp_pkg/bin'
[1.737s] INFO:colcon.colcon_core.shell:Creating package script '/home/feyzieren/ros2_ws/install/my_cpp_pkg/share/my_cpp_pkg/package.ps1'
[1.738s] INFO:colcon.colcon_core.shell:Creating package descriptor '/home/feyzieren/ros2_ws/install/my_cpp_pkg/share/my_cpp_pkg/package.dsv'
[1.740s] INFO:colcon.colcon_core.shell:Creating package script '/home/feyzieren/ros2_ws/install/my_cpp_pkg/share/my_cpp_pkg/package.sh'
[1.741s] INFO:colcon.colcon_core.shell:Creating package script '/home/feyzieren/ros2_ws/install/my_cpp_pkg/share/my_cpp_pkg/package.bash'
[1.742s] INFO:colcon.colcon_core.shell:Creating package script '/home/feyzieren/ros2_ws/install/my_cpp_pkg/share/my_cpp_pkg/package.zsh'
[1.743s] Level 1:colcon.colcon_core.environment:create_file_with_runtime_dependencies(/home/feyzieren/ros2_ws/install/my_cpp_pkg/share/colcon-core/packages/my_cpp_pkg)
[2.010s] DEBUG:colcon.colcon_parallel_executor.executor.parallel:closing loop
[2.010s] DEBUG:colcon.colcon_parallel_executor.executor.parallel:loop closed
[2.010s] DEBUG:colcon.colcon_parallel_executor.executor.parallel:run_until_complete finished with '2'
[2.011s] DEBUG:colcon.colcon_core.event_reactor:joining thread
[2.023s] INFO:colcon.colcon_core.plugin_system:Skipping extension 'colcon_notification.desktop_notification.terminal_notifier': Not used on non-Darwin systems
[2.024s] INFO:colcon.colcon_core.plugin_system:Skipping extension 'colcon_notification.desktop_notification.win32': Not used on non-Windows systems
[2.024s] INFO:colcon.colcon_notification.desktop_notification:Sending desktop notification using 'notify2'
[2.046s] DEBUG:colcon.colcon_core.event_reactor:joined thread
[2.047s] INFO:colcon.colcon_core.shell:Creating prefix script '/home/feyzieren/ros2_ws/install/local_setup.ps1'
[2.049s] INFO:colcon.colcon_core.shell:Creating prefix util module '/home/feyzieren/ros2_ws/install/_local_setup_util_ps1.py'
[2.053s] INFO:colcon.colcon_core.shell:Creating prefix chain script '/home/feyzieren/ros2_ws/install/setup.ps1'
[2.056s] INFO:colcon.colcon_core.shell:Creating prefix script '/home/feyzieren/ros2_ws/install/local_setup.sh'
[2.057s] INFO:colcon.colcon_core.shell:Creating prefix util module '/home/feyzieren/ros2_ws/install/_local_setup_util_sh.py'
[2.059s] INFO:colcon.colcon_core.shell:Creating prefix chain script '/home/feyzieren/ros2_ws/install/setup.sh'
[2.062s] INFO:colcon.colcon_core.shell:Creating prefix script '/home/feyzieren/ros2_ws/install/local_setup.bash'
[2.063s] INFO:colcon.colcon_core.shell:Creating prefix chain script '/home/feyzieren/ros2_ws/install/setup.bash'
[2.066s] INFO:colcon.colcon_core.shell:Creating prefix script '/home/feyzieren/ros2_ws/install/local_setup.zsh'
[2.068s] INFO:colcon.colcon_core.shell:Creating prefix chain script '/home/feyzieren/ros2_ws/install/setup.zsh'
