[0.906s] Invoking command in '/home/feyzieren/ros2_ws/src/my_py_pkg': PYTHONPATH=/home/feyzieren/ros2_ws/build/my_py_pkg/prefix_override:/usr/lib/python3/dist-packages/colcon_core/task/python/colcon_distutils_commands:/home/feyzieren/ros2_ws/install/my_py_pkg/lib/python3.10/site-packages:${PYTHONPATH} /usr/bin/python3 -W ignore:setup.py install is deprecated setup.py egg_info --egg-base ../../build/my_py_pkg build --build-base /home/feyzieren/ros2_ws/build/my_py_pkg/build install --record /home/feyzieren/ros2_ws/build/my_py_pkg/install.log --single-version-externally-managed install_data
[1.189s] running egg_info
[1.189s] writing ../../build/my_py_pkg/my_py_pkg.egg-info/PKG-INFO
[1.189s] writing dependency_links to ../../build/my_py_pkg/my_py_pkg.egg-info/dependency_links.txt
[1.190s] writing entry points to ../../build/my_py_pkg/my_py_pkg.egg-info/entry_points.txt
[1.190s] writing requirements to ../../build/my_py_pkg/my_py_pkg.egg-info/requires.txt
[1.190s] writing top-level names to ../../build/my_py_pkg/my_py_pkg.egg-info/top_level.txt
[1.192s] reading manifest file '../../build/my_py_pkg/my_py_pkg.egg-info/SOURCES.txt'
[1.193s] writing manifest file '../../build/my_py_pkg/my_py_pkg.egg-info/SOURCES.txt'
[1.193s] running build
[1.193s] running build_py
[1.194s] copying my_py_pkg/add_two_ints_server.py -> /home/feyzieren/ros2_ws/build/my_py_pkg/build/lib/my_py_pkg
[1.194s] copying my_py_pkg/number_counter.py -> /home/feyzieren/ros2_ws/build/my_py_pkg/build/lib/my_py_pkg
[1.194s] copying my_py_pkg/template_python_node.py -> /home/feyzieren/ros2_ws/build/my_py_pkg/build/lib/my_py_pkg
[1.194s] running install
[1.195s] running install_lib
[1.195s] copying /home/feyzieren/ros2_ws/build/my_py_pkg/build/lib/my_py_pkg/add_two_ints_server.py -> /home/feyzieren/ros2_ws/install/my_py_pkg/lib/python3.10/site-packages/my_py_pkg
[1.196s] copying /home/feyzieren/ros2_ws/build/my_py_pkg/build/lib/my_py_pkg/number_counter.py -> /home/feyzieren/ros2_ws/install/my_py_pkg/lib/python3.10/site-packages/my_py_pkg
[1.196s] copying /home/feyzieren/ros2_ws/build/my_py_pkg/build/lib/my_py_pkg/template_python_node.py -> /home/feyzieren/ros2_ws/install/my_py_pkg/lib/python3.10/site-packages/my_py_pkg
[1.196s] byte-compiling /home/feyzieren/ros2_ws/install/my_py_pkg/lib/python3.10/site-packages/my_py_pkg/add_two_ints_server.py to add_two_ints_server.cpython-310.pyc
[1.197s] byte-compiling /home/feyzieren/ros2_ws/install/my_py_pkg/lib/python3.10/site-packages/my_py_pkg/number_counter.py to number_counter.cpython-310.pyc
[1.197s] byte-compiling /home/feyzieren/ros2_ws/install/my_py_pkg/lib/python3.10/site-packages/my_py_pkg/template_python_node.py to template_python_node.cpython-310.pyc
[1.198s] running install_data
[1.198s] running install_egg_info
[1.200s] removing '/home/feyzieren/ros2_ws/install/my_py_pkg/lib/python3.10/site-packages/my_py_pkg-0.0.0-py3.10.egg-info' (and everything under it)
[1.200s] Copying ../../build/my_py_pkg/my_py_pkg.egg-info to /home/feyzieren/ros2_ws/install/my_py_pkg/lib/python3.10/site-packages/my_py_pkg-0.0.0-py3.10.egg-info
[1.202s] running install_scripts
[1.226s] Installing add_two_ints_server script to /home/feyzieren/ros2_ws/install/my_py_pkg/lib/my_py_pkg
[1.226s] Installing number_counter script to /home/feyzieren/ros2_ws/install/my_py_pkg/lib/my_py_pkg
[1.226s] Installing number_publisher script to /home/feyzieren/ros2_ws/install/my_py_pkg/lib/my_py_pkg
[1.226s] Installing py_node script to /home/feyzieren/ros2_ws/install/my_py_pkg/lib/my_py_pkg
[1.227s] Installing robot_news_station script to /home/feyzieren/ros2_ws/install/my_py_pkg/lib/my_py_pkg
[1.227s] Installing smartphone script to /home/feyzieren/ros2_ws/install/my_py_pkg/lib/my_py_pkg
[1.227s] writing list of installed files to '/home/feyzieren/ros2_ws/build/my_py_pkg/install.log'
[1.260s] Invoked command in '/home/feyzieren/ros2_ws/src/my_py_pkg' returned '0': PYTHONPATH=/home/feyzieren/ros2_ws/build/my_py_pkg/prefix_override:/usr/lib/python3/dist-packages/colcon_core/task/python/colcon_distutils_commands:/home/feyzieren/ros2_ws/install/my_py_pkg/lib/python3.10/site-packages:${PYTHONPATH} /usr/bin/python3 -W ignore:setup.py install is deprecated setup.py egg_info --egg-base ../../build/my_py_pkg build --build-base /home/feyzieren/ros2_ws/build/my_py_pkg/build install --record /home/feyzieren/ros2_ws/build/my_py_pkg/install.log --single-version-externally-managed install_data
