[0.029s] Invoking command in '/home/feyzieren/ros2_ws/build/my_cpp_pkg': CMAKE_PREFIX_PATH=${CMAKE_PREFIX_PATH}:/home/feyzieren/ros2_ws/install/my_py_pkg:/opt/ros/humble /usr/bin/cmake --build /home/feyzieren/ros2_ws/build/my_cpp_pkg -- -j12 -l12
[0.373s] -- Found ament_cmake: 1.3.10 (/opt/ros/humble/share/ament_cmake/cmake)
[0.374s] -- Override CMake install command with custom implementation using symlinks instead of copying resources
[0.374s] -- Found rclcpp: 16.0.10 (/opt/ros/humble/share/rclcpp/cmake)
[0.374s] -- Found rosidl_generator_c: 3.1.5 (/opt/ros/humble/share/rosidl_generator_c/cmake)
[0.374s] -- Found rosidl_adapter: 3.1.5 (/opt/ros/humble/share/rosidl_adapter/cmake)
[0.374s] -- Found rosidl_generator_cpp: 3.1.5 (/opt/ros/humble/share/rosidl_generator_cpp/cmake)
[0.374s] -- Using all available rosidl_typesupport_c: rosidl_typesupport_fastrtps_c;rosidl_typesupport_introspection_c
[0.374s] -- Using all available rosidl_typesupport_cpp: rosidl_typesupport_fastrtps_cpp;rosidl_typesupport_introspection_cpp
[0.379s] -- Found rmw_implementation_cmake: 6.1.2 (/opt/ros/humble/share/rmw_implementation_cmake/cmake)
[0.379s] -- Found rmw_fastrtps_cpp: 6.2.7 (/opt/ros/humble/share/rmw_fastrtps_cpp/cmake)
[0.531s] -- Using RMW implementation 'rmw_fastrtps_cpp' as default
[0.599s] -- Found example_interfaces: 0.9.3 (/opt/ros/humble/share/example_interfaces/cmake)
[0.745s] -- Configuring done
[0.799s] -- Generating done
[0.802s] -- Build files have been written to: /home/feyzieren/ros2_ws/build/my_cpp_pkg
[0.846s] [35m[1mConsolidate compiler generated dependencies of target number_publisher[0m
[0.847s] [35m[1mConsolidate compiler generated dependencies of target robot_news_station[0m
[0.847s] [35m[1mConsolidate compiler generated dependencies of target add_two_ints_client[0m
[0.847s] [35m[1mConsolidate compiler generated dependencies of target number_counter[0m
[0.847s] [35m[1mConsolidate compiler generated dependencies of target add_two_ints_server[0m
[0.847s] [35m[1mConsolidate compiler generated dependencies of target smartphone[0m
[0.848s] [35m[1mConsolidate compiler generated dependencies of target add_two_ints_client_no_oop[0m
[0.848s] [35m[1mConsolidate compiler generated dependencies of target cpp_node[0m
[0.880s] [  6%] [32mBuilding CXX object CMakeFiles/add_two_ints_server.dir/src/add_two_ints_server.cpp.o[0m
[0.882s] [ 18%] [32mBuilding CXX object CMakeFiles/number_counter.dir/src/number_counter.cpp.o[0m
[0.882s] [ 25%] [32mBuilding CXX object CMakeFiles/smartphone.dir/src/smartphone.cpp.o[0m
[0.882s] [ 25%] [32mBuilding CXX object CMakeFiles/cpp_node.dir/src/my_first_node.cpp.o[0m
[0.882s] [ 31%] [32mBuilding CXX object CMakeFiles/add_two_ints_client.dir/src/add_two_ints_client.cpp.o[0m
[0.882s] [ 37%] [32mBuilding CXX object CMakeFiles/number_publisher.dir/src/number_publisher.cpp.o[0m
[0.885s] [ 43%] [32mBuilding CXX object CMakeFiles/robot_news_station.dir/src/robot_news_station.cpp.o[0m
[0.888s] [ 50%] [32mBuilding CXX object CMakeFiles/add_two_ints_client_no_oop.dir/src/add_two_ints_client_no_oop.cpp.o[0m
[6.650s] [ 56%] [32m[1mLinking CXX executable cpp_node[0m
[6.994s] [ 56%] Built target cpp_node
[7.293s] [ 62%] [32m[1mLinking CXX executable add_two_ints_server[0m
[7.712s] [ 62%] Built target add_two_ints_server
[8.118s] [ 68%] [32m[1mLinking CXX executable add_two_ints_client_no_oop[0m
[8.323s] [ 75%] [32m[1mLinking CXX executable add_two_ints_client[0m
[8.360s] [ 75%] Built target add_two_ints_client_no_oop
[8.577s] [ 75%] Built target add_two_ints_client
[8.895s] [ 81%] [32m[1mLinking CXX executable number_publisher[0m
[9.163s] [ 87%] [32m[1mLinking CXX executable robot_news_station[0m
[9.171s] [ 87%] Built target number_publisher
[9.463s] [ 87%] Built target robot_news_station
[13.107s] [ 93%] [32m[1mLinking CXX executable smartphone[0m
[13.562s] [ 93%] Built target smartphone
[13.658s] [100%] [32m[1mLinking CXX executable number_counter[0m
[14.160s] [100%] Built target number_counter
