[0.777s] Invoking command in '/home/feyzieren/ros2_ws/src/my_py_pkg': PYTHONPATH=/home/feyzieren/ros2_ws/build/my_py_pkg/prefix_override:/usr/lib/python3/dist-packages/colcon_core/task/python/colcon_distutils_commands:/home/feyzieren/ros2_ws/install/my_py_pkg/lib/python3.10/site-packages:${PYTHONPATH} /usr/bin/python3 -W ignore:setup.py install is deprecated setup.py egg_info --egg-base ../../build/my_py_pkg build --build-base /home/feyzieren/ros2_ws/build/my_py_pkg/build install --record /home/feyzieren/ros2_ws/build/my_py_pkg/install.log --single-version-externally-managed install_data
[1.099s] running egg_info
[1.100s] writing ../../build/my_py_pkg/my_py_pkg.egg-info/PKG-INFO
[1.100s] writing dependency_links to ../../build/my_py_pkg/my_py_pkg.egg-info/dependency_links.txt
[1.100s] writing entry points to ../../build/my_py_pkg/my_py_pkg.egg-info/entry_points.txt
[1.100s] writing requirements to ../../build/my_py_pkg/my_py_pkg.egg-info/requires.txt
[1.100s] writing top-level names to ../../build/my_py_pkg/my_py_pkg.egg-info/top_level.txt
[1.102s] reading manifest file '../../build/my_py_pkg/my_py_pkg.egg-info/SOURCES.txt'
[1.103s] writing manifest file '../../build/my_py_pkg/my_py_pkg.egg-info/SOURCES.txt'
[1.104s] running build
[1.104s] running build_py
[1.104s] copying my_py_pkg/my_first_node.py -> /home/feyzieren/ros2_ws/build/my_py_pkg/build/lib/my_py_pkg
[1.104s] running install
[1.105s] running install_lib
[1.105s] copying /home/feyzieren/ros2_ws/build/my_py_pkg/build/lib/my_py_pkg/my_first_node.py -> /home/feyzieren/ros2_ws/install/my_py_pkg/lib/python3.10/site-packages/my_py_pkg
[1.106s] byte-compiling /home/feyzieren/ros2_ws/install/my_py_pkg/lib/python3.10/site-packages/my_py_pkg/my_first_node.py to my_first_node.cpython-310.pyc
[1.106s] running install_data
[1.106s] running install_egg_info
[1.108s] removing '/home/feyzieren/ros2_ws/install/my_py_pkg/lib/python3.10/site-packages/my_py_pkg-0.0.0-py3.10.egg-info' (and everything under it)
[1.109s] Copying ../../build/my_py_pkg/my_py_pkg.egg-info to /home/feyzieren/ros2_ws/install/my_py_pkg/lib/python3.10/site-packages/my_py_pkg-0.0.0-py3.10.egg-info
[1.110s] running install_scripts
[1.134s] Installing py_node script to /home/feyzieren/ros2_ws/install/my_py_pkg/lib/my_py_pkg
[1.135s] writing list of installed files to '/home/feyzieren/ros2_ws/build/my_py_pkg/install.log'
[1.168s] Invoked command in '/home/feyzieren/ros2_ws/src/my_py_pkg' returned '0': PYTHONPATH=/home/feyzieren/ros2_ws/build/my_py_pkg/prefix_override:/usr/lib/python3/dist-packages/colcon_core/task/python/colcon_distutils_commands:/home/feyzieren/ros2_ws/install/my_py_pkg/lib/python3.10/site-packages:${PYTHONPATH} /usr/bin/python3 -W ignore:setup.py install is deprecated setup.py egg_info --egg-base ../../build/my_py_pkg build --build-base /home/feyzieren/ros2_ws/build/my_py_pkg/build install --record /home/feyzieren/ros2_ws/build/my_py_pkg/install.log --single-version-externally-managed install_data
