[0.020s] Invoking command in '/home/feyzieren/ros2_ws/build/my_cpp_pkg': CMAKE_PREFIX_PATH=${CMAKE_PREFIX_PATH}:/home/feyzieren/ros2_ws/install/my_py_pkg:/opt/ros/humble /usr/bin/cmake --build /home/feyzieren/ros2_ws/build/my_cpp_pkg -- -j12 -l12
[0.085s] [35m[1mConsolidate compiler generated dependencies of target add_two_ints_server[0m
[0.085s] [35m[1mConsolidate compiler generated dependencies of target number_publisher[0m
[0.085s] [35m[1mConsolidate compiler generated dependencies of target add_two_ints_client_no_oop[0m
[0.086s] [35m[1mConsolidate compiler generated dependencies of target add_two_ints_client[0m
[0.098s] [  6%] [32mBuilding CXX object CMakeFiles/number_counter.dir/src/number_counter.cpp.o[0m
[0.112s] [ 18%] Built target robot_news_station
[0.112s] [ 31%] Built target number_publisher
[0.112s] [ 68%] Built target add_two_ints_client
[0.112s] [ 68%] Built target cpp_node
[0.112s] [ 68%] Built target smartphone
[0.113s] [ 81%] Built target add_two_ints_server
[0.114s] [ 93%] Built target add_two_ints_client_no_oop
[9.485s] [100%] [32m[1mLinking CXX executable number_counter[0m
[9.968s] [100%] Built target number_counter
[9.994s] Invoked command in '/home/feyzieren/ros2_ws/build/my_cpp_pkg' returned '0': CMAKE_PREFIX_PATH=${CMAKE_PREFIX_PATH}:/home/feyzieren/ros2_ws/install/my_py_pkg:/opt/ros/humble /usr/bin/cmake --build /home/feyzieren/ros2_ws/build/my_cpp_pkg -- -j12 -l12
[10.125s] Invoking command in '/home/feyzieren/ros2_ws/build/my_cpp_pkg': CMAKE_PREFIX_PATH=${CMAKE_PREFIX_PATH}:/home/feyzieren/ros2_ws/install/my_py_pkg:/opt/ros/humble /usr/bin/cmake --install /home/feyzieren/ros2_ws/build/my_cpp_pkg
[10.142s] -- Install configuration: ""
[10.143s] -- Execute custom install script
[10.143s] -- Up-to-date symlink: /home/feyzieren/ros2_ws/install/my_cpp_pkg/lib/my_cpp_pkg/cpp_node
[10.144s] -- Up-to-date symlink: /home/feyzieren/ros2_ws/install/my_cpp_pkg/lib/my_cpp_pkg/robot_news_station
[10.144s] -- Up-to-date symlink: /home/feyzieren/ros2_ws/install/my_cpp_pkg/lib/my_cpp_pkg/smartphone
[10.144s] -- Symlinking: /home/feyzieren/ros2_ws/install/my_cpp_pkg/lib/my_cpp_pkg/number_publisher
[10.157s] -- Symlinking: /home/feyzieren/ros2_ws/install/my_cpp_pkg/lib/my_cpp_pkg/number_counter
[10.171s] -- Symlinking: /home/feyzieren/ros2_ws/install/my_cpp_pkg/lib/my_cpp_pkg/add_two_ints_server
[10.183s] -- Symlinking: /home/feyzieren/ros2_ws/install/my_cpp_pkg/lib/my_cpp_pkg/add_two_ints_client
[10.200s] -- Symlinking: /home/feyzieren/ros2_ws/install/my_cpp_pkg/lib/my_cpp_pkg/add_two_ints_client_no_oop
[10.220s] -- Up-to-date symlink: /home/feyzieren/ros2_ws/install/my_cpp_pkg/share/ament_index/resource_index/package_run_dependencies/my_cpp_pkg
[10.220s] -- Up-to-date symlink: /home/feyzieren/ros2_ws/install/my_cpp_pkg/share/ament_index/resource_index/parent_prefix_path/my_cpp_pkg
[10.221s] -- Up-to-date symlink: /home/feyzieren/ros2_ws/install/my_cpp_pkg/share/my_cpp_pkg/environment/ament_prefix_path.sh
[10.221s] -- Up-to-date symlink: /home/feyzieren/ros2_ws/install/my_cpp_pkg/share/my_cpp_pkg/environment/ament_prefix_path.dsv
[10.222s] -- Up-to-date symlink: /home/feyzieren/ros2_ws/install/my_cpp_pkg/share/my_cpp_pkg/environment/path.sh
[10.222s] -- Up-to-date symlink: /home/feyzieren/ros2_ws/install/my_cpp_pkg/share/my_cpp_pkg/environment/path.dsv
[10.223s] -- Up-to-date symlink: /home/feyzieren/ros2_ws/install/my_cpp_pkg/share/my_cpp_pkg/local_setup.bash
[10.223s] -- Up-to-date symlink: /home/feyzieren/ros2_ws/install/my_cpp_pkg/share/my_cpp_pkg/local_setup.sh
[10.224s] -- Up-to-date symlink: /home/feyzieren/ros2_ws/install/my_cpp_pkg/share/my_cpp_pkg/local_setup.zsh
[10.224s] -- Up-to-date symlink: /home/feyzieren/ros2_ws/install/my_cpp_pkg/share/my_cpp_pkg/local_setup.dsv
[10.224s] -- Symlinking: /home/feyzieren/ros2_ws/install/my_cpp_pkg/share/my_cpp_pkg/package.dsv
[10.237s] -- Up-to-date symlink: /home/feyzieren/ros2_ws/install/my_cpp_pkg/share/ament_index/resource_index/packages/my_cpp_pkg
[10.237s] -- Up-to-date symlink: /home/feyzieren/ros2_ws/install/my_cpp_pkg/share/my_cpp_pkg/cmake/my_cpp_pkgConfig.cmake
[10.237s] -- Up-to-date symlink: /home/feyzieren/ros2_ws/install/my_cpp_pkg/share/my_cpp_pkg/cmake/my_cpp_pkgConfig-version.cmake
[10.238s] -- Up-to-date symlink: /home/feyzieren/ros2_ws/install/my_cpp_pkg/share/my_cpp_pkg/package.xml
[10.244s] Invoked command in '/home/feyzieren/ros2_ws/build/my_cpp_pkg' returned '0': CMAKE_PREFIX_PATH=${CMAKE_PREFIX_PATH}:/home/feyzieren/ros2_ws/install/my_py_pkg:/opt/ros/humble /usr/bin/cmake --install /home/feyzieren/ros2_ws/build/my_cpp_pkg
