[0.725s] Invoking command in '/home/feyzieren/ros2_ws/src/my_py_pkg': PYTHONPATH=/home/feyzieren/ros2_ws/build/my_py_pkg/prefix_override:/usr/lib/python3/dist-packages/colcon_core/task/python/colcon_distutils_commands:/home/feyzieren/ros2_ws/install/my_py_pkg/lib/python3.10/site-packages:${PYTHONPATH} /usr/bin/python3 -W ignore:setup.py install is deprecated setup.py egg_info --egg-base ../../build/my_py_pkg build --build-base /home/feyzieren/ros2_ws/build/my_py_pkg/build install --record /home/feyzieren/ros2_ws/build/my_py_pkg/install.log --single-version-externally-managed install_data
[0.992s] running egg_info
[0.992s] writing ../../build/my_py_pkg/my_py_pkg.egg-info/PKG-INFO
[0.993s] writing dependency_links to ../../build/my_py_pkg/my_py_pkg.egg-info/dependency_links.txt
[0.993s] writing entry points to ../../build/my_py_pkg/my_py_pkg.egg-info/entry_points.txt
[0.993s] writing requirements to ../../build/my_py_pkg/my_py_pkg.egg-info/requires.txt
[0.994s] writing top-level names to ../../build/my_py_pkg/my_py_pkg.egg-info/top_level.txt
[0.996s] reading manifest file '../../build/my_py_pkg/my_py_pkg.egg-info/SOURCES.txt'
[0.997s] writing manifest file '../../build/my_py_pkg/my_py_pkg.egg-info/SOURCES.txt'
[0.997s] running build
[0.997s] running build_py
[0.998s] copying my_py_pkg/number_publisher.py -> /home/feyzieren/ros2_ws/build/my_py_pkg/build/lib/my_py_pkg
[0.998s] running install
[0.998s] running install_lib
[1.000s] copying /home/feyzieren/ros2_ws/build/my_py_pkg/build/lib/my_py_pkg/number_publisher.py -> /home/feyzieren/ros2_ws/install/my_py_pkg/lib/python3.10/site-packages/my_py_pkg
[1.000s] byte-compiling /home/feyzieren/ros2_ws/install/my_py_pkg/lib/python3.10/site-packages/my_py_pkg/number_publisher.py to number_publisher.cpython-310.pyc
[1.001s] running install_data
[1.001s] copying package.xml -> /home/feyzieren/ros2_ws/install/my_py_pkg/share/my_py_pkg
[1.001s] running install_egg_info
[1.004s] removing '/home/feyzieren/ros2_ws/install/my_py_pkg/lib/python3.10/site-packages/my_py_pkg-0.0.0-py3.10.egg-info' (and everything under it)
[1.004s] Copying ../../build/my_py_pkg/my_py_pkg.egg-info to /home/feyzieren/ros2_ws/install/my_py_pkg/lib/python3.10/site-packages/my_py_pkg-0.0.0-py3.10.egg-info
[1.006s] running install_scripts
[1.029s] Installing number_publisher script to /home/feyzieren/ros2_ws/install/my_py_pkg/lib/my_py_pkg
[1.029s] Installing py_node script to /home/feyzieren/ros2_ws/install/my_py_pkg/lib/my_py_pkg
[1.029s] Installing robot_news_station script to /home/feyzieren/ros2_ws/install/my_py_pkg/lib/my_py_pkg
[1.030s] Installing smartphone script to /home/feyzieren/ros2_ws/install/my_py_pkg/lib/my_py_pkg
[1.030s] writing list of installed files to '/home/feyzieren/ros2_ws/build/my_py_pkg/install.log'
[1.058s] Invoked command in '/home/feyzieren/ros2_ws/src/my_py_pkg' returned '0': PYTHONPATH=/home/feyzieren/ros2_ws/build/my_py_pkg/prefix_override:/usr/lib/python3/dist-packages/colcon_core/task/python/colcon_distutils_commands:/home/feyzieren/ros2_ws/install/my_py_pkg/lib/python3.10/site-packages:${PYTHONPATH} /usr/bin/python3 -W ignore:setup.py install is deprecated setup.py egg_info --egg-base ../../build/my_py_pkg build --build-base /home/feyzieren/ros2_ws/build/my_py_pkg/build install --record /home/feyzieren/ros2_ws/build/my_py_pkg/install.log --single-version-externally-managed install_data
