[0.821s] Invoking command in '/home/feyzieren/ros2_ws/src/my_py_pkg': PYTHONPATH=/home/feyzieren/ros2_ws/src/build/my_py_pkg/prefix_override:/usr/lib/python3/dist-packages/colcon_core/task/python/colcon_distutils_commands:/home/feyzieren/ros2_ws/src/install/my_py_pkg/lib/python3.10/site-packages:${PYTHONPATH} /usr/bin/python3 -W ignore:setup.py install is deprecated setup.py egg_info --egg-base ../build/my_py_pkg build --build-base /home/feyzieren/ros2_ws/src/build/my_py_pkg/build install --record /home/feyzieren/ros2_ws/src/build/my_py_pkg/install.log --single-version-externally-managed install_data
[1.104s] running egg_info
[1.105s] writing ../build/my_py_pkg/my_py_pkg.egg-info/PKG-INFO
[1.105s] writing dependency_links to ../build/my_py_pkg/my_py_pkg.egg-info/dependency_links.txt
[1.105s] writing entry points to ../build/my_py_pkg/my_py_pkg.egg-info/entry_points.txt
[1.106s] writing requirements to ../build/my_py_pkg/my_py_pkg.egg-info/requires.txt
[1.106s] writing top-level names to ../build/my_py_pkg/my_py_pkg.egg-info/top_level.txt
[1.107s] reading manifest file '../build/my_py_pkg/my_py_pkg.egg-info/SOURCES.txt'
[1.108s] writing manifest file '../build/my_py_pkg/my_py_pkg.egg-info/SOURCES.txt'
[1.108s] running build
[1.108s] running build_py
[1.108s] running install
[1.109s] running install_lib
[1.110s] running install_data
[1.111s] running install_egg_info
[1.112s] removing '/home/feyzieren/ros2_ws/src/install/my_py_pkg/lib/python3.10/site-packages/my_py_pkg-0.0.0-py3.10.egg-info' (and everything under it)
[1.113s] Copying ../build/my_py_pkg/my_py_pkg.egg-info to /home/feyzieren/ros2_ws/src/install/my_py_pkg/lib/python3.10/site-packages/my_py_pkg-0.0.0-py3.10.egg-info
[1.114s] running install_scripts
[1.138s] writing list of installed files to '/home/feyzieren/ros2_ws/src/build/my_py_pkg/install.log'
[1.170s] Invoked command in '/home/feyzieren/ros2_ws/src/my_py_pkg' returned '0': PYTHONPATH=/home/feyzieren/ros2_ws/src/build/my_py_pkg/prefix_override:/usr/lib/python3/dist-packages/colcon_core/task/python/colcon_distutils_commands:/home/feyzieren/ros2_ws/src/install/my_py_pkg/lib/python3.10/site-packages:${PYTHONPATH} /usr/bin/python3 -W ignore:setup.py install is deprecated setup.py egg_info --egg-base ../build/my_py_pkg build --build-base /home/feyzieren/ros2_ws/src/build/my_py_pkg/build install --record /home/feyzieren/ros2_ws/src/build/my_py_pkg/install.log --single-version-externally-managed install_data
