[0.810s] Invoking command in '/home/feyzieren/ros2_ws/src/my_py_pkg': PYTHONPATH=/home/feyzieren/ros2_ws/build/my_py_pkg/prefix_override:/usr/lib/python3/dist-packages/colcon_core/task/python/colcon_distutils_commands:/home/feyzieren/ros2_ws/install/my_py_pkg/lib/python3.10/site-packages:${PYTHONPATH} /usr/bin/python3 -W ignore:setup.py install is deprecated setup.py egg_info --egg-base ../../build/my_py_pkg build --build-base /home/feyzieren/ros2_ws/build/my_py_pkg/build install --record /home/feyzieren/ros2_ws/build/my_py_pkg/install.log --single-version-externally-managed install_data
[1.116s] running egg_info
[1.117s] writing ../../build/my_py_pkg/my_py_pkg.egg-info/PKG-INFO
[1.117s] writing dependency_links to ../../build/my_py_pkg/my_py_pkg.egg-info/dependency_links.txt
[1.118s] writing entry points to ../../build/my_py_pkg/my_py_pkg.egg-info/entry_points.txt
[1.118s] writing requirements to ../../build/my_py_pkg/my_py_pkg.egg-info/requires.txt
[1.118s] writing top-level names to ../../build/my_py_pkg/my_py_pkg.egg-info/top_level.txt
[1.120s] reading manifest file '../../build/my_py_pkg/my_py_pkg.egg-info/SOURCES.txt'
[1.121s] writing manifest file '../../build/my_py_pkg/my_py_pkg.egg-info/SOURCES.txt'
[1.122s] running build
[1.122s] running build_py
[1.122s] copying my_py_pkg/robot_news_station.py -> /home/feyzieren/ros2_ws/build/my_py_pkg/build/lib/my_py_pkg
[1.122s] running install
[1.123s] running install_lib
[1.124s] copying /home/feyzieren/ros2_ws/build/my_py_pkg/build/lib/my_py_pkg/robot_news_station.py -> /home/feyzieren/ros2_ws/install/my_py_pkg/lib/python3.10/site-packages/my_py_pkg
[1.125s] byte-compiling /home/feyzieren/ros2_ws/install/my_py_pkg/lib/python3.10/site-packages/my_py_pkg/robot_news_station.py to robot_news_station.cpython-310.pyc
[1.126s] running install_data
[1.126s] running install_egg_info
[1.128s] removing '/home/feyzieren/ros2_ws/install/my_py_pkg/lib/python3.10/site-packages/my_py_pkg-0.0.0-py3.10.egg-info' (and everything under it)
[1.129s] Copying ../../build/my_py_pkg/my_py_pkg.egg-info to /home/feyzieren/ros2_ws/install/my_py_pkg/lib/python3.10/site-packages/my_py_pkg-0.0.0-py3.10.egg-info
[1.130s] running install_scripts
[1.159s] Installing py_node script to /home/feyzieren/ros2_ws/install/my_py_pkg/lib/my_py_pkg
[1.160s] Installing robot_news_station script to /home/feyzieren/ros2_ws/install/my_py_pkg/lib/my_py_pkg
[1.160s] writing list of installed files to '/home/feyzieren/ros2_ws/build/my_py_pkg/install.log'
[1.195s] Invoked command in '/home/feyzieren/ros2_ws/src/my_py_pkg' returned '0': PYTHONPATH=/home/feyzieren/ros2_ws/build/my_py_pkg/prefix_override:/usr/lib/python3/dist-packages/colcon_core/task/python/colcon_distutils_commands:/home/feyzieren/ros2_ws/install/my_py_pkg/lib/python3.10/site-packages:${PYTHONPATH} /usr/bin/python3 -W ignore:setup.py install is deprecated setup.py egg_info --egg-base ../../build/my_py_pkg build --build-base /home/feyzieren/ros2_ws/build/my_py_pkg/build install --record /home/feyzieren/ros2_ws/build/my_py_pkg/install.log --single-version-externally-managed install_data
