[0.121s] DEBUG:colcon:Command line arguments: ['/usr/bin/colcon', 'build']
[0.121s] DEBUG:colcon:Parsed command line arguments: Namespace(log_base=None, log_level=None, verb_name='build', build_base='build', install_base='install', merge_install=False, symlink_install=False, test_result_base=None, continue_on_error=False, executor='parallel', parallel_workers=12, event_handlers=None, ignore_user_meta=False, metas=['./colcon.meta'], base_paths=['.'], packages_ignore=None, packages_ignore_regex=None, paths=None, packages_up_to=None, packages_up_to_regex=None, packages_above=None, packages_above_and_dependencies=None, packages_above_depth=None, packages_select_by_dep=None, packages_skip_by_dep=None, packages_skip_up_to=None, packages_select_build_failed=False, packages_skip_build_finished=False, packages_select_test_failures=False, packages_skip_test_passed=False, packages_select=None, packages_skip=None, packages_select_regex=None, packages_skip_regex=None, packages_start=None, packages_end=None, allow_overriding=[], cmake_args=None, cmake_target=None, cmake_target_skip_unavailable=False, cmake_clean_cache=False, cmake_clean_first=False, cmake_force_configure=False, ament_cmake_args=None, catkin_cmake_args=None, catkin_skip_building_tests=False, mixin_files=None, mixin=None, verb_parser=<colcon_mixin.mixin.mixin_argument.MixinArgumentDecorator object at 0x74a774d26a40>, verb_extension=<colcon_core.verb.build.BuildVerb object at 0x74a774e1ef80>, main=<bound method BuildVerb.main of <colcon_core.verb.build.BuildVerb object at 0x74a774e1ef80>>, mixin_verb=('build',))
[0.312s] Level 1:colcon.colcon_core.package_discovery:discover_packages(colcon_meta) check parameters
[0.312s] Level 1:colcon.colcon_core.package_discovery:discover_packages(recursive) check parameters
[0.312s] Level 1:colcon.colcon_core.package_discovery:discover_packages(ignore) check parameters
[0.312s] Level 1:colcon.colcon_core.package_discovery:discover_packages(path) check parameters
[0.312s] Level 1:colcon.colcon_core.package_discovery:discover_packages(colcon_meta) discover
[0.312s] Level 1:colcon.colcon_core.package_discovery:discover_packages(recursive) discover
[0.312s] INFO:colcon.colcon_core.package_discovery:Crawling recursively for packages in '/home/feyzieren/ros2_ws'
[0.312s] Level 1:colcon.colcon_core.package_identification:_identify(.) by extensions ['ignore', 'ignore_ament_install']
[0.312s] Level 1:colcon.colcon_core.package_identification:_identify(.) by extension 'ignore'
[0.312s] Level 1:colcon.colcon_core.package_identification:_identify(.) by extension 'ignore_ament_install'
[0.313s] Level 1:colcon.colcon_core.package_identification:_identify(.) by extensions ['colcon_pkg']
[0.313s] Level 1:colcon.colcon_core.package_identification:_identify(.) by extension 'colcon_pkg'
[0.313s] Level 1:colcon.colcon_core.package_identification:_identify(.) by extensions ['colcon_meta']
[0.313s] Level 1:colcon.colcon_core.package_identification:_identify(.) by extension 'colcon_meta'
[0.313s] Level 1:colcon.colcon_core.package_identification:_identify(.) by extensions ['ros']
[0.313s] Level 1:colcon.colcon_core.package_identification:_identify(.) by extension 'ros'
[0.325s] Level 1:colcon.colcon_core.package_identification:_identify(.) by extensions ['cmake', 'python']
[0.325s] Level 1:colcon.colcon_core.package_identification:_identify(.) by extension 'cmake'
[0.325s] Level 1:colcon.colcon_core.package_identification:_identify(.) by extension 'python'
[0.325s] Level 1:colcon.colcon_core.package_identification:_identify(.) by extensions ['python_setup_py']
[0.325s] Level 1:colcon.colcon_core.package_identification:_identify(.) by extension 'python_setup_py'
[0.325s] Level 1:colcon.colcon_core.package_identification:_identify(build) by extensions ['ignore', 'ignore_ament_install']
[0.325s] Level 1:colcon.colcon_core.package_identification:_identify(build) by extension 'ignore'
[0.326s] Level 1:colcon.colcon_core.package_identification:_identify(build) ignored
[0.326s] Level 1:colcon.colcon_core.package_identification:_identify(install) by extensions ['ignore', 'ignore_ament_install']
[0.326s] Level 1:colcon.colcon_core.package_identification:_identify(install) by extension 'ignore'
[0.327s] Level 1:colcon.colcon_core.package_identification:_identify(install) ignored
[0.327s] Level 1:colcon.colcon_core.package_identification:_identify(log) by extensions ['ignore', 'ignore_ament_install']
[0.327s] Level 1:colcon.colcon_core.package_identification:_identify(log) by extension 'ignore'
[0.327s] Level 1:colcon.colcon_core.package_identification:_identify(log) ignored
[0.327s] Level 1:colcon.colcon_core.package_identification:_identify(src) by extensions ['ignore', 'ignore_ament_install']
[0.328s] Level 1:colcon.colcon_core.package_identification:_identify(src) by extension 'ignore'
[0.328s] Level 1:colcon.colcon_core.package_identification:_identify(src) by extension 'ignore_ament_install'
[0.328s] Level 1:colcon.colcon_core.package_identification:_identify(src) by extensions ['colcon_pkg']
[0.328s] Level 1:colcon.colcon_core.package_identification:_identify(src) by extension 'colcon_pkg'
[0.328s] Level 1:colcon.colcon_core.package_identification:_identify(src) by extensions ['colcon_meta']
[0.328s] Level 1:colcon.colcon_core.package_identification:_identify(src) by extension 'colcon_meta'
[0.328s] Level 1:colcon.colcon_core.package_identification:_identify(src) by extensions ['ros']
[0.328s] Level 1:colcon.colcon_core.package_identification:_identify(src) by extension 'ros'
[0.328s] Level 1:colcon.colcon_core.package_identification:_identify(src) by extensions ['cmake', 'python']
[0.328s] Level 1:colcon.colcon_core.package_identification:_identify(src) by extension 'cmake'
[0.328s] Level 1:colcon.colcon_core.package_identification:_identify(src) by extension 'python'
[0.328s] Level 1:colcon.colcon_core.package_identification:_identify(src) by extensions ['python_setup_py']
[0.329s] Level 1:colcon.colcon_core.package_identification:_identify(src) by extension 'python_setup_py'
[0.329s] Level 1:colcon.colcon_core.package_identification:_identify(src/build) by extensions ['ignore', 'ignore_ament_install']
[0.329s] Level 1:colcon.colcon_core.package_identification:_identify(src/build) by extension 'ignore'
[0.329s] Level 1:colcon.colcon_core.package_identification:_identify(src/build) ignored
[0.329s] Level 1:colcon.colcon_core.package_identification:_identify(src/install) by extensions ['ignore', 'ignore_ament_install']
[0.329s] Level 1:colcon.colcon_core.package_identification:_identify(src/install) by extension 'ignore'
[0.329s] Level 1:colcon.colcon_core.package_identification:_identify(src/install) ignored
[0.329s] Level 1:colcon.colcon_core.package_identification:_identify(src/log) by extensions ['ignore', 'ignore_ament_install']
[0.329s] Level 1:colcon.colcon_core.package_identification:_identify(src/log) by extension 'ignore'
[0.329s] Level 1:colcon.colcon_core.package_identification:_identify(src/log) ignored
[0.330s] Level 1:colcon.colcon_core.package_identification:_identify(src/my_cpp_pkg) by extensions ['ignore', 'ignore_ament_install']
[0.330s] Level 1:colcon.colcon_core.package_identification:_identify(src/my_cpp_pkg) by extension 'ignore'
[0.330s] Level 1:colcon.colcon_core.package_identification:_identify(src/my_cpp_pkg) by extension 'ignore_ament_install'
[0.330s] Level 1:colcon.colcon_core.package_identification:_identify(src/my_cpp_pkg) by extensions ['colcon_pkg']
[0.330s] Level 1:colcon.colcon_core.package_identification:_identify(src/my_cpp_pkg) by extension 'colcon_pkg'
[0.330s] Level 1:colcon.colcon_core.package_identification:_identify(src/my_cpp_pkg) by extensions ['colcon_meta']
[0.330s] Level 1:colcon.colcon_core.package_identification:_identify(src/my_cpp_pkg) by extension 'colcon_meta'
[0.330s] Level 1:colcon.colcon_core.package_identification:_identify(src/my_cpp_pkg) by extensions ['ros']
[0.330s] Level 1:colcon.colcon_core.package_identification:_identify(src/my_cpp_pkg) by extension 'ros'
[0.333s] DEBUG:colcon.colcon_core.package_identification:Package 'src/my_cpp_pkg' with type 'ros.ament_cmake' and name 'my_cpp_pkg'
[0.333s] Level 1:colcon.colcon_core.package_identification:_identify(src/my_py_pkg) by extensions ['ignore', 'ignore_ament_install']
[0.333s] Level 1:colcon.colcon_core.package_identification:_identify(src/my_py_pkg) by extension 'ignore'
[0.333s] Level 1:colcon.colcon_core.package_identification:_identify(src/my_py_pkg) by extension 'ignore_ament_install'
[0.333s] Level 1:colcon.colcon_core.package_identification:_identify(src/my_py_pkg) by extensions ['colcon_pkg']
[0.333s] Level 1:colcon.colcon_core.package_identification:_identify(src/my_py_pkg) by extension 'colcon_pkg'
[0.333s] Level 1:colcon.colcon_core.package_identification:_identify(src/my_py_pkg) by extensions ['colcon_meta']
[0.333s] Level 1:colcon.colcon_core.package_identification:_identify(src/my_py_pkg) by extension 'colcon_meta'
[0.334s] Level 1:colcon.colcon_core.package_identification:_identify(src/my_py_pkg) by extensions ['ros']
[0.334s] Level 1:colcon.colcon_core.package_identification:_identify(src/my_py_pkg) by extension 'ros'
[0.334s] DEBUG:colcon.colcon_core.package_identification:Package 'src/my_py_pkg' with type 'ros.ament_python' and name 'my_py_pkg'
[0.334s] Level 1:colcon.colcon_core.package_identification:_identify(src/my_robot_interfaces) by extensions ['ignore', 'ignore_ament_install']
[0.335s] Level 1:colcon.colcon_core.package_identification:_identify(src/my_robot_interfaces) by extension 'ignore'
[0.335s] Level 1:colcon.colcon_core.package_identification:_identify(src/my_robot_interfaces) by extension 'ignore_ament_install'
[0.335s] Level 1:colcon.colcon_core.package_identification:_identify(src/my_robot_interfaces) by extensions ['colcon_pkg']
[0.335s] Level 1:colcon.colcon_core.package_identification:_identify(src/my_robot_interfaces) by extension 'colcon_pkg'
[0.335s] Level 1:colcon.colcon_core.package_identification:_identify(src/my_robot_interfaces) by extensions ['colcon_meta']
[0.335s] Level 1:colcon.colcon_core.package_identification:_identify(src/my_robot_interfaces) by extension 'colcon_meta'
[0.335s] Level 1:colcon.colcon_core.package_identification:_identify(src/my_robot_interfaces) by extensions ['ros']
[0.335s] Level 1:colcon.colcon_core.package_identification:_identify(src/my_robot_interfaces) by extension 'ros'
[0.336s] DEBUG:colcon.colcon_core.package_identification:Package 'src/my_robot_interfaces' with type 'ros.ament_cmake' and name 'my_robot_interfaces'
[0.336s] Level 1:colcon.colcon_core.package_discovery:discover_packages(recursive) using defaults
[0.336s] Level 1:colcon.colcon_core.package_discovery:discover_packages(ignore) discover
[0.336s] Level 1:colcon.colcon_core.package_discovery:discover_packages(ignore) using defaults
[0.336s] Level 1:colcon.colcon_core.package_discovery:discover_packages(path) discover
[0.336s] Level 1:colcon.colcon_core.package_discovery:discover_packages(path) using defaults
[0.369s] Level 1:colcon.colcon_core.package_discovery:discover_packages(prefix_path) check parameters
[0.370s] Level 1:colcon.colcon_core.package_discovery:discover_packages(prefix_path) discover
[0.371s] DEBUG:colcon.colcon_installed_package_information.package_discovery:Found 3 installed packages in /home/feyzieren/ros2_ws/install
[0.373s] DEBUG:colcon.colcon_installed_package_information.package_discovery:Found 284 installed packages in /opt/ros/humble
[0.375s] Level 1:colcon.colcon_core.package_discovery:discover_packages(prefix_path) using defaults
[0.417s] Level 5:colcon.colcon_core.verb:set package 'my_cpp_pkg' build argument 'cmake_args' from command line to 'None'
[0.417s] Level 5:colcon.colcon_core.verb:set package 'my_cpp_pkg' build argument 'cmake_target' from command line to 'None'
[0.417s] Level 5:colcon.colcon_core.verb:set package 'my_cpp_pkg' build argument 'cmake_target_skip_unavailable' from command line to 'False'
[0.417s] Level 5:colcon.colcon_core.verb:set package 'my_cpp_pkg' build argument 'cmake_clean_cache' from command line to 'False'
[0.417s] Level 5:colcon.colcon_core.verb:set package 'my_cpp_pkg' build argument 'cmake_clean_first' from command line to 'False'
[0.417s] Level 5:colcon.colcon_core.verb:set package 'my_cpp_pkg' build argument 'cmake_force_configure' from command line to 'False'
[0.417s] Level 5:colcon.colcon_core.verb:set package 'my_cpp_pkg' build argument 'ament_cmake_args' from command line to 'None'
[0.417s] Level 5:colcon.colcon_core.verb:set package 'my_cpp_pkg' build argument 'catkin_cmake_args' from command line to 'None'
[0.417s] Level 5:colcon.colcon_core.verb:set package 'my_cpp_pkg' build argument 'catkin_skip_building_tests' from command line to 'False'
[0.417s] DEBUG:colcon.colcon_core.verb:Building package 'my_cpp_pkg' with the following arguments: {'ament_cmake_args': None, 'build_base': '/home/feyzieren/ros2_ws/build/my_cpp_pkg', 'catkin_cmake_args': None, 'catkin_skip_building_tests': False, 'cmake_args': None, 'cmake_clean_cache': False, 'cmake_clean_first': False, 'cmake_force_configure': False, 'cmake_target': None, 'cmake_target_skip_unavailable': False, 'install_base': '/home/feyzieren/ros2_ws/install/my_cpp_pkg', 'merge_install': False, 'path': '/home/feyzieren/ros2_ws/src/my_cpp_pkg', 'symlink_install': False, 'test_result_base': None}
[0.418s] Level 5:colcon.colcon_core.verb:set package 'my_py_pkg' build argument 'cmake_args' from command line to 'None'
[0.418s] Level 5:colcon.colcon_core.verb:set package 'my_py_pkg' build argument 'cmake_target' from command line to 'None'
[0.418s] Level 5:colcon.colcon_core.verb:set package 'my_py_pkg' build argument 'cmake_target_skip_unavailable' from command line to 'False'
[0.418s] Level 5:colcon.colcon_core.verb:set package 'my_py_pkg' build argument 'cmake_clean_cache' from command line to 'False'
[0.418s] Level 5:colcon.colcon_core.verb:set package 'my_py_pkg' build argument 'cmake_clean_first' from command line to 'False'
[0.418s] Level 5:colcon.colcon_core.verb:set package 'my_py_pkg' build argument 'cmake_force_configure' from command line to 'False'
[0.418s] Level 5:colcon.colcon_core.verb:set package 'my_py_pkg' build argument 'ament_cmake_args' from command line to 'None'
[0.418s] Level 5:colcon.colcon_core.verb:set package 'my_py_pkg' build argument 'catkin_cmake_args' from command line to 'None'
[0.418s] Level 5:colcon.colcon_core.verb:set package 'my_py_pkg' build argument 'catkin_skip_building_tests' from command line to 'False'
[0.418s] DEBUG:colcon.colcon_core.verb:Building package 'my_py_pkg' with the following arguments: {'ament_cmake_args': None, 'build_base': '/home/feyzieren/ros2_ws/build/my_py_pkg', 'catkin_cmake_args': None, 'catkin_skip_building_tests': False, 'cmake_args': None, 'cmake_clean_cache': False, 'cmake_clean_first': False, 'cmake_force_configure': False, 'cmake_target': None, 'cmake_target_skip_unavailable': False, 'install_base': '/home/feyzieren/ros2_ws/install/my_py_pkg', 'merge_install': False, 'path': '/home/feyzieren/ros2_ws/src/my_py_pkg', 'symlink_install': False, 'test_result_base': None}
[0.419s] Level 5:colcon.colcon_core.verb:set package 'my_robot_interfaces' build argument 'cmake_args' from command line to 'None'
[0.419s] Level 5:colcon.colcon_core.verb:set package 'my_robot_interfaces' build argument 'cmake_target' from command line to 'None'
[0.419s] Level 5:colcon.colcon_core.verb:set package 'my_robot_interfaces' build argument 'cmake_target_skip_unavailable' from command line to 'False'
[0.419s] Level 5:colcon.colcon_core.verb:set package 'my_robot_interfaces' build argument 'cmake_clean_cache' from command line to 'False'
[0.419s] Level 5:colcon.colcon_core.verb:set package 'my_robot_interfaces' build argument 'cmake_clean_first' from command line to 'False'
[0.419s] Level 5:colcon.colcon_core.verb:set package 'my_robot_interfaces' build argument 'cmake_force_configure' from command line to 'False'
[0.419s] Level 5:colcon.colcon_core.verb:set package 'my_robot_interfaces' build argument 'ament_cmake_args' from command line to 'None'
[0.419s] Level 5:colcon.colcon_core.verb:set package 'my_robot_interfaces' build argument 'catkin_cmake_args' from command line to 'None'
[0.419s] Level 5:colcon.colcon_core.verb:set package 'my_robot_interfaces' build argument 'catkin_skip_building_tests' from command line to 'False'
[0.419s] DEBUG:colcon.colcon_core.verb:Building package 'my_robot_interfaces' with the following arguments: {'ament_cmake_args': None, 'build_base': '/home/feyzieren/ros2_ws/build/my_robot_interfaces', 'catkin_cmake_args': None, 'catkin_skip_building_tests': False, 'cmake_args': None, 'cmake_clean_cache': False, 'cmake_clean_first': False, 'cmake_force_configure': False, 'cmake_target': None, 'cmake_target_skip_unavailable': False, 'install_base': '/home/feyzieren/ros2_ws/install/my_robot_interfaces', 'merge_install': False, 'path': '/home/feyzieren/ros2_ws/src/my_robot_interfaces', 'symlink_install': False, 'test_result_base': None}
[0.419s] INFO:colcon.colcon_core.executor:Executing jobs using 'parallel' executor
[0.420s] DEBUG:colcon.colcon_parallel_executor.executor.parallel:run_until_complete
[0.420s] INFO:colcon.colcon_ros.task.ament_cmake.build:Building ROS package in '/home/feyzieren/ros2_ws/src/my_cpp_pkg' with build type 'ament_cmake'
[0.420s] INFO:colcon.colcon_cmake.task.cmake.build:Building CMake package in '/home/feyzieren/ros2_ws/src/my_cpp_pkg'
[0.423s] INFO:colcon.colcon_core.plugin_system:Skipping extension 'colcon_core.shell.bat': Not used on non-Windows systems
[0.423s] INFO:colcon.colcon_core.shell:Skip shell extension 'powershell' for command environment: Not usable outside of PowerShell
[0.423s] DEBUG:colcon.colcon_core.shell:Skip shell extension 'dsv' for command environment
[0.428s] INFO:colcon.colcon_ros.task.ament_python.build:Building ROS package in '/home/feyzieren/ros2_ws/src/my_py_pkg' with build type 'ament_python'
[0.428s] Level 1:colcon.colcon_core.shell:create_environment_hook('my_py_pkg', 'ament_prefix_path')
[0.428s] INFO:colcon.colcon_core.shell:Creating environment hook '/home/feyzieren/ros2_ws/install/my_py_pkg/share/my_py_pkg/hook/ament_prefix_path.ps1'
[0.429s] INFO:colcon.colcon_core.shell:Creating environment descriptor '/home/feyzieren/ros2_ws/install/my_py_pkg/share/my_py_pkg/hook/ament_prefix_path.dsv'
[0.430s] INFO:colcon.colcon_core.shell:Creating environment hook '/home/feyzieren/ros2_ws/install/my_py_pkg/share/my_py_pkg/hook/ament_prefix_path.sh'
[0.430s] INFO:colcon.colcon_core.shell:Skip shell extension 'powershell' for command environment: Not usable outside of PowerShell
[0.430s] DEBUG:colcon.colcon_core.shell:Skip shell extension 'dsv' for command environment
[0.435s] INFO:colcon.colcon_ros.task.ament_cmake.build:Building ROS package in '/home/feyzieren/ros2_ws/src/my_robot_interfaces' with build type 'ament_cmake'
[0.435s] INFO:colcon.colcon_cmake.task.cmake.build:Building CMake package in '/home/feyzieren/ros2_ws/src/my_robot_interfaces'
[0.435s] INFO:colcon.colcon_core.shell:Skip shell extension 'powershell' for command environment: Not usable outside of PowerShell
[0.435s] DEBUG:colcon.colcon_core.shell:Skip shell extension 'dsv' for command environment
[0.446s] DEBUG:colcon.colcon_core.event_handler.log_command:Invoking command in '/home/feyzieren/ros2_ws/build/my_cpp_pkg': CMAKE_PREFIX_PATH=${CMAKE_PREFIX_PATH}:/home/feyzieren/ros2_ws/install/my_py_pkg:/opt/ros/humble /usr/bin/cmake --build /home/feyzieren/ros2_ws/build/my_cpp_pkg -- -j12 -l12
[0.756s] INFO:colcon.colcon_core.task.python.build:Building Python package in '/home/feyzieren/ros2_ws/src/my_py_pkg'
[0.757s] INFO:colcon.colcon_core.shell:Skip shell extension 'powershell' for command environment: Not usable outside of PowerShell
[0.757s] DEBUG:colcon.colcon_core.shell:Skip shell extension 'dsv' for command environment
[0.772s] DEBUG:colcon.colcon_core.event_handler.log_command:Invoking command in '/home/feyzieren/ros2_ws/build/my_robot_interfaces': CMAKE_PREFIX_PATH=${CMAKE_PREFIX_PATH}:/home/feyzieren/ros2_ws/install/my_py_pkg:/opt/ros/humble /usr/bin/cmake /home/feyzieren/ros2_ws/src/my_robot_interfaces -DCMAKE_INSTALL_PREFIX=/home/feyzieren/ros2_ws/install/my_robot_interfaces
[0.773s] DEBUG:colcon.colcon_core.event_handler.log_command:Invoked command in '/home/feyzieren/ros2_ws/build/my_cpp_pkg' returned '0': CMAKE_PREFIX_PATH=${CMAKE_PREFIX_PATH}:/home/feyzieren/ros2_ws/install/my_py_pkg:/opt/ros/humble /usr/bin/cmake --build /home/feyzieren/ros2_ws/build/my_cpp_pkg -- -j12 -l12
[0.849s] DEBUG:colcon.colcon_core.event_handler.log_command:Invoking command in '/home/feyzieren/ros2_ws/build/my_cpp_pkg': CMAKE_PREFIX_PATH=${CMAKE_PREFIX_PATH}:/home/feyzieren/ros2_ws/install/my_py_pkg:/opt/ros/humble /usr/bin/cmake --install /home/feyzieren/ros2_ws/build/my_cpp_pkg
[0.877s] Level 1:colcon.colcon_core.environment:create_environment_scripts_only(my_cpp_pkg)
[0.878s] DEBUG:colcon.colcon_core.event_handler.log_command:Invoked command in '/home/feyzieren/ros2_ws/build/my_cpp_pkg' returned '0': CMAKE_PREFIX_PATH=${CMAKE_PREFIX_PATH}:/home/feyzieren/ros2_ws/install/my_py_pkg:/opt/ros/humble /usr/bin/cmake --install /home/feyzieren/ros2_ws/build/my_cpp_pkg
[0.881s] Level 1:colcon.colcon_core.environment:checking '/home/feyzieren/ros2_ws/install/my_cpp_pkg' for CMake module files
[0.882s] Level 1:colcon.colcon_core.environment:checking '/home/feyzieren/ros2_ws/install/my_cpp_pkg' for CMake config files
[0.883s] Level 1:colcon.colcon_core.shell:create_environment_hook('my_cpp_pkg', 'cmake_prefix_path')
[0.883s] INFO:colcon.colcon_core.shell:Creating environment hook '/home/feyzieren/ros2_ws/install/my_cpp_pkg/share/my_cpp_pkg/hook/cmake_prefix_path.ps1'
[0.884s] INFO:colcon.colcon_core.shell:Creating environment descriptor '/home/feyzieren/ros2_ws/install/my_cpp_pkg/share/my_cpp_pkg/hook/cmake_prefix_path.dsv'
[0.884s] INFO:colcon.colcon_core.shell:Creating environment hook '/home/feyzieren/ros2_ws/install/my_cpp_pkg/share/my_cpp_pkg/hook/cmake_prefix_path.sh'
[0.885s] Level 1:colcon.colcon_core.environment:checking '/home/feyzieren/ros2_ws/install/my_cpp_pkg/lib'
[0.886s] Level 1:colcon.colcon_core.environment:checking '/home/feyzieren/ros2_ws/install/my_cpp_pkg/bin'
[0.886s] Level 1:colcon.colcon_core.environment:checking '/home/feyzieren/ros2_ws/install/my_cpp_pkg/lib/pkgconfig/my_cpp_pkg.pc'
[0.886s] Level 1:colcon.colcon_core.environment:checking '/home/feyzieren/ros2_ws/install/my_cpp_pkg/lib/python3.10/site-packages'
[0.886s] Level 1:colcon.colcon_core.environment:checking '/home/feyzieren/ros2_ws/install/my_cpp_pkg/bin'
[0.887s] INFO:colcon.colcon_core.shell:Creating package script '/home/feyzieren/ros2_ws/install/my_cpp_pkg/share/my_cpp_pkg/package.ps1'
[0.888s] INFO:colcon.colcon_core.shell:Creating package descriptor '/home/feyzieren/ros2_ws/install/my_cpp_pkg/share/my_cpp_pkg/package.dsv'
[0.889s] INFO:colcon.colcon_core.shell:Creating package script '/home/feyzieren/ros2_ws/install/my_cpp_pkg/share/my_cpp_pkg/package.sh'
[0.890s] INFO:colcon.colcon_core.shell:Creating package script '/home/feyzieren/ros2_ws/install/my_cpp_pkg/share/my_cpp_pkg/package.bash'
[0.891s] INFO:colcon.colcon_core.shell:Creating package script '/home/feyzieren/ros2_ws/install/my_cpp_pkg/share/my_cpp_pkg/package.zsh'
[0.892s] Level 1:colcon.colcon_core.environment:create_file_with_runtime_dependencies(/home/feyzieren/ros2_ws/install/my_cpp_pkg/share/colcon-core/packages/my_cpp_pkg)
[0.975s] Level 1:colcon.colcon_core.environment:create_environment_scripts_only(my_cpp_pkg)
[0.976s] Level 1:colcon.colcon_core.environment:checking '/home/feyzieren/ros2_ws/install/my_cpp_pkg' for CMake module files
[0.977s] Level 1:colcon.colcon_core.environment:checking '/home/feyzieren/ros2_ws/install/my_cpp_pkg' for CMake config files
[0.977s] Level 1:colcon.colcon_core.shell:create_environment_hook('my_cpp_pkg', 'cmake_prefix_path')
[0.977s] INFO:colcon.colcon_core.shell:Creating environment hook '/home/feyzieren/ros2_ws/install/my_cpp_pkg/share/my_cpp_pkg/hook/cmake_prefix_path.ps1'
[0.978s] INFO:colcon.colcon_core.shell:Creating environment descriptor '/home/feyzieren/ros2_ws/install/my_cpp_pkg/share/my_cpp_pkg/hook/cmake_prefix_path.dsv'
[0.979s] INFO:colcon.colcon_core.shell:Creating environment hook '/home/feyzieren/ros2_ws/install/my_cpp_pkg/share/my_cpp_pkg/hook/cmake_prefix_path.sh'
[0.979s] Level 1:colcon.colcon_core.environment:checking '/home/feyzieren/ros2_ws/install/my_cpp_pkg/lib'
[0.979s] Level 1:colcon.colcon_core.environment:checking '/home/feyzieren/ros2_ws/install/my_cpp_pkg/bin'
[0.980s] Level 1:colcon.colcon_core.environment:checking '/home/feyzieren/ros2_ws/install/my_cpp_pkg/lib/pkgconfig/my_cpp_pkg.pc'
[0.980s] Level 1:colcon.colcon_core.environment:checking '/home/feyzieren/ros2_ws/install/my_cpp_pkg/lib/python3.10/site-packages'
[0.980s] Level 1:colcon.colcon_core.environment:checking '/home/feyzieren/ros2_ws/install/my_cpp_pkg/bin'
[0.981s] INFO:colcon.colcon_core.shell:Creating package script '/home/feyzieren/ros2_ws/install/my_cpp_pkg/share/my_cpp_pkg/package.ps1'
[0.981s] INFO:colcon.colcon_core.shell:Creating package descriptor '/home/feyzieren/ros2_ws/install/my_cpp_pkg/share/my_cpp_pkg/package.dsv'
[0.982s] INFO:colcon.colcon_core.shell:Creating package script '/home/feyzieren/ros2_ws/install/my_cpp_pkg/share/my_cpp_pkg/package.sh'
[0.983s] INFO:colcon.colcon_core.shell:Creating package script '/home/feyzieren/ros2_ws/install/my_cpp_pkg/share/my_cpp_pkg/package.bash'
[0.983s] INFO:colcon.colcon_core.shell:Creating package script '/home/feyzieren/ros2_ws/install/my_cpp_pkg/share/my_cpp_pkg/package.zsh'
[0.984s] Level 1:colcon.colcon_core.environment:create_file_with_runtime_dependencies(/home/feyzieren/ros2_ws/install/my_cpp_pkg/share/colcon-core/packages/my_cpp_pkg)
[1.200s] DEBUG:colcon.colcon_core.event_handler.log_command:Invoking command in '/home/feyzieren/ros2_ws/src/my_py_pkg': PYTHONPATH=/home/feyzieren/ros2_ws/build/my_py_pkg/prefix_override:/usr/lib/python3/dist-packages/colcon_core/task/python/colcon_distutils_commands:/home/feyzieren/ros2_ws/install/my_py_pkg/lib/python3.10/site-packages:${PYTHONPATH} /usr/bin/python3 -W ignore:setup.py install is deprecated setup.py egg_info --egg-base ../../build/my_py_pkg build --build-base /home/feyzieren/ros2_ws/build/my_py_pkg/build install --record /home/feyzieren/ros2_ws/build/my_py_pkg/install.log --single-version-externally-managed install_data
[1.544s] Level 1:colcon.colcon_core.environment:checking '/home/feyzieren/ros2_ws/install/my_py_pkg' for CMake module files
[1.545s] DEBUG:colcon.colcon_core.event_handler.log_command:Invoked command in '/home/feyzieren/ros2_ws/src/my_py_pkg' returned '0': PYTHONPATH=/home/feyzieren/ros2_ws/build/my_py_pkg/prefix_override:/usr/lib/python3/dist-packages/colcon_core/task/python/colcon_distutils_commands:/home/feyzieren/ros2_ws/install/my_py_pkg/lib/python3.10/site-packages:${PYTHONPATH} /usr/bin/python3 -W ignore:setup.py install is deprecated setup.py egg_info --egg-base ../../build/my_py_pkg build --build-base /home/feyzieren/ros2_ws/build/my_py_pkg/build install --record /home/feyzieren/ros2_ws/build/my_py_pkg/install.log --single-version-externally-managed install_data
[1.546s] Level 1:colcon.colcon_core.environment:checking '/home/feyzieren/ros2_ws/install/my_py_pkg' for CMake config files
[1.548s] Level 1:colcon.colcon_core.environment:checking '/home/feyzieren/ros2_ws/install/my_py_pkg/lib'
[1.548s] Level 1:colcon.colcon_core.environment:checking '/home/feyzieren/ros2_ws/install/my_py_pkg/bin'
[1.548s] Level 1:colcon.colcon_core.environment:checking '/home/feyzieren/ros2_ws/install/my_py_pkg/lib/pkgconfig/my_py_pkg.pc'
[1.549s] Level 1:colcon.colcon_core.environment:checking '/home/feyzieren/ros2_ws/install/my_py_pkg/lib/python3.10/site-packages'
[1.549s] Level 1:colcon.colcon_core.shell:create_environment_hook('my_py_pkg', 'pythonpath')
[1.549s] INFO:colcon.colcon_core.shell:Creating environment hook '/home/feyzieren/ros2_ws/install/my_py_pkg/share/my_py_pkg/hook/pythonpath.ps1'
[1.551s] INFO:colcon.colcon_core.shell:Creating environment descriptor '/home/feyzieren/ros2_ws/install/my_py_pkg/share/my_py_pkg/hook/pythonpath.dsv'
[1.552s] INFO:colcon.colcon_core.shell:Creating environment hook '/home/feyzieren/ros2_ws/install/my_py_pkg/share/my_py_pkg/hook/pythonpath.sh'
[1.553s] Level 1:colcon.colcon_core.environment:checking '/home/feyzieren/ros2_ws/install/my_py_pkg/bin'
[1.554s] Level 1:colcon.colcon_core.environment:create_environment_scripts_only(my_py_pkg)
[1.555s] INFO:colcon.colcon_core.shell:Creating package script '/home/feyzieren/ros2_ws/install/my_py_pkg/share/my_py_pkg/package.ps1'
[1.556s] INFO:colcon.colcon_core.shell:Creating package descriptor '/home/feyzieren/ros2_ws/install/my_py_pkg/share/my_py_pkg/package.dsv'
[1.557s] INFO:colcon.colcon_core.shell:Creating package script '/home/feyzieren/ros2_ws/install/my_py_pkg/share/my_py_pkg/package.sh'
[1.558s] INFO:colcon.colcon_core.shell:Creating package script '/home/feyzieren/ros2_ws/install/my_py_pkg/share/my_py_pkg/package.bash'
[1.559s] INFO:colcon.colcon_core.shell:Creating package script '/home/feyzieren/ros2_ws/install/my_py_pkg/share/my_py_pkg/package.zsh'
[1.560s] Level 1:colcon.colcon_core.environment:create_file_with_runtime_dependencies(/home/feyzieren/ros2_ws/install/my_py_pkg/share/colcon-core/packages/my_py_pkg)
[2.204s] DEBUG:colcon.colcon_core.event_handler.log_command:Invoked command in '/home/feyzieren/ros2_ws/build/my_robot_interfaces' returned '0': CMAKE_PREFIX_PATH=${CMAKE_PREFIX_PATH}:/home/feyzieren/ros2_ws/install/my_py_pkg:/opt/ros/humble /usr/bin/cmake /home/feyzieren/ros2_ws/src/my_robot_interfaces -DCMAKE_INSTALL_PREFIX=/home/feyzieren/ros2_ws/install/my_robot_interfaces
[2.206s] DEBUG:colcon.colcon_core.event_handler.log_command:Invoking command in '/home/feyzieren/ros2_ws/build/my_robot_interfaces': CMAKE_PREFIX_PATH=${CMAKE_PREFIX_PATH}:/home/feyzieren/ros2_ws/install/my_py_pkg:/opt/ros/humble /usr/bin/cmake --build /home/feyzieren/ros2_ws/build/my_robot_interfaces -- -j12 -l12
[4.364s] DEBUG:colcon.colcon_core.event_handler.log_command:Invoked command in '/home/feyzieren/ros2_ws/build/my_robot_interfaces' returned '0': CMAKE_PREFIX_PATH=${CMAKE_PREFIX_PATH}:/home/feyzieren/ros2_ws/install/my_py_pkg:/opt/ros/humble /usr/bin/cmake --build /home/feyzieren/ros2_ws/build/my_robot_interfaces -- -j12 -l12
[4.449s] DEBUG:colcon.colcon_core.event_handler.log_command:Invoking command in '/home/feyzieren/ros2_ws/build/my_robot_interfaces': CMAKE_PREFIX_PATH=${CMAKE_PREFIX_PATH}:/home/feyzieren/ros2_ws/install/my_py_pkg:/opt/ros/humble /usr/bin/cmake --install /home/feyzieren/ros2_ws/build/my_robot_interfaces
[4.542s] Level 1:colcon.colcon_core.environment:create_environment_scripts_only(my_robot_interfaces)
[4.543s] Level 1:colcon.colcon_core.environment:checking '/home/feyzieren/ros2_ws/install/my_robot_interfaces' for CMake module files
[4.544s] DEBUG:colcon.colcon_core.event_handler.log_command:Invoked command in '/home/feyzieren/ros2_ws/build/my_robot_interfaces' returned '0': CMAKE_PREFIX_PATH=${CMAKE_PREFIX_PATH}:/home/feyzieren/ros2_ws/install/my_py_pkg:/opt/ros/humble /usr/bin/cmake --install /home/feyzieren/ros2_ws/build/my_robot_interfaces
[4.546s] Level 1:colcon.colcon_core.environment:checking '/home/feyzieren/ros2_ws/install/my_robot_interfaces' for CMake config files
[4.546s] Level 1:colcon.colcon_core.shell:create_environment_hook('my_robot_interfaces', 'cmake_prefix_path')
[4.547s] INFO:colcon.colcon_core.shell:Creating environment hook '/home/feyzieren/ros2_ws/install/my_robot_interfaces/share/my_robot_interfaces/hook/cmake_prefix_path.ps1'
[4.548s] INFO:colcon.colcon_core.shell:Creating environment descriptor '/home/feyzieren/ros2_ws/install/my_robot_interfaces/share/my_robot_interfaces/hook/cmake_prefix_path.dsv'
[4.549s] INFO:colcon.colcon_core.shell:Creating environment hook '/home/feyzieren/ros2_ws/install/my_robot_interfaces/share/my_robot_interfaces/hook/cmake_prefix_path.sh'
[4.550s] Level 1:colcon.colcon_core.environment:checking '/home/feyzieren/ros2_ws/install/my_robot_interfaces/lib'
[4.551s] Level 1:colcon.colcon_core.shell:create_environment_hook('my_robot_interfaces', 'ld_library_path_lib')
[4.551s] INFO:colcon.colcon_core.shell:Creating environment hook '/home/feyzieren/ros2_ws/install/my_robot_interfaces/share/my_robot_interfaces/hook/ld_library_path_lib.ps1'
[4.552s] INFO:colcon.colcon_core.shell:Creating environment descriptor '/home/feyzieren/ros2_ws/install/my_robot_interfaces/share/my_robot_interfaces/hook/ld_library_path_lib.dsv'
[4.553s] INFO:colcon.colcon_core.shell:Creating environment hook '/home/feyzieren/ros2_ws/install/my_robot_interfaces/share/my_robot_interfaces/hook/ld_library_path_lib.sh'
[4.554s] Level 1:colcon.colcon_core.environment:checking '/home/feyzieren/ros2_ws/install/my_robot_interfaces/bin'
[4.554s] Level 1:colcon.colcon_core.environment:checking '/home/feyzieren/ros2_ws/install/my_robot_interfaces/lib/pkgconfig/my_robot_interfaces.pc'
[4.555s] Level 1:colcon.colcon_core.environment:checking '/home/feyzieren/ros2_ws/install/my_robot_interfaces/lib/python3.10/site-packages'
[4.555s] Level 1:colcon.colcon_core.environment:checking '/home/feyzieren/ros2_ws/install/my_robot_interfaces/bin'
[4.556s] INFO:colcon.colcon_core.shell:Creating package script '/home/feyzieren/ros2_ws/install/my_robot_interfaces/share/my_robot_interfaces/package.ps1'
[4.557s] INFO:colcon.colcon_core.shell:Creating package descriptor '/home/feyzieren/ros2_ws/install/my_robot_interfaces/share/my_robot_interfaces/package.dsv'
[4.558s] INFO:colcon.colcon_core.shell:Creating package script '/home/feyzieren/ros2_ws/install/my_robot_interfaces/share/my_robot_interfaces/package.sh'
[4.560s] INFO:colcon.colcon_core.shell:Creating package script '/home/feyzieren/ros2_ws/install/my_robot_interfaces/share/my_robot_interfaces/package.bash'
[4.560s] INFO:colcon.colcon_core.shell:Creating package script '/home/feyzieren/ros2_ws/install/my_robot_interfaces/share/my_robot_interfaces/package.zsh'
[4.561s] Level 1:colcon.colcon_core.environment:create_file_with_runtime_dependencies(/home/feyzieren/ros2_ws/install/my_robot_interfaces/share/colcon-core/packages/my_robot_interfaces)
[4.679s] Level 1:colcon.colcon_core.environment:create_environment_scripts_only(my_robot_interfaces)
[4.679s] Level 1:colcon.colcon_core.environment:checking '/home/feyzieren/ros2_ws/install/my_robot_interfaces' for CMake module files
[4.681s] Level 1:colcon.colcon_core.environment:checking '/home/feyzieren/ros2_ws/install/my_robot_interfaces' for CMake config files
[4.682s] Level 1:colcon.colcon_core.shell:create_environment_hook('my_robot_interfaces', 'cmake_prefix_path')
[4.682s] INFO:colcon.colcon_core.shell:Creating environment hook '/home/feyzieren/ros2_ws/install/my_robot_interfaces/share/my_robot_interfaces/hook/cmake_prefix_path.ps1'
[4.684s] INFO:colcon.colcon_core.shell:Creating environment descriptor '/home/feyzieren/ros2_ws/install/my_robot_interfaces/share/my_robot_interfaces/hook/cmake_prefix_path.dsv'
[4.684s] INFO:colcon.colcon_core.shell:Creating environment hook '/home/feyzieren/ros2_ws/install/my_robot_interfaces/share/my_robot_interfaces/hook/cmake_prefix_path.sh'
[4.686s] Level 1:colcon.colcon_core.environment:checking '/home/feyzieren/ros2_ws/install/my_robot_interfaces/lib'
[4.686s] Level 1:colcon.colcon_core.shell:create_environment_hook('my_robot_interfaces', 'ld_library_path_lib')
[4.687s] INFO:colcon.colcon_core.shell:Creating environment hook '/home/feyzieren/ros2_ws/install/my_robot_interfaces/share/my_robot_interfaces/hook/ld_library_path_lib.ps1'
[4.688s] INFO:colcon.colcon_core.shell:Creating environment descriptor '/home/feyzieren/ros2_ws/install/my_robot_interfaces/share/my_robot_interfaces/hook/ld_library_path_lib.dsv'
[4.688s] INFO:colcon.colcon_core.shell:Creating environment hook '/home/feyzieren/ros2_ws/install/my_robot_interfaces/share/my_robot_interfaces/hook/ld_library_path_lib.sh'
[4.689s] Level 1:colcon.colcon_core.environment:checking '/home/feyzieren/ros2_ws/install/my_robot_interfaces/bin'
[4.690s] Level 1:colcon.colcon_core.environment:checking '/home/feyzieren/ros2_ws/install/my_robot_interfaces/lib/pkgconfig/my_robot_interfaces.pc'
[4.690s] Level 1:colcon.colcon_core.environment:checking '/home/feyzieren/ros2_ws/install/my_robot_interfaces/lib/python3.10/site-packages'
[4.691s] Level 1:colcon.colcon_core.environment:checking '/home/feyzieren/ros2_ws/install/my_robot_interfaces/bin'
[4.691s] INFO:colcon.colcon_core.shell:Creating package script '/home/feyzieren/ros2_ws/install/my_robot_interfaces/share/my_robot_interfaces/package.ps1'
[4.693s] INFO:colcon.colcon_core.shell:Creating package descriptor '/home/feyzieren/ros2_ws/install/my_robot_interfaces/share/my_robot_interfaces/package.dsv'
[4.694s] INFO:colcon.colcon_core.shell:Creating package script '/home/feyzieren/ros2_ws/install/my_robot_interfaces/share/my_robot_interfaces/package.sh'
[4.695s] INFO:colcon.colcon_core.shell:Creating package script '/home/feyzieren/ros2_ws/install/my_robot_interfaces/share/my_robot_interfaces/package.bash'
[4.696s] INFO:colcon.colcon_core.shell:Creating package script '/home/feyzieren/ros2_ws/install/my_robot_interfaces/share/my_robot_interfaces/package.zsh'
[4.697s] Level 1:colcon.colcon_core.environment:create_file_with_runtime_dependencies(/home/feyzieren/ros2_ws/install/my_robot_interfaces/share/colcon-core/packages/my_robot_interfaces)
[4.698s] DEBUG:colcon.colcon_parallel_executor.executor.parallel:closing loop
[4.699s] DEBUG:colcon.colcon_parallel_executor.executor.parallel:loop closed
[4.699s] DEBUG:colcon.colcon_parallel_executor.executor.parallel:run_until_complete finished with '0'
[4.699s] DEBUG:colcon.colcon_core.event_reactor:joining thread
[4.713s] INFO:colcon.colcon_core.plugin_system:Skipping extension 'colcon_notification.desktop_notification.terminal_notifier': Not used on non-Darwin systems
[4.713s] INFO:colcon.colcon_core.plugin_system:Skipping extension 'colcon_notification.desktop_notification.win32': Not used on non-Windows systems
[4.713s] INFO:colcon.colcon_notification.desktop_notification:Sending desktop notification using 'notify2'
[4.736s] DEBUG:colcon.colcon_core.event_reactor:joined thread
[4.737s] INFO:colcon.colcon_core.shell:Creating prefix script '/home/feyzieren/ros2_ws/install/local_setup.ps1'
[4.738s] INFO:colcon.colcon_core.shell:Creating prefix util module '/home/feyzieren/ros2_ws/install/_local_setup_util_ps1.py'
[4.740s] INFO:colcon.colcon_core.shell:Creating prefix chain script '/home/feyzieren/ros2_ws/install/setup.ps1'
[4.741s] INFO:colcon.colcon_core.shell:Creating prefix script '/home/feyzieren/ros2_ws/install/local_setup.sh'
[4.742s] INFO:colcon.colcon_core.shell:Creating prefix util module '/home/feyzieren/ros2_ws/install/_local_setup_util_sh.py'
[4.742s] INFO:colcon.colcon_core.shell:Creating prefix chain script '/home/feyzieren/ros2_ws/install/setup.sh'
[4.744s] INFO:colcon.colcon_core.shell:Creating prefix script '/home/feyzieren/ros2_ws/install/local_setup.bash'
[4.744s] INFO:colcon.colcon_core.shell:Creating prefix chain script '/home/feyzieren/ros2_ws/install/setup.bash'
[4.745s] INFO:colcon.colcon_core.shell:Creating prefix script '/home/feyzieren/ros2_ws/install/local_setup.zsh'
[4.746s] INFO:colcon.colcon_core.shell:Creating prefix chain script '/home/feyzieren/ros2_ws/install/setup.zsh'
