[0.878s] Invoking command in '/home/feyzieren/ros2_ws/src/my_py_pkg': PYTHONPATH=/home/feyzieren/ros2_ws/build/my_py_pkg/prefix_override:/usr/lib/python3/dist-packages/colcon_core/task/python/colcon_distutils_commands:/home/feyzieren/ros2_ws/install/my_py_pkg/lib/python3.10/site-packages:${PYTHONPATH} /usr/bin/python3 -W ignore:setup.py install is deprecated setup.py egg_info --egg-base ../../build/my_py_pkg build --build-base /home/feyzieren/ros2_ws/build/my_py_pkg/build install --record /home/feyzieren/ros2_ws/build/my_py_pkg/install.log --single-version-externally-managed install_data
[1.160s] running egg_info
[1.160s] creating ../../build/my_py_pkg/my_py_pkg.egg-info
[1.160s] writing ../../build/my_py_pkg/my_py_pkg.egg-info/PKG-INFO
[1.160s] writing dependency_links to ../../build/my_py_pkg/my_py_pkg.egg-info/dependency_links.txt
[1.161s] writing entry points to ../../build/my_py_pkg/my_py_pkg.egg-info/entry_points.txt
[1.161s] writing requirements to ../../build/my_py_pkg/my_py_pkg.egg-info/requires.txt
[1.161s] writing top-level names to ../../build/my_py_pkg/my_py_pkg.egg-info/top_level.txt
[1.161s] writing manifest file '../../build/my_py_pkg/my_py_pkg.egg-info/SOURCES.txt'
[1.163s] reading manifest file '../../build/my_py_pkg/my_py_pkg.egg-info/SOURCES.txt'
[1.163s] writing manifest file '../../build/my_py_pkg/my_py_pkg.egg-info/SOURCES.txt'
[1.163s] running build
[1.164s] running build_py
[1.164s] creating /home/feyzieren/ros2_ws/build/my_py_pkg/build
[1.164s] creating /home/feyzieren/ros2_ws/build/my_py_pkg/build/lib
[1.164s] creating /home/feyzieren/ros2_ws/build/my_py_pkg/build/lib/my_py_pkg
[1.164s] copying my_py_pkg/__init__.py -> /home/feyzieren/ros2_ws/build/my_py_pkg/build/lib/my_py_pkg
[1.165s] running install
[1.165s] running install_lib
[1.165s] creating /home/feyzieren/ros2_ws/install/my_py_pkg/lib/python3.10/site-packages/my_py_pkg
[1.165s] copying /home/feyzieren/ros2_ws/build/my_py_pkg/build/lib/my_py_pkg/__init__.py -> /home/feyzieren/ros2_ws/install/my_py_pkg/lib/python3.10/site-packages/my_py_pkg
[1.166s] byte-compiling /home/feyzieren/ros2_ws/install/my_py_pkg/lib/python3.10/site-packages/my_py_pkg/__init__.py to __init__.cpython-310.pyc
[1.166s] running install_data
[1.166s] creating /home/feyzieren/ros2_ws/install/my_py_pkg/share/ament_index
[1.166s] creating /home/feyzieren/ros2_ws/install/my_py_pkg/share/ament_index/resource_index
[1.167s] creating /home/feyzieren/ros2_ws/install/my_py_pkg/share/ament_index/resource_index/packages
[1.167s] copying resource/my_py_pkg -> /home/feyzieren/ros2_ws/install/my_py_pkg/share/ament_index/resource_index/packages
[1.167s] copying package.xml -> /home/feyzieren/ros2_ws/install/my_py_pkg/share/my_py_pkg
[1.167s] running install_egg_info
[1.168s] Copying ../../build/my_py_pkg/my_py_pkg.egg-info to /home/feyzieren/ros2_ws/install/my_py_pkg/lib/python3.10/site-packages/my_py_pkg-0.0.0-py3.10.egg-info
[1.169s] running install_scripts
[1.193s] writing list of installed files to '/home/feyzieren/ros2_ws/build/my_py_pkg/install.log'
[1.224s] Invoked command in '/home/feyzieren/ros2_ws/src/my_py_pkg' returned '0': PYTHONPATH=/home/feyzieren/ros2_ws/build/my_py_pkg/prefix_override:/usr/lib/python3/dist-packages/colcon_core/task/python/colcon_distutils_commands:/home/feyzieren/ros2_ws/install/my_py_pkg/lib/python3.10/site-packages:${PYTHONPATH} /usr/bin/python3 -W ignore:setup.py install is deprecated setup.py egg_info --egg-base ../../build/my_py_pkg build --build-base /home/feyzieren/ros2_ws/build/my_py_pkg/build install --record /home/feyzieren/ros2_ws/build/my_py_pkg/install.log --single-version-externally-managed install_data
