[0.020s] Invoking command in '/home/feyzieren/ros2_ws/build/my_cpp_pkg': CMAKE_PREFIX_PATH=${CMAKE_PREFIX_PATH}:/home/feyzieren/ros2_ws/install/my_py_pkg:/opt/ros/humble /usr/bin/cmake /home/feyzieren/ros2_ws/src/my_cpp_pkg -DAMENT_CMAKE_SYMLINK_INSTALL=1 -DCMAKE_INSTALL_PREFIX=/home/feyzieren/ros2_ws/install/my_cpp_pkg
[0.038s] -- Found ament_cmake: 1.3.10 (/opt/ros/humble/share/ament_cmake/cmake)
[0.198s] -- Override CMake install command with custom implementation using symlinks instead of copying resources
[0.222s] -- Found rclcpp: 16.0.10 (/opt/ros/humble/share/rclcpp/cmake)
[0.276s] -- Found rosidl_generator_c: 3.1.5 (/opt/ros/humble/share/rosidl_generator_c/cmake)
[0.281s] -- Found rosidl_adapter: 3.1.5 (/opt/ros/humble/share/rosidl_adapter/cmake)
[0.290s] -- Found rosidl_generator_cpp: 3.1.5 (/opt/ros/humble/share/rosidl_generator_cpp/cmake)
[0.302s] -- Using all available rosidl_typesupport_c: rosidl_typesupport_fastrtps_c;rosidl_typesupport_introspection_c
[0.321s] -- Using all available rosidl_typesupport_cpp: rosidl_typesupport_fastrtps_cpp;rosidl_typesupport_introspection_cpp
[0.365s] -- Found rmw_implementation_cmake: 6.1.2 (/opt/ros/humble/share/rmw_implementation_cmake/cmake)
[0.366s] -- Found rmw_fastrtps_cpp: 6.2.7 (/opt/ros/humble/share/rmw_fastrtps_cpp/cmake)
[0.522s] -- Using RMW implementation 'rmw_fastrtps_cpp' as default
[0.582s] -- Found example_interfaces: 0.9.3 (/opt/ros/humble/share/example_interfaces/cmake)
[0.713s] -- Configuring done
[0.737s] -- Generating done
[0.739s] -- Build files have been written to: /home/feyzieren/ros2_ws/build/my_cpp_pkg
[0.749s] Invoked command in '/home/feyzieren/ros2_ws/build/my_cpp_pkg' returned '0': CMAKE_PREFIX_PATH=${CMAKE_PREFIX_PATH}:/home/feyzieren/ros2_ws/install/my_py_pkg:/opt/ros/humble /usr/bin/cmake /home/feyzieren/ros2_ws/src/my_cpp_pkg -DAMENT_CMAKE_SYMLINK_INSTALL=1 -DCMAKE_INSTALL_PREFIX=/home/feyzieren/ros2_ws/install/my_cpp_pkg
[0.752s] Invoking command in '/home/feyzieren/ros2_ws/build/my_cpp_pkg': CMAKE_PREFIX_PATH=${CMAKE_PREFIX_PATH}:/home/feyzieren/ros2_ws/install/my_py_pkg:/opt/ros/humble /usr/bin/cmake --build /home/feyzieren/ros2_ws/build/my_cpp_pkg -- -j12 -l12
[0.812s] [35m[1mConsolidate compiler generated dependencies of target smartphone[0m
[0.812s] [35m[1mConsolidate compiler generated dependencies of target cpp_node[0m
[0.812s] [35m[1mConsolidate compiler generated dependencies of target robot_news_station[0m
[0.836s] [ 50%] [32m[1mLinking CXX executable cpp_node[0m
[0.836s] [ 50%] [32m[1mLinking CXX executable smartphone[0m
[0.836s] [ 50%] [32m[1mLinking CXX executable robot_news_station[0m
[1.142s] [ 66%] Built target cpp_node
[1.218s] [ 83%] Built target robot_news_station
[1.464s] [100%] Built target smartphone
[1.481s] Invoked command in '/home/feyzieren/ros2_ws/build/my_cpp_pkg' returned '0': CMAKE_PREFIX_PATH=${CMAKE_PREFIX_PATH}:/home/feyzieren/ros2_ws/install/my_py_pkg:/opt/ros/humble /usr/bin/cmake --build /home/feyzieren/ros2_ws/build/my_cpp_pkg -- -j12 -l12
[1.537s] Invoking command in '/home/feyzieren/ros2_ws/build/my_cpp_pkg': CMAKE_PREFIX_PATH=${CMAKE_PREFIX_PATH}:/home/feyzieren/ros2_ws/install/my_py_pkg:/opt/ros/humble /usr/bin/cmake --install /home/feyzieren/ros2_ws/build/my_cpp_pkg
[1.548s] -- Install configuration: ""
[1.549s] -- Execute custom install script
[1.550s] -- Symlinking: /home/feyzieren/ros2_ws/install/my_cpp_pkg/lib/my_cpp_pkg/cpp_node
[1.562s] -- Symlinking: /home/feyzieren/ros2_ws/install/my_cpp_pkg/lib/my_cpp_pkg/robot_news_station
[1.574s] -- Symlinking: /home/feyzieren/ros2_ws/install/my_cpp_pkg/lib/my_cpp_pkg/smartphone
[1.586s] -- Symlinking: /home/feyzieren/ros2_ws/install/my_cpp_pkg/share/ament_index/resource_index/package_run_dependencies/my_cpp_pkg
[1.598s] -- Symlinking: /home/feyzieren/ros2_ws/install/my_cpp_pkg/share/ament_index/resource_index/parent_prefix_path/my_cpp_pkg
[1.611s] -- Symlinking: /home/feyzieren/ros2_ws/install/my_cpp_pkg/share/my_cpp_pkg/environment/ament_prefix_path.sh
[1.623s] -- Symlinking: /home/feyzieren/ros2_ws/install/my_cpp_pkg/share/my_cpp_pkg/environment/ament_prefix_path.dsv
[1.637s] -- Symlinking: /home/feyzieren/ros2_ws/install/my_cpp_pkg/share/my_cpp_pkg/environment/path.sh
[1.650s] -- Symlinking: /home/feyzieren/ros2_ws/install/my_cpp_pkg/share/my_cpp_pkg/environment/path.dsv
[1.661s] -- Symlinking: /home/feyzieren/ros2_ws/install/my_cpp_pkg/share/my_cpp_pkg/local_setup.bash
[1.673s] -- Symlinking: /home/feyzieren/ros2_ws/install/my_cpp_pkg/share/my_cpp_pkg/local_setup.sh
[1.686s] -- Symlinking: /home/feyzieren/ros2_ws/install/my_cpp_pkg/share/my_cpp_pkg/local_setup.zsh
[1.708s] -- Symlinking: /home/feyzieren/ros2_ws/install/my_cpp_pkg/share/my_cpp_pkg/local_setup.dsv
[1.721s] -- Symlinking: /home/feyzieren/ros2_ws/install/my_cpp_pkg/share/my_cpp_pkg/package.dsv
[1.733s] -- Symlinking: /home/feyzieren/ros2_ws/install/my_cpp_pkg/share/ament_index/resource_index/packages/my_cpp_pkg
[1.748s] -- Symlinking: /home/feyzieren/ros2_ws/install/my_cpp_pkg/share/my_cpp_pkg/cmake/my_cpp_pkgConfig.cmake
[1.761s] -- Symlinking: /home/feyzieren/ros2_ws/install/my_cpp_pkg/share/my_cpp_pkg/cmake/my_cpp_pkgConfig-version.cmake
[1.776s] -- Symlinking: /home/feyzieren/ros2_ws/install/my_cpp_pkg/share/my_cpp_pkg/package.xml
[1.795s] Invoked command in '/home/feyzieren/ros2_ws/build/my_cpp_pkg' returned '0': CMAKE_PREFIX_PATH=${CMAKE_PREFIX_PATH}:/home/feyzieren/ros2_ws/install/my_py_pkg:/opt/ros/humble /usr/bin/cmake --install /home/feyzieren/ros2_ws/build/my_cpp_pkg
