[ 25%] Built target cpp_node
[ 25%] Built target robot_news_station
[ 25%] [32mBuilding CXX object CMakeFiles/led_panel.dir/src/led_panel.cpp.o[0m
[ 35%] Built target smartphone
[ 45%] [32mBuilding CXX object CMakeFiles/battery.dir/src/battery.cpp.o[0m
[ 50%] Built target add_two_ints_server
[ 60%] Built target number_counter
[ 90%] Built target hardware_status_publisher
[ 90%] Built target add_two_ints_client
[ 90%] Built target number_publisher
[01m[K/home/feyzieren/ros2_ws/src/my_cpp_pkg/src/led_panel.cpp:2:10:[m[K [01;31m[Kfatal error: [m[Kmy_robot_interfaces/msg/led_state_array.hpp: No such file or directory
    2 | #include [01;31m[K"my_robot_interfaces/msg/led_state_array.hpp"[m[K
      |          [01;31m[K^~~~~~~~~~~~~~~~~~~~~~~~~~~~~~~~~~~~~~~~~~~~~[m[K
compilation terminated.
[01m[K/home/feyzieren/ros2_ws/src/my_cpp_pkg/src/battery.cpp:2:10:[m[K [01;31m[Kfatal error: [m[Kmy_robot_interfaces/srv/set_led.hpp: No such file or directory
    2 | #include [01;31m[K"my_robot_interfaces/srv/set_led.hpp"[m[K
      |          [01;31m[K^~~~~~~~~~~~~~~~~~~~~~~~~~~~~~~~~~~~~[m[K
compilation terminated.
gmake[2]: *** [CMakeFiles/led_panel.dir/build.make:76: CMakeFiles/led_panel.dir/src/led_panel.cpp.o] Error 1
gmake[2]: *** [CMakeFiles/battery.dir/build.make:76: CMakeFiles/battery.dir/src/battery.cpp.o] Error 1
gmake[1]: *** [CMakeFiles/Makefile2:363: CMakeFiles/led_panel.dir/all] Error 2
gmake[1]: *** Waiting for unfinished jobs....
gmake[1]: *** [CMakeFiles/Makefile2:389: CMakeFiles/battery.dir/all] Error 2
gmake: *** [Makefile:146: all] Error 2
