[0.117s] DEBUG:colcon:Command line arguments: ['/usr/bin/colcon', 'build']
[0.117s] DEBUG:colcon:Parsed command line arguments: Namespace(log_base=None, log_level=None, verb_name='build', build_base='build', install_base='install', merge_install=False, symlink_install=False, test_result_base=None, continue_on_error=False, executor='parallel', parallel_workers=12, event_handlers=None, ignore_user_meta=False, metas=['./colcon.meta'], base_paths=['.'], packages_ignore=None, packages_ignore_regex=None, paths=None, packages_up_to=None, packages_up_to_regex=None, packages_above=None, packages_above_and_dependencies=None, packages_above_depth=None, packages_select_by_dep=None, packages_skip_by_dep=None, packages_skip_up_to=None, packages_select_build_failed=False, packages_skip_build_finished=False, packages_select_test_failures=False, packages_skip_test_passed=False, packages_select=None, packages_skip=None, packages_select_regex=None, packages_skip_regex=None, packages_start=None, packages_end=None, allow_overriding=[], cmake_args=None, cmake_target=None, cmake_target_skip_unavailable=False, cmake_clean_cache=False, cmake_clean_first=False, cmake_force_configure=False, ament_cmake_args=None, catkin_cmake_args=None, catkin_skip_building_tests=False, mixin_files=None, mixin=None, verb_parser=<colcon_mixin.mixin.mixin_argument.MixinArgumentDecorator object at 0x7f3ca622a980>, verb_extension=<colcon_core.verb.build.BuildVerb object at 0x7f3ca631b850>, main=<bound method BuildVerb.main of <colcon_core.verb.build.BuildVerb object at 0x7f3ca631b850>>, mixin_verb=('build',))
[0.308s] Level 1:colcon.colcon_core.package_discovery:discover_packages(colcon_meta) check parameters
[0.308s] Level 1:colcon.colcon_core.package_discovery:discover_packages(recursive) check parameters
[0.308s] Level 1:colcon.colcon_core.package_discovery:discover_packages(ignore) check parameters
[0.308s] Level 1:colcon.colcon_core.package_discovery:discover_packages(path) check parameters
[0.308s] Level 1:colcon.colcon_core.package_discovery:discover_packages(colcon_meta) discover
[0.308s] Level 1:colcon.colcon_core.package_discovery:discover_packages(recursive) discover
[0.308s] INFO:colcon.colcon_core.package_discovery:Crawling recursively for packages in '/home/feyzieren/ros2_ws'
[0.308s] Level 1:colcon.colcon_core.package_identification:_identify(.) by extensions ['ignore', 'ignore_ament_install']
[0.308s] Level 1:colcon.colcon_core.package_identification:_identify(.) by extension 'ignore'
[0.308s] Level 1:colcon.colcon_core.package_identification:_identify(.) by extension 'ignore_ament_install'
[0.308s] Level 1:colcon.colcon_core.package_identification:_identify(.) by extensions ['colcon_pkg']
[0.308s] Level 1:colcon.colcon_core.package_identification:_identify(.) by extension 'colcon_pkg'
[0.309s] Level 1:colcon.colcon_core.package_identification:_identify(.) by extensions ['colcon_meta']
[0.309s] Level 1:colcon.colcon_core.package_identification:_identify(.) by extension 'colcon_meta'
[0.309s] Level 1:colcon.colcon_core.package_identification:_identify(.) by extensions ['ros']
[0.309s] Level 1:colcon.colcon_core.package_identification:_identify(.) by extension 'ros'
[0.320s] Level 1:colcon.colcon_core.package_identification:_identify(.) by extensions ['cmake', 'python']
[0.320s] Level 1:colcon.colcon_core.package_identification:_identify(.) by extension 'cmake'
[0.320s] Level 1:colcon.colcon_core.package_identification:_identify(.) by extension 'python'
[0.320s] Level 1:colcon.colcon_core.package_identification:_identify(.) by extensions ['python_setup_py']
[0.320s] Level 1:colcon.colcon_core.package_identification:_identify(.) by extension 'python_setup_py'
[0.320s] Level 1:colcon.colcon_core.package_identification:_identify(build) by extensions ['ignore', 'ignore_ament_install']
[0.321s] Level 1:colcon.colcon_core.package_identification:_identify(build) by extension 'ignore'
[0.321s] Level 1:colcon.colcon_core.package_identification:_identify(build) ignored
[0.321s] Level 1:colcon.colcon_core.package_identification:_identify(install) by extensions ['ignore', 'ignore_ament_install']
[0.321s] Level 1:colcon.colcon_core.package_identification:_identify(install) by extension 'ignore'
[0.321s] Level 1:colcon.colcon_core.package_identification:_identify(install) ignored
[0.321s] Level 1:colcon.colcon_core.package_identification:_identify(log) by extensions ['ignore', 'ignore_ament_install']
[0.321s] Level 1:colcon.colcon_core.package_identification:_identify(log) by extension 'ignore'
[0.321s] Level 1:colcon.colcon_core.package_identification:_identify(log) ignored
[0.321s] Level 1:colcon.colcon_core.package_identification:_identify(src) by extensions ['ignore', 'ignore_ament_install']
[0.321s] Level 1:colcon.colcon_core.package_identification:_identify(src) by extension 'ignore'
[0.321s] Level 1:colcon.colcon_core.package_identification:_identify(src) by extension 'ignore_ament_install'
[0.321s] Level 1:colcon.colcon_core.package_identification:_identify(src) by extensions ['colcon_pkg']
[0.322s] Level 1:colcon.colcon_core.package_identification:_identify(src) by extension 'colcon_pkg'
[0.322s] Level 1:colcon.colcon_core.package_identification:_identify(src) by extensions ['colcon_meta']
[0.322s] Level 1:colcon.colcon_core.package_identification:_identify(src) by extension 'colcon_meta'
[0.322s] Level 1:colcon.colcon_core.package_identification:_identify(src) by extensions ['ros']
[0.322s] Level 1:colcon.colcon_core.package_identification:_identify(src) by extension 'ros'
[0.322s] Level 1:colcon.colcon_core.package_identification:_identify(src) by extensions ['cmake', 'python']
[0.322s] Level 1:colcon.colcon_core.package_identification:_identify(src) by extension 'cmake'
[0.322s] Level 1:colcon.colcon_core.package_identification:_identify(src) by extension 'python'
[0.322s] Level 1:colcon.colcon_core.package_identification:_identify(src) by extensions ['python_setup_py']
[0.322s] Level 1:colcon.colcon_core.package_identification:_identify(src) by extension 'python_setup_py'
[0.322s] Level 1:colcon.colcon_core.package_identification:_identify(src/build) by extensions ['ignore', 'ignore_ament_install']
[0.322s] Level 1:colcon.colcon_core.package_identification:_identify(src/build) by extension 'ignore'
[0.322s] Level 1:colcon.colcon_core.package_identification:_identify(src/build) ignored
[0.322s] Level 1:colcon.colcon_core.package_identification:_identify(src/install) by extensions ['ignore', 'ignore_ament_install']
[0.322s] Level 1:colcon.colcon_core.package_identification:_identify(src/install) by extension 'ignore'
[0.322s] Level 1:colcon.colcon_core.package_identification:_identify(src/install) ignored
[0.323s] Level 1:colcon.colcon_core.package_identification:_identify(src/log) by extensions ['ignore', 'ignore_ament_install']
[0.323s] Level 1:colcon.colcon_core.package_identification:_identify(src/log) by extension 'ignore'
[0.323s] Level 1:colcon.colcon_core.package_identification:_identify(src/log) ignored
[0.323s] Level 1:colcon.colcon_core.package_identification:_identify(src/my_cpp_pkg) by extensions ['ignore', 'ignore_ament_install']
[0.323s] Level 1:colcon.colcon_core.package_identification:_identify(src/my_cpp_pkg) by extension 'ignore'
[0.323s] Level 1:colcon.colcon_core.package_identification:_identify(src/my_cpp_pkg) by extension 'ignore_ament_install'
[0.323s] Level 1:colcon.colcon_core.package_identification:_identify(src/my_cpp_pkg) by extensions ['colcon_pkg']
[0.323s] Level 1:colcon.colcon_core.package_identification:_identify(src/my_cpp_pkg) by extension 'colcon_pkg'
[0.323s] Level 1:colcon.colcon_core.package_identification:_identify(src/my_cpp_pkg) by extensions ['colcon_meta']
[0.323s] Level 1:colcon.colcon_core.package_identification:_identify(src/my_cpp_pkg) by extension 'colcon_meta'
[0.323s] Level 1:colcon.colcon_core.package_identification:_identify(src/my_cpp_pkg) by extensions ['ros']
[0.323s] Level 1:colcon.colcon_core.package_identification:_identify(src/my_cpp_pkg) by extension 'ros'
[0.326s] DEBUG:colcon.colcon_core.package_identification:Package 'src/my_cpp_pkg' with type 'ros.ament_cmake' and name 'my_cpp_pkg'
[0.326s] Level 1:colcon.colcon_core.package_identification:_identify(src/my_py_pkg) by extensions ['ignore', 'ignore_ament_install']
[0.326s] Level 1:colcon.colcon_core.package_identification:_identify(src/my_py_pkg) by extension 'ignore'
[0.326s] Level 1:colcon.colcon_core.package_identification:_identify(src/my_py_pkg) by extension 'ignore_ament_install'
[0.326s] Level 1:colcon.colcon_core.package_identification:_identify(src/my_py_pkg) by extensions ['colcon_pkg']
[0.326s] Level 1:colcon.colcon_core.package_identification:_identify(src/my_py_pkg) by extension 'colcon_pkg'
[0.326s] Level 1:colcon.colcon_core.package_identification:_identify(src/my_py_pkg) by extensions ['colcon_meta']
[0.327s] Level 1:colcon.colcon_core.package_identification:_identify(src/my_py_pkg) by extension 'colcon_meta'
[0.327s] Level 1:colcon.colcon_core.package_identification:_identify(src/my_py_pkg) by extensions ['ros']
[0.327s] Level 1:colcon.colcon_core.package_identification:_identify(src/my_py_pkg) by extension 'ros'
[0.328s] DEBUG:colcon.colcon_core.package_identification:Package 'src/my_py_pkg' with type 'ros.ament_python' and name 'my_py_pkg'
[0.328s] Level 1:colcon.colcon_core.package_identification:_identify(src/my_robot_interfaces) by extensions ['ignore', 'ignore_ament_install']
[0.328s] Level 1:colcon.colcon_core.package_identification:_identify(src/my_robot_interfaces) by extension 'ignore'
[0.328s] Level 1:colcon.colcon_core.package_identification:_identify(src/my_robot_interfaces) by extension 'ignore_ament_install'
[0.328s] Level 1:colcon.colcon_core.package_identification:_identify(src/my_robot_interfaces) by extensions ['colcon_pkg']
[0.328s] Level 1:colcon.colcon_core.package_identification:_identify(src/my_robot_interfaces) by extension 'colcon_pkg'
[0.328s] Level 1:colcon.colcon_core.package_identification:_identify(src/my_robot_interfaces) by extensions ['colcon_meta']
[0.328s] Level 1:colcon.colcon_core.package_identification:_identify(src/my_robot_interfaces) by extension 'colcon_meta'
[0.328s] Level 1:colcon.colcon_core.package_identification:_identify(src/my_robot_interfaces) by extensions ['ros']
[0.328s] Level 1:colcon.colcon_core.package_identification:_identify(src/my_robot_interfaces) by extension 'ros'
[0.329s] DEBUG:colcon.colcon_core.package_identification:Package 'src/my_robot_interfaces' with type 'ros.ament_cmake' and name 'my_robot_interfaces'
[0.329s] Level 1:colcon.colcon_core.package_identification:_identify(src/xbox_controller) by extensions ['ignore', 'ignore_ament_install']
[0.329s] Level 1:colcon.colcon_core.package_identification:_identify(src/xbox_controller) by extension 'ignore'
[0.329s] Level 1:colcon.colcon_core.package_identification:_identify(src/xbox_controller) by extension 'ignore_ament_install'
[0.329s] Level 1:colcon.colcon_core.package_identification:_identify(src/xbox_controller) by extensions ['colcon_pkg']
[0.329s] Level 1:colcon.colcon_core.package_identification:_identify(src/xbox_controller) by extension 'colcon_pkg'
[0.329s] Level 1:colcon.colcon_core.package_identification:_identify(src/xbox_controller) by extensions ['colcon_meta']
[0.329s] Level 1:colcon.colcon_core.package_identification:_identify(src/xbox_controller) by extension 'colcon_meta'
[0.329s] Level 1:colcon.colcon_core.package_identification:_identify(src/xbox_controller) by extensions ['ros']
[0.329s] Level 1:colcon.colcon_core.package_identification:_identify(src/xbox_controller) by extension 'ros'
[0.330s] DEBUG:colcon.colcon_core.package_identification:Package 'src/xbox_controller' with type 'ros.ament_python' and name 'xbox_controller'
[0.330s] Level 1:colcon.colcon_core.package_discovery:discover_packages(recursive) using defaults
[0.330s] Level 1:colcon.colcon_core.package_discovery:discover_packages(ignore) discover
[0.330s] Level 1:colcon.colcon_core.package_discovery:discover_packages(ignore) using defaults
[0.330s] Level 1:colcon.colcon_core.package_discovery:discover_packages(path) discover
[0.330s] Level 1:colcon.colcon_core.package_discovery:discover_packages(path) using defaults
[0.364s] Level 1:colcon.colcon_core.package_discovery:discover_packages(prefix_path) check parameters
[0.364s] Level 1:colcon.colcon_core.package_discovery:discover_packages(prefix_path) discover
[0.366s] DEBUG:colcon.colcon_installed_package_information.package_discovery:Found 4 installed packages in /home/feyzieren/ros2_ws/install
[0.368s] DEBUG:colcon.colcon_installed_package_information.package_discovery:Found 284 installed packages in /opt/ros/humble
[0.370s] Level 1:colcon.colcon_core.package_discovery:discover_packages(prefix_path) using defaults
[0.412s] Level 5:colcon.colcon_core.verb:set package 'my_robot_interfaces' build argument 'cmake_args' from command line to 'None'
[0.413s] Level 5:colcon.colcon_core.verb:set package 'my_robot_interfaces' build argument 'cmake_target' from command line to 'None'
[0.413s] Level 5:colcon.colcon_core.verb:set package 'my_robot_interfaces' build argument 'cmake_target_skip_unavailable' from command line to 'False'
[0.413s] Level 5:colcon.colcon_core.verb:set package 'my_robot_interfaces' build argument 'cmake_clean_cache' from command line to 'False'
[0.413s] Level 5:colcon.colcon_core.verb:set package 'my_robot_interfaces' build argument 'cmake_clean_first' from command line to 'False'
[0.413s] Level 5:colcon.colcon_core.verb:set package 'my_robot_interfaces' build argument 'cmake_force_configure' from command line to 'False'
[0.413s] Level 5:colcon.colcon_core.verb:set package 'my_robot_interfaces' build argument 'ament_cmake_args' from command line to 'None'
[0.413s] Level 5:colcon.colcon_core.verb:set package 'my_robot_interfaces' build argument 'catkin_cmake_args' from command line to 'None'
[0.413s] Level 5:colcon.colcon_core.verb:set package 'my_robot_interfaces' build argument 'catkin_skip_building_tests' from command line to 'False'
[0.413s] DEBUG:colcon.colcon_core.verb:Building package 'my_robot_interfaces' with the following arguments: {'ament_cmake_args': None, 'build_base': '/home/feyzieren/ros2_ws/build/my_robot_interfaces', 'catkin_cmake_args': None, 'catkin_skip_building_tests': False, 'cmake_args': None, 'cmake_clean_cache': False, 'cmake_clean_first': False, 'cmake_force_configure': False, 'cmake_target': None, 'cmake_target_skip_unavailable': False, 'install_base': '/home/feyzieren/ros2_ws/install/my_robot_interfaces', 'merge_install': False, 'path': '/home/feyzieren/ros2_ws/src/my_robot_interfaces', 'symlink_install': False, 'test_result_base': None}
[0.413s] Level 5:colcon.colcon_core.verb:set package 'xbox_controller' build argument 'cmake_args' from command line to 'None'
[0.413s] Level 5:colcon.colcon_core.verb:set package 'xbox_controller' build argument 'cmake_target' from command line to 'None'
[0.413s] Level 5:colcon.colcon_core.verb:set package 'xbox_controller' build argument 'cmake_target_skip_unavailable' from command line to 'False'
[0.413s] Level 5:colcon.colcon_core.verb:set package 'xbox_controller' build argument 'cmake_clean_cache' from command line to 'False'
[0.413s] Level 5:colcon.colcon_core.verb:set package 'xbox_controller' build argument 'cmake_clean_first' from command line to 'False'
[0.413s] Level 5:colcon.colcon_core.verb:set package 'xbox_controller' build argument 'cmake_force_configure' from command line to 'False'
[0.413s] Level 5:colcon.colcon_core.verb:set package 'xbox_controller' build argument 'ament_cmake_args' from command line to 'None'
[0.413s] Level 5:colcon.colcon_core.verb:set package 'xbox_controller' build argument 'catkin_cmake_args' from command line to 'None'
[0.413s] Level 5:colcon.colcon_core.verb:set package 'xbox_controller' build argument 'catkin_skip_building_tests' from command line to 'False'
[0.413s] DEBUG:colcon.colcon_core.verb:Building package 'xbox_controller' with the following arguments: {'ament_cmake_args': None, 'build_base': '/home/feyzieren/ros2_ws/build/xbox_controller', 'catkin_cmake_args': None, 'catkin_skip_building_tests': False, 'cmake_args': None, 'cmake_clean_cache': False, 'cmake_clean_first': False, 'cmake_force_configure': False, 'cmake_target': None, 'cmake_target_skip_unavailable': False, 'install_base': '/home/feyzieren/ros2_ws/install/xbox_controller', 'merge_install': False, 'path': '/home/feyzieren/ros2_ws/src/xbox_controller', 'symlink_install': False, 'test_result_base': None}
[0.414s] Level 5:colcon.colcon_core.verb:set package 'my_cpp_pkg' build argument 'cmake_args' from command line to 'None'
[0.414s] Level 5:colcon.colcon_core.verb:set package 'my_cpp_pkg' build argument 'cmake_target' from command line to 'None'
[0.414s] Level 5:colcon.colcon_core.verb:set package 'my_cpp_pkg' build argument 'cmake_target_skip_unavailable' from command line to 'False'
[0.414s] Level 5:colcon.colcon_core.verb:set package 'my_cpp_pkg' build argument 'cmake_clean_cache' from command line to 'False'
[0.414s] Level 5:colcon.colcon_core.verb:set package 'my_cpp_pkg' build argument 'cmake_clean_first' from command line to 'False'
[0.414s] Level 5:colcon.colcon_core.verb:set package 'my_cpp_pkg' build argument 'cmake_force_configure' from command line to 'False'
[0.414s] Level 5:colcon.colcon_core.verb:set package 'my_cpp_pkg' build argument 'ament_cmake_args' from command line to 'None'
[0.414s] Level 5:colcon.colcon_core.verb:set package 'my_cpp_pkg' build argument 'catkin_cmake_args' from command line to 'None'
[0.414s] Level 5:colcon.colcon_core.verb:set package 'my_cpp_pkg' build argument 'catkin_skip_building_tests' from command line to 'False'
[0.414s] DEBUG:colcon.colcon_core.verb:Building package 'my_cpp_pkg' with the following arguments: {'ament_cmake_args': None, 'build_base': '/home/feyzieren/ros2_ws/build/my_cpp_pkg', 'catkin_cmake_args': None, 'catkin_skip_building_tests': False, 'cmake_args': None, 'cmake_clean_cache': False, 'cmake_clean_first': False, 'cmake_force_configure': False, 'cmake_target': None, 'cmake_target_skip_unavailable': False, 'install_base': '/home/feyzieren/ros2_ws/install/my_cpp_pkg', 'merge_install': False, 'path': '/home/feyzieren/ros2_ws/src/my_cpp_pkg', 'symlink_install': False, 'test_result_base': None}
[0.415s] Level 5:colcon.colcon_core.verb:set package 'my_py_pkg' build argument 'cmake_args' from command line to 'None'
[0.415s] Level 5:colcon.colcon_core.verb:set package 'my_py_pkg' build argument 'cmake_target' from command line to 'None'
[0.415s] Level 5:colcon.colcon_core.verb:set package 'my_py_pkg' build argument 'cmake_target_skip_unavailable' from command line to 'False'
[0.415s] Level 5:colcon.colcon_core.verb:set package 'my_py_pkg' build argument 'cmake_clean_cache' from command line to 'False'
[0.415s] Level 5:colcon.colcon_core.verb:set package 'my_py_pkg' build argument 'cmake_clean_first' from command line to 'False'
[0.415s] Level 5:colcon.colcon_core.verb:set package 'my_py_pkg' build argument 'cmake_force_configure' from command line to 'False'
[0.415s] Level 5:colcon.colcon_core.verb:set package 'my_py_pkg' build argument 'ament_cmake_args' from command line to 'None'
[0.415s] Level 5:colcon.colcon_core.verb:set package 'my_py_pkg' build argument 'catkin_cmake_args' from command line to 'None'
[0.415s] Level 5:colcon.colcon_core.verb:set package 'my_py_pkg' build argument 'catkin_skip_building_tests' from command line to 'False'
[0.415s] DEBUG:colcon.colcon_core.verb:Building package 'my_py_pkg' with the following arguments: {'ament_cmake_args': None, 'build_base': '/home/feyzieren/ros2_ws/build/my_py_pkg', 'catkin_cmake_args': None, 'catkin_skip_building_tests': False, 'cmake_args': None, 'cmake_clean_cache': False, 'cmake_clean_first': False, 'cmake_force_configure': False, 'cmake_target': None, 'cmake_target_skip_unavailable': False, 'install_base': '/home/feyzieren/ros2_ws/install/my_py_pkg', 'merge_install': False, 'path': '/home/feyzieren/ros2_ws/src/my_py_pkg', 'symlink_install': False, 'test_result_base': None}
[0.415s] INFO:colcon.colcon_core.executor:Executing jobs using 'parallel' executor
[0.416s] DEBUG:colcon.colcon_parallel_executor.executor.parallel:run_until_complete
[0.417s] INFO:colcon.colcon_ros.task.ament_cmake.build:Building ROS package in '/home/feyzieren/ros2_ws/src/my_robot_interfaces' with build type 'ament_cmake'
[0.417s] INFO:colcon.colcon_cmake.task.cmake.build:Building CMake package in '/home/feyzieren/ros2_ws/src/my_robot_interfaces'
[0.420s] INFO:colcon.colcon_core.plugin_system:Skipping extension 'colcon_core.shell.bat': Not used on non-Windows systems
[0.420s] INFO:colcon.colcon_core.shell:Skip shell extension 'powershell' for command environment: Not usable outside of PowerShell
[0.420s] DEBUG:colcon.colcon_core.shell:Skip shell extension 'dsv' for command environment
[0.424s] INFO:colcon.colcon_ros.task.ament_python.build:Building ROS package in '/home/feyzieren/ros2_ws/src/xbox_controller' with build type 'ament_python'
[0.424s] Level 1:colcon.colcon_core.shell:create_environment_hook('xbox_controller', 'ament_prefix_path')
[0.425s] INFO:colcon.colcon_core.shell:Creating environment hook '/home/feyzieren/ros2_ws/install/xbox_controller/share/xbox_controller/hook/ament_prefix_path.ps1'
[0.425s] INFO:colcon.colcon_core.shell:Creating environment descriptor '/home/feyzieren/ros2_ws/install/xbox_controller/share/xbox_controller/hook/ament_prefix_path.dsv'
[0.426s] INFO:colcon.colcon_core.shell:Creating environment hook '/home/feyzieren/ros2_ws/install/xbox_controller/share/xbox_controller/hook/ament_prefix_path.sh'
[0.427s] INFO:colcon.colcon_core.shell:Skip shell extension 'powershell' for command environment: Not usable outside of PowerShell
[0.427s] DEBUG:colcon.colcon_core.shell:Skip shell extension 'dsv' for command environment
[0.438s] DEBUG:colcon.colcon_core.event_handler.log_command:Invoking command in '/home/feyzieren/ros2_ws/build/my_robot_interfaces': CMAKE_PREFIX_PATH=${CMAKE_PREFIX_PATH}:/home/feyzieren/ros2_ws/install/xbox_controller:/home/feyzieren/ros2_ws/install/my_py_pkg:/opt/ros/humble /usr/bin/cmake --build /home/feyzieren/ros2_ws/build/my_robot_interfaces -- -j12 -l12
[0.753s] INFO:colcon.colcon_core.task.python.build:Building Python package in '/home/feyzieren/ros2_ws/src/xbox_controller'
[0.754s] INFO:colcon.colcon_core.shell:Skip shell extension 'powershell' for command environment: Not usable outside of PowerShell
[0.754s] DEBUG:colcon.colcon_core.shell:Skip shell extension 'dsv' for command environment
[0.874s] DEBUG:colcon.colcon_core.event_handler.log_command:Invoked command in '/home/feyzieren/ros2_ws/build/my_robot_interfaces' returned '0': CMAKE_PREFIX_PATH=${CMAKE_PREFIX_PATH}:/home/feyzieren/ros2_ws/install/xbox_controller:/home/feyzieren/ros2_ws/install/my_py_pkg:/opt/ros/humble /usr/bin/cmake --build /home/feyzieren/ros2_ws/build/my_robot_interfaces -- -j12 -l12
[0.890s] DEBUG:colcon.colcon_core.event_handler.log_command:Invoking command in '/home/feyzieren/ros2_ws/build/my_robot_interfaces': CMAKE_PREFIX_PATH=${CMAKE_PREFIX_PATH}:/home/feyzieren/ros2_ws/install/xbox_controller:/home/feyzieren/ros2_ws/install/my_py_pkg:/opt/ros/humble /usr/bin/cmake --install /home/feyzieren/ros2_ws/build/my_robot_interfaces
[0.967s] Level 1:colcon.colcon_core.environment:create_environment_scripts_only(my_robot_interfaces)
[0.973s] DEBUG:colcon.colcon_core.event_handler.log_command:Invoked command in '/home/feyzieren/ros2_ws/build/my_robot_interfaces' returned '0': CMAKE_PREFIX_PATH=${CMAKE_PREFIX_PATH}:/home/feyzieren/ros2_ws/install/xbox_controller:/home/feyzieren/ros2_ws/install/my_py_pkg:/opt/ros/humble /usr/bin/cmake --install /home/feyzieren/ros2_ws/build/my_robot_interfaces
[0.974s] Level 1:colcon.colcon_core.environment:checking '/home/feyzieren/ros2_ws/install/my_robot_interfaces' for CMake module files
[0.974s] Level 1:colcon.colcon_core.environment:checking '/home/feyzieren/ros2_ws/install/my_robot_interfaces' for CMake config files
[0.975s] Level 1:colcon.colcon_core.shell:create_environment_hook('my_robot_interfaces', 'cmake_prefix_path')
[0.975s] INFO:colcon.colcon_core.shell:Creating environment hook '/home/feyzieren/ros2_ws/install/my_robot_interfaces/share/my_robot_interfaces/hook/cmake_prefix_path.ps1'
[0.976s] INFO:colcon.colcon_core.shell:Creating environment descriptor '/home/feyzieren/ros2_ws/install/my_robot_interfaces/share/my_robot_interfaces/hook/cmake_prefix_path.dsv'
[0.976s] INFO:colcon.colcon_core.shell:Creating environment hook '/home/feyzieren/ros2_ws/install/my_robot_interfaces/share/my_robot_interfaces/hook/cmake_prefix_path.sh'
[0.977s] Level 1:colcon.colcon_core.environment:checking '/home/feyzieren/ros2_ws/install/my_robot_interfaces/lib'
[0.977s] Level 1:colcon.colcon_core.shell:create_environment_hook('my_robot_interfaces', 'ld_library_path_lib')
[0.977s] INFO:colcon.colcon_core.shell:Creating environment hook '/home/feyzieren/ros2_ws/install/my_robot_interfaces/share/my_robot_interfaces/hook/ld_library_path_lib.ps1'
[0.977s] INFO:colcon.colcon_core.shell:Creating environment descriptor '/home/feyzieren/ros2_ws/install/my_robot_interfaces/share/my_robot_interfaces/hook/ld_library_path_lib.dsv'
[0.978s] INFO:colcon.colcon_core.shell:Creating environment hook '/home/feyzieren/ros2_ws/install/my_robot_interfaces/share/my_robot_interfaces/hook/ld_library_path_lib.sh'
[0.978s] Level 1:colcon.colcon_core.environment:checking '/home/feyzieren/ros2_ws/install/my_robot_interfaces/bin'
[0.978s] Level 1:colcon.colcon_core.environment:checking '/home/feyzieren/ros2_ws/install/my_robot_interfaces/lib/pkgconfig/my_robot_interfaces.pc'
[0.979s] Level 1:colcon.colcon_core.environment:checking '/home/feyzieren/ros2_ws/install/my_robot_interfaces/lib/python3.10/site-packages'
[0.979s] Level 1:colcon.colcon_core.environment:checking '/home/feyzieren/ros2_ws/install/my_robot_interfaces/bin'
[0.979s] INFO:colcon.colcon_core.shell:Creating package script '/home/feyzieren/ros2_ws/install/my_robot_interfaces/share/my_robot_interfaces/package.ps1'
[0.980s] INFO:colcon.colcon_core.shell:Creating package descriptor '/home/feyzieren/ros2_ws/install/my_robot_interfaces/share/my_robot_interfaces/package.dsv'
[0.981s] INFO:colcon.colcon_core.shell:Creating package script '/home/feyzieren/ros2_ws/install/my_robot_interfaces/share/my_robot_interfaces/package.sh'
[0.981s] INFO:colcon.colcon_core.shell:Creating package script '/home/feyzieren/ros2_ws/install/my_robot_interfaces/share/my_robot_interfaces/package.bash'
[0.982s] INFO:colcon.colcon_core.shell:Creating package script '/home/feyzieren/ros2_ws/install/my_robot_interfaces/share/my_robot_interfaces/package.zsh'
[0.983s] Level 1:colcon.colcon_core.environment:create_file_with_runtime_dependencies(/home/feyzieren/ros2_ws/install/my_robot_interfaces/share/colcon-core/packages/my_robot_interfaces)
[0.984s] Level 1:colcon.colcon_core.environment:create_environment_scripts_only(my_robot_interfaces)
[0.984s] Level 1:colcon.colcon_core.environment:checking '/home/feyzieren/ros2_ws/install/my_robot_interfaces' for CMake module files
[0.985s] Level 1:colcon.colcon_core.environment:checking '/home/feyzieren/ros2_ws/install/my_robot_interfaces' for CMake config files
[0.985s] Level 1:colcon.colcon_core.shell:create_environment_hook('my_robot_interfaces', 'cmake_prefix_path')
[0.985s] INFO:colcon.colcon_core.shell:Creating environment hook '/home/feyzieren/ros2_ws/install/my_robot_interfaces/share/my_robot_interfaces/hook/cmake_prefix_path.ps1'
[0.986s] INFO:colcon.colcon_core.shell:Creating environment descriptor '/home/feyzieren/ros2_ws/install/my_robot_interfaces/share/my_robot_interfaces/hook/cmake_prefix_path.dsv'
[0.986s] INFO:colcon.colcon_core.shell:Creating environment hook '/home/feyzieren/ros2_ws/install/my_robot_interfaces/share/my_robot_interfaces/hook/cmake_prefix_path.sh'
[0.987s] Level 1:colcon.colcon_core.environment:checking '/home/feyzieren/ros2_ws/install/my_robot_interfaces/lib'
[0.987s] Level 1:colcon.colcon_core.shell:create_environment_hook('my_robot_interfaces', 'ld_library_path_lib')
[0.987s] INFO:colcon.colcon_core.shell:Creating environment hook '/home/feyzieren/ros2_ws/install/my_robot_interfaces/share/my_robot_interfaces/hook/ld_library_path_lib.ps1'
[0.987s] INFO:colcon.colcon_core.shell:Creating environment descriptor '/home/feyzieren/ros2_ws/install/my_robot_interfaces/share/my_robot_interfaces/hook/ld_library_path_lib.dsv'
[0.988s] INFO:colcon.colcon_core.shell:Creating environment hook '/home/feyzieren/ros2_ws/install/my_robot_interfaces/share/my_robot_interfaces/hook/ld_library_path_lib.sh'
[0.988s] Level 1:colcon.colcon_core.environment:checking '/home/feyzieren/ros2_ws/install/my_robot_interfaces/bin'
[0.988s] Level 1:colcon.colcon_core.environment:checking '/home/feyzieren/ros2_ws/install/my_robot_interfaces/lib/pkgconfig/my_robot_interfaces.pc'
[0.988s] Level 1:colcon.colcon_core.environment:checking '/home/feyzieren/ros2_ws/install/my_robot_interfaces/lib/python3.10/site-packages'
[0.989s] Level 1:colcon.colcon_core.environment:checking '/home/feyzieren/ros2_ws/install/my_robot_interfaces/bin'
[0.989s] INFO:colcon.colcon_core.shell:Creating package script '/home/feyzieren/ros2_ws/install/my_robot_interfaces/share/my_robot_interfaces/package.ps1'
[0.989s] INFO:colcon.colcon_core.shell:Creating package descriptor '/home/feyzieren/ros2_ws/install/my_robot_interfaces/share/my_robot_interfaces/package.dsv'
[0.990s] INFO:colcon.colcon_core.shell:Creating package script '/home/feyzieren/ros2_ws/install/my_robot_interfaces/share/my_robot_interfaces/package.sh'
[0.990s] INFO:colcon.colcon_core.shell:Creating package script '/home/feyzieren/ros2_ws/install/my_robot_interfaces/share/my_robot_interfaces/package.bash'
[0.991s] INFO:colcon.colcon_core.shell:Creating package script '/home/feyzieren/ros2_ws/install/my_robot_interfaces/share/my_robot_interfaces/package.zsh'
[0.991s] Level 1:colcon.colcon_core.environment:create_file_with_runtime_dependencies(/home/feyzieren/ros2_ws/install/my_robot_interfaces/share/colcon-core/packages/my_robot_interfaces)
[0.992s] INFO:colcon.colcon_ros.task.ament_cmake.build:Building ROS package in '/home/feyzieren/ros2_ws/src/my_cpp_pkg' with build type 'ament_cmake'
[0.992s] INFO:colcon.colcon_cmake.task.cmake.build:Building CMake package in '/home/feyzieren/ros2_ws/src/my_cpp_pkg'
[0.992s] INFO:colcon.colcon_core.shell:Skip shell extension 'powershell' for command environment: Not usable outside of PowerShell
[0.992s] DEBUG:colcon.colcon_core.shell:Skip shell extension 'dsv' for command environment
[0.997s] INFO:colcon.colcon_ros.task.ament_python.build:Building ROS package in '/home/feyzieren/ros2_ws/src/my_py_pkg' with build type 'ament_python'
[0.998s] Level 1:colcon.colcon_core.shell:create_environment_hook('my_py_pkg', 'ament_prefix_path')
[0.998s] INFO:colcon.colcon_core.shell:Creating environment hook '/home/feyzieren/ros2_ws/install/my_py_pkg/share/my_py_pkg/hook/ament_prefix_path.ps1'
[0.998s] INFO:colcon.colcon_core.shell:Creating environment descriptor '/home/feyzieren/ros2_ws/install/my_py_pkg/share/my_py_pkg/hook/ament_prefix_path.dsv'
[0.999s] INFO:colcon.colcon_core.shell:Creating environment hook '/home/feyzieren/ros2_ws/install/my_py_pkg/share/my_py_pkg/hook/ament_prefix_path.sh'
[0.999s] INFO:colcon.colcon_core.shell:Skip shell extension 'powershell' for command environment: Not usable outside of PowerShell
[0.999s] DEBUG:colcon.colcon_core.shell:Skip shell extension 'dsv' for command environment
[1.011s] DEBUG:colcon.colcon_core.event_handler.log_command:Invoking command in '/home/feyzieren/ros2_ws/build/my_cpp_pkg': CMAKE_PREFIX_PATH=/home/feyzieren/ros2_ws/install/my_robot_interfaces:/home/feyzieren/ros2_ws/install/my_cpp_pkg:/home/feyzieren/ros2_ws/install/xbox_controller:/home/feyzieren/ros2_ws/install/my_py_pkg:/opt/ros/humble /usr/bin/cmake --build /home/feyzieren/ros2_ws/build/my_cpp_pkg -- -j12 -l12
[1.336s] INFO:colcon.colcon_core.task.python.build:Building Python package in '/home/feyzieren/ros2_ws/src/my_py_pkg'
[1.337s] INFO:colcon.colcon_core.shell:Skip shell extension 'powershell' for command environment: Not usable outside of PowerShell
[1.337s] DEBUG:colcon.colcon_core.shell:Skip shell extension 'dsv' for command environment
[1.353s] DEBUG:colcon.colcon_core.event_handler.log_command:Invoking command in '/home/feyzieren/ros2_ws/src/xbox_controller': PYTHONPATH=/home/feyzieren/ros2_ws/build/xbox_controller/prefix_override:/usr/lib/python3/dist-packages/colcon_core/task/python/colcon_distutils_commands:/home/feyzieren/ros2_ws/install/xbox_controller/lib/python3.10/site-packages:${PYTHONPATH} /usr/bin/python3 -W ignore:setup.py install is deprecated -W ignore:easy_install command is deprecated setup.py egg_info --egg-base ../../build/xbox_controller build --build-base /home/feyzieren/ros2_ws/build/xbox_controller/build install --record /home/feyzieren/ros2_ws/build/xbox_controller/install.log --single-version-externally-managed install_data
[1.703s] Level 1:colcon.colcon_core.environment:checking '/home/feyzieren/ros2_ws/install/xbox_controller' for CMake module files
[1.705s] DEBUG:colcon.colcon_core.event_handler.log_command:Invoked command in '/home/feyzieren/ros2_ws/src/xbox_controller' returned '0': PYTHONPATH=/home/feyzieren/ros2_ws/build/xbox_controller/prefix_override:/usr/lib/python3/dist-packages/colcon_core/task/python/colcon_distutils_commands:/home/feyzieren/ros2_ws/install/xbox_controller/lib/python3.10/site-packages:${PYTHONPATH} /usr/bin/python3 -W ignore:setup.py install is deprecated -W ignore:easy_install command is deprecated setup.py egg_info --egg-base ../../build/xbox_controller build --build-base /home/feyzieren/ros2_ws/build/xbox_controller/build install --record /home/feyzieren/ros2_ws/build/xbox_controller/install.log --single-version-externally-managed install_data
[1.705s] Level 1:colcon.colcon_core.environment:checking '/home/feyzieren/ros2_ws/install/xbox_controller' for CMake config files
[1.707s] Level 1:colcon.colcon_core.environment:checking '/home/feyzieren/ros2_ws/install/xbox_controller/lib'
[1.707s] Level 1:colcon.colcon_core.environment:checking '/home/feyzieren/ros2_ws/install/xbox_controller/bin'
[1.707s] Level 1:colcon.colcon_core.environment:checking '/home/feyzieren/ros2_ws/install/xbox_controller/lib/pkgconfig/xbox_controller.pc'
[1.708s] Level 1:colcon.colcon_core.environment:checking '/home/feyzieren/ros2_ws/install/xbox_controller/lib/python3.10/site-packages'
[1.708s] Level 1:colcon.colcon_core.shell:create_environment_hook('xbox_controller', 'pythonpath')
[1.708s] INFO:colcon.colcon_core.shell:Creating environment hook '/home/feyzieren/ros2_ws/install/xbox_controller/share/xbox_controller/hook/pythonpath.ps1'
[1.710s] INFO:colcon.colcon_core.shell:Creating environment descriptor '/home/feyzieren/ros2_ws/install/xbox_controller/share/xbox_controller/hook/pythonpath.dsv'
[1.710s] INFO:colcon.colcon_core.shell:Creating environment hook '/home/feyzieren/ros2_ws/install/xbox_controller/share/xbox_controller/hook/pythonpath.sh'
[1.712s] Level 1:colcon.colcon_core.environment:checking '/home/feyzieren/ros2_ws/install/xbox_controller/bin'
[1.712s] Level 1:colcon.colcon_core.environment:create_environment_scripts_only(xbox_controller)
[1.713s] INFO:colcon.colcon_core.shell:Creating package script '/home/feyzieren/ros2_ws/install/xbox_controller/share/xbox_controller/package.ps1'
[1.714s] INFO:colcon.colcon_core.shell:Creating package descriptor '/home/feyzieren/ros2_ws/install/xbox_controller/share/xbox_controller/package.dsv'
[1.715s] INFO:colcon.colcon_core.shell:Creating package script '/home/feyzieren/ros2_ws/install/xbox_controller/share/xbox_controller/package.sh'
[1.716s] INFO:colcon.colcon_core.shell:Creating package script '/home/feyzieren/ros2_ws/install/xbox_controller/share/xbox_controller/package.bash'
[1.717s] INFO:colcon.colcon_core.shell:Creating package script '/home/feyzieren/ros2_ws/install/xbox_controller/share/xbox_controller/package.zsh'
[1.718s] Level 1:colcon.colcon_core.environment:create_file_with_runtime_dependencies(/home/feyzieren/ros2_ws/install/xbox_controller/share/colcon-core/packages/xbox_controller)
[1.792s] DEBUG:colcon.colcon_core.event_handler.log_command:Invoking command in '/home/feyzieren/ros2_ws/src/my_py_pkg': CMAKE_PREFIX_PATH=/home/feyzieren/ros2_ws/install/my_robot_interfaces:/home/feyzieren/ros2_ws/install/my_cpp_pkg PYTHONPATH=/home/feyzieren/ros2_ws/build/my_py_pkg/prefix_override:/usr/lib/python3/dist-packages/colcon_core/task/python/colcon_distutils_commands:/home/feyzieren/ros2_ws/install/my_py_pkg/lib/python3.10/site-packages:${PYTHONPATH} /usr/bin/python3 -W ignore:setup.py install is deprecated -W ignore:easy_install command is deprecated setup.py egg_info --egg-base ../../build/my_py_pkg build --build-base /home/feyzieren/ros2_ws/build/my_py_pkg/build install --record /home/feyzieren/ros2_ws/build/my_py_pkg/install.log --single-version-externally-managed install_data
[2.133s] Level 1:colcon.colcon_core.environment:checking '/home/feyzieren/ros2_ws/install/my_py_pkg' for CMake module files
[2.135s] DEBUG:colcon.colcon_core.event_handler.log_command:Invoked command in '/home/feyzieren/ros2_ws/src/my_py_pkg' returned '0': CMAKE_PREFIX_PATH=/home/feyzieren/ros2_ws/install/my_robot_interfaces:/home/feyzieren/ros2_ws/install/my_cpp_pkg PYTHONPATH=/home/feyzieren/ros2_ws/build/my_py_pkg/prefix_override:/usr/lib/python3/dist-packages/colcon_core/task/python/colcon_distutils_commands:/home/feyzieren/ros2_ws/install/my_py_pkg/lib/python3.10/site-packages:${PYTHONPATH} /usr/bin/python3 -W ignore:setup.py install is deprecated -W ignore:easy_install command is deprecated setup.py egg_info --egg-base ../../build/my_py_pkg build --build-base /home/feyzieren/ros2_ws/build/my_py_pkg/build install --record /home/feyzieren/ros2_ws/build/my_py_pkg/install.log --single-version-externally-managed install_data
[2.135s] Level 1:colcon.colcon_core.environment:checking '/home/feyzieren/ros2_ws/install/my_py_pkg' for CMake config files
[2.137s] Level 1:colcon.colcon_core.environment:checking '/home/feyzieren/ros2_ws/install/my_py_pkg/lib'
[2.137s] Level 1:colcon.colcon_core.environment:checking '/home/feyzieren/ros2_ws/install/my_py_pkg/bin'
[2.137s] Level 1:colcon.colcon_core.environment:checking '/home/feyzieren/ros2_ws/install/my_py_pkg/lib/pkgconfig/my_py_pkg.pc'
[2.138s] Level 1:colcon.colcon_core.environment:checking '/home/feyzieren/ros2_ws/install/my_py_pkg/lib/python3.10/site-packages'
[2.138s] Level 1:colcon.colcon_core.shell:create_environment_hook('my_py_pkg', 'pythonpath')
[2.139s] INFO:colcon.colcon_core.shell:Creating environment hook '/home/feyzieren/ros2_ws/install/my_py_pkg/share/my_py_pkg/hook/pythonpath.ps1'
[2.140s] INFO:colcon.colcon_core.shell:Creating environment descriptor '/home/feyzieren/ros2_ws/install/my_py_pkg/share/my_py_pkg/hook/pythonpath.dsv'
[2.141s] INFO:colcon.colcon_core.shell:Creating environment hook '/home/feyzieren/ros2_ws/install/my_py_pkg/share/my_py_pkg/hook/pythonpath.sh'
[2.142s] Level 1:colcon.colcon_core.environment:checking '/home/feyzieren/ros2_ws/install/my_py_pkg/bin'
[2.142s] Level 1:colcon.colcon_core.environment:create_environment_scripts_only(my_py_pkg)
[2.143s] INFO:colcon.colcon_core.shell:Creating package script '/home/feyzieren/ros2_ws/install/my_py_pkg/share/my_py_pkg/package.ps1'
[2.144s] INFO:colcon.colcon_core.shell:Creating package descriptor '/home/feyzieren/ros2_ws/install/my_py_pkg/share/my_py_pkg/package.dsv'
[2.145s] INFO:colcon.colcon_core.shell:Creating package script '/home/feyzieren/ros2_ws/install/my_py_pkg/share/my_py_pkg/package.sh'
[2.146s] INFO:colcon.colcon_core.shell:Creating package script '/home/feyzieren/ros2_ws/install/my_py_pkg/share/my_py_pkg/package.bash'
[2.148s] INFO:colcon.colcon_core.shell:Creating package script '/home/feyzieren/ros2_ws/install/my_py_pkg/share/my_py_pkg/package.zsh'
[2.149s] Level 1:colcon.colcon_core.environment:create_file_with_runtime_dependencies(/home/feyzieren/ros2_ws/install/my_py_pkg/share/colcon-core/packages/my_py_pkg)
[6.512s] DEBUG:colcon.colcon_core.event_handler.log_command:Invoked command in '/home/feyzieren/ros2_ws/build/my_cpp_pkg' returned '0': CMAKE_PREFIX_PATH=/home/feyzieren/ros2_ws/install/my_robot_interfaces:/home/feyzieren/ros2_ws/install/my_cpp_pkg:/home/feyzieren/ros2_ws/install/xbox_controller:/home/feyzieren/ros2_ws/install/my_py_pkg:/opt/ros/humble /usr/bin/cmake --build /home/feyzieren/ros2_ws/build/my_cpp_pkg -- -j12 -l12
[6.515s] DEBUG:colcon.colcon_core.event_handler.log_command:Invoking command in '/home/feyzieren/ros2_ws/build/my_cpp_pkg': CMAKE_PREFIX_PATH=/home/feyzieren/ros2_ws/install/my_robot_interfaces:/home/feyzieren/ros2_ws/install/my_cpp_pkg:/home/feyzieren/ros2_ws/install/xbox_controller:/home/feyzieren/ros2_ws/install/my_py_pkg:/opt/ros/humble /usr/bin/cmake --install /home/feyzieren/ros2_ws/build/my_cpp_pkg
[6.534s] Level 1:colcon.colcon_core.environment:create_environment_scripts_only(my_cpp_pkg)
[6.535s] Level 1:colcon.colcon_core.environment:checking '/home/feyzieren/ros2_ws/install/my_cpp_pkg' for CMake module files
[6.536s] DEBUG:colcon.colcon_core.event_handler.log_command:Invoked command in '/home/feyzieren/ros2_ws/build/my_cpp_pkg' returned '0': CMAKE_PREFIX_PATH=/home/feyzieren/ros2_ws/install/my_robot_interfaces:/home/feyzieren/ros2_ws/install/my_cpp_pkg:/home/feyzieren/ros2_ws/install/xbox_controller:/home/feyzieren/ros2_ws/install/my_py_pkg:/opt/ros/humble /usr/bin/cmake --install /home/feyzieren/ros2_ws/build/my_cpp_pkg
[6.537s] Level 1:colcon.colcon_core.environment:checking '/home/feyzieren/ros2_ws/install/my_cpp_pkg' for CMake config files
[6.537s] Level 1:colcon.colcon_core.shell:create_environment_hook('my_cpp_pkg', 'cmake_prefix_path')
[6.537s] INFO:colcon.colcon_core.shell:Creating environment hook '/home/feyzieren/ros2_ws/install/my_cpp_pkg/share/my_cpp_pkg/hook/cmake_prefix_path.ps1'
[6.538s] INFO:colcon.colcon_core.shell:Creating environment descriptor '/home/feyzieren/ros2_ws/install/my_cpp_pkg/share/my_cpp_pkg/hook/cmake_prefix_path.dsv'
[6.538s] INFO:colcon.colcon_core.shell:Creating environment hook '/home/feyzieren/ros2_ws/install/my_cpp_pkg/share/my_cpp_pkg/hook/cmake_prefix_path.sh'
[6.539s] Level 1:colcon.colcon_core.environment:checking '/home/feyzieren/ros2_ws/install/my_cpp_pkg/lib'
[6.539s] Level 1:colcon.colcon_core.environment:checking '/home/feyzieren/ros2_ws/install/my_cpp_pkg/bin'
[6.539s] Level 1:colcon.colcon_core.environment:checking '/home/feyzieren/ros2_ws/install/my_cpp_pkg/lib/pkgconfig/my_cpp_pkg.pc'
[6.539s] Level 1:colcon.colcon_core.environment:checking '/home/feyzieren/ros2_ws/install/my_cpp_pkg/lib/python3.10/site-packages'
[6.540s] Level 1:colcon.colcon_core.environment:checking '/home/feyzieren/ros2_ws/install/my_cpp_pkg/bin'
[6.540s] INFO:colcon.colcon_core.shell:Creating package script '/home/feyzieren/ros2_ws/install/my_cpp_pkg/share/my_cpp_pkg/package.ps1'
[6.540s] INFO:colcon.colcon_core.shell:Creating package descriptor '/home/feyzieren/ros2_ws/install/my_cpp_pkg/share/my_cpp_pkg/package.dsv'
[6.541s] INFO:colcon.colcon_core.shell:Creating package script '/home/feyzieren/ros2_ws/install/my_cpp_pkg/share/my_cpp_pkg/package.sh'
[6.541s] INFO:colcon.colcon_core.shell:Creating package script '/home/feyzieren/ros2_ws/install/my_cpp_pkg/share/my_cpp_pkg/package.bash'
[6.542s] INFO:colcon.colcon_core.shell:Creating package script '/home/feyzieren/ros2_ws/install/my_cpp_pkg/share/my_cpp_pkg/package.zsh'
[6.542s] Level 1:colcon.colcon_core.environment:create_file_with_runtime_dependencies(/home/feyzieren/ros2_ws/install/my_cpp_pkg/share/colcon-core/packages/my_cpp_pkg)
[6.543s] Level 1:colcon.colcon_core.environment:create_environment_scripts_only(my_cpp_pkg)
[6.543s] Level 1:colcon.colcon_core.environment:checking '/home/feyzieren/ros2_ws/install/my_cpp_pkg' for CMake module files
[6.543s] Level 1:colcon.colcon_core.environment:checking '/home/feyzieren/ros2_ws/install/my_cpp_pkg' for CMake config files
[6.544s] Level 1:colcon.colcon_core.shell:create_environment_hook('my_cpp_pkg', 'cmake_prefix_path')
[6.544s] INFO:colcon.colcon_core.shell:Creating environment hook '/home/feyzieren/ros2_ws/install/my_cpp_pkg/share/my_cpp_pkg/hook/cmake_prefix_path.ps1'
[6.544s] INFO:colcon.colcon_core.shell:Creating environment descriptor '/home/feyzieren/ros2_ws/install/my_cpp_pkg/share/my_cpp_pkg/hook/cmake_prefix_path.dsv'
[6.545s] INFO:colcon.colcon_core.shell:Creating environment hook '/home/feyzieren/ros2_ws/install/my_cpp_pkg/share/my_cpp_pkg/hook/cmake_prefix_path.sh'
[6.545s] Level 1:colcon.colcon_core.environment:checking '/home/feyzieren/ros2_ws/install/my_cpp_pkg/lib'
[6.545s] Level 1:colcon.colcon_core.environment:checking '/home/feyzieren/ros2_ws/install/my_cpp_pkg/bin'
[6.545s] Level 1:colcon.colcon_core.environment:checking '/home/feyzieren/ros2_ws/install/my_cpp_pkg/lib/pkgconfig/my_cpp_pkg.pc'
[6.545s] Level 1:colcon.colcon_core.environment:checking '/home/feyzieren/ros2_ws/install/my_cpp_pkg/lib/python3.10/site-packages'
[6.546s] Level 1:colcon.colcon_core.environment:checking '/home/feyzieren/ros2_ws/install/my_cpp_pkg/bin'
[6.546s] INFO:colcon.colcon_core.shell:Creating package script '/home/feyzieren/ros2_ws/install/my_cpp_pkg/share/my_cpp_pkg/package.ps1'
[6.546s] INFO:colcon.colcon_core.shell:Creating package descriptor '/home/feyzieren/ros2_ws/install/my_cpp_pkg/share/my_cpp_pkg/package.dsv'
[6.547s] INFO:colcon.colcon_core.shell:Creating package script '/home/feyzieren/ros2_ws/install/my_cpp_pkg/share/my_cpp_pkg/package.sh'
[6.547s] INFO:colcon.colcon_core.shell:Creating package script '/home/feyzieren/ros2_ws/install/my_cpp_pkg/share/my_cpp_pkg/package.bash'
[6.548s] INFO:colcon.colcon_core.shell:Creating package script '/home/feyzieren/ros2_ws/install/my_cpp_pkg/share/my_cpp_pkg/package.zsh'
[6.548s] Level 1:colcon.colcon_core.environment:create_file_with_runtime_dependencies(/home/feyzieren/ros2_ws/install/my_cpp_pkg/share/colcon-core/packages/my_cpp_pkg)
[6.549s] DEBUG:colcon.colcon_parallel_executor.executor.parallel:closing loop
[6.549s] DEBUG:colcon.colcon_parallel_executor.executor.parallel:loop closed
[6.549s] DEBUG:colcon.colcon_parallel_executor.executor.parallel:run_until_complete finished with '0'
[6.549s] DEBUG:colcon.colcon_core.event_reactor:joining thread
[6.563s] INFO:colcon.colcon_core.plugin_system:Skipping extension 'colcon_notification.desktop_notification.terminal_notifier': Not used on non-Darwin systems
[6.563s] INFO:colcon.colcon_core.plugin_system:Skipping extension 'colcon_notification.desktop_notification.win32': Not used on non-Windows systems
[6.563s] INFO:colcon.colcon_notification.desktop_notification:Sending desktop notification using 'notify2'
[6.586s] DEBUG:colcon.colcon_core.event_reactor:joined thread
[6.587s] INFO:colcon.colcon_core.shell:Creating prefix script '/home/feyzieren/ros2_ws/install/local_setup.ps1'
[6.589s] INFO:colcon.colcon_core.shell:Creating prefix util module '/home/feyzieren/ros2_ws/install/_local_setup_util_ps1.py'
[6.592s] INFO:colcon.colcon_core.shell:Creating prefix chain script '/home/feyzieren/ros2_ws/install/setup.ps1'
[6.595s] INFO:colcon.colcon_core.shell:Creating prefix script '/home/feyzieren/ros2_ws/install/local_setup.sh'
[6.597s] INFO:colcon.colcon_core.shell:Creating prefix util module '/home/feyzieren/ros2_ws/install/_local_setup_util_sh.py'
[6.598s] INFO:colcon.colcon_core.shell:Creating prefix chain script '/home/feyzieren/ros2_ws/install/setup.sh'
[6.600s] INFO:colcon.colcon_core.shell:Creating prefix script '/home/feyzieren/ros2_ws/install/local_setup.bash'
[6.602s] INFO:colcon.colcon_core.shell:Creating prefix chain script '/home/feyzieren/ros2_ws/install/setup.bash'
[6.604s] INFO:colcon.colcon_core.shell:Creating prefix script '/home/feyzieren/ros2_ws/install/local_setup.zsh'
[6.605s] INFO:colcon.colcon_core.shell:Creating prefix chain script '/home/feyzieren/ros2_ws/install/setup.zsh'
