[0.816s] Invoking command in '/home/feyzieren/ros2_ws/src/xbox_controller': PYTHONPATH=/home/feyzieren/ros2_ws/build/xbox_controller/prefix_override:/usr/lib/python3/dist-packages/colcon_core/task/python/colcon_distutils_commands:/home/feyzieren/ros2_ws/install/xbox_controller/lib/python3.10/site-packages:${PYTHONPATH} /usr/bin/python3 -W ignore:setup.py install is deprecated setup.py egg_info --egg-base ../../build/xbox_controller build --build-base /home/feyzieren/ros2_ws/build/xbox_controller/build install --record /home/feyzieren/ros2_ws/build/xbox_controller/install.log --single-version-externally-managed install_data
[1.112s] running egg_info
[1.112s] writing ../../build/xbox_controller/xbox_controller.egg-info/PKG-INFO
[1.112s] writing dependency_links to ../../build/xbox_controller/xbox_controller.egg-info/dependency_links.txt
[1.113s] writing entry points to ../../build/xbox_controller/xbox_controller.egg-info/entry_points.txt
[1.113s] writing requirements to ../../build/xbox_controller/xbox_controller.egg-info/requires.txt
[1.113s] writing top-level names to ../../build/xbox_controller/xbox_controller.egg-info/top_level.txt
[1.115s] reading manifest file '../../build/xbox_controller/xbox_controller.egg-info/SOURCES.txt'
[1.116s] writing manifest file '../../build/xbox_controller/xbox_controller.egg-info/SOURCES.txt'
[1.116s] running build
[1.116s] running build_py
[1.116s] running install
[1.117s] running install_lib
[1.118s] running install_data
[1.118s] running install_egg_info
[1.120s] removing '/home/feyzieren/ros2_ws/install/xbox_controller/lib/python3.10/site-packages/xbox_controller-0.0.0-py3.10.egg-info' (and everything under it)
[1.120s] Copying ../../build/xbox_controller/xbox_controller.egg-info to /home/feyzieren/ros2_ws/install/xbox_controller/lib/python3.10/site-packages/xbox_controller-0.0.0-py3.10.egg-info
[1.121s] running install_scripts
[1.145s] Installing xbox_controller script to /home/feyzieren/ros2_ws/install/xbox_controller/lib/xbox_controller
[1.145s] writing list of installed files to '/home/feyzieren/ros2_ws/build/xbox_controller/install.log'
[1.173s] Invoked command in '/home/feyzieren/ros2_ws/src/xbox_controller' returned '0': PYTHONPATH=/home/feyzieren/ros2_ws/build/xbox_controller/prefix_override:/usr/lib/python3/dist-packages/colcon_core/task/python/colcon_distutils_commands:/home/feyzieren/ros2_ws/install/xbox_controller/lib/python3.10/site-packages:${PYTHONPATH} /usr/bin/python3 -W ignore:setup.py install is deprecated setup.py egg_info --egg-base ../../build/xbox_controller build --build-base /home/feyzieren/ros2_ws/build/xbox_controller/build install --record /home/feyzieren/ros2_ws/build/xbox_controller/install.log --single-version-externally-managed install_data
