[0.778s] Invoking command in '/home/feyzieren/ros2_ws/src/xbox_controller': PYTHONPATH=/home/feyzieren/ros2_ws/build/xbox_controller/prefix_override:/usr/lib/python3/dist-packages/colcon_core/task/python/colcon_distutils_commands:/home/feyzieren/ros2_ws/install/xbox_controller/lib/python3.10/site-packages:${PYTHONPATH} /usr/bin/python3 -W ignore:setup.py install is deprecated setup.py egg_info --egg-base ../../build/xbox_controller build --build-base /home/feyzieren/ros2_ws/build/xbox_controller/build install --record /home/feyzieren/ros2_ws/build/xbox_controller/install.log --single-version-externally-managed install_data
[1.065s] running egg_info
[1.066s] writing ../../build/xbox_controller/xbox_controller.egg-info/PKG-INFO
[1.066s] writing dependency_links to ../../build/xbox_controller/xbox_controller.egg-info/dependency_links.txt
[1.066s] writing entry points to ../../build/xbox_controller/xbox_controller.egg-info/entry_points.txt
[1.066s] writing requirements to ../../build/xbox_controller/xbox_controller.egg-info/requires.txt
[1.067s] writing top-level names to ../../build/xbox_controller/xbox_controller.egg-info/top_level.txt
[1.068s] reading manifest file '../../build/xbox_controller/xbox_controller.egg-info/SOURCES.txt'
[1.069s] writing manifest file '../../build/xbox_controller/xbox_controller.egg-info/SOURCES.txt'
[1.070s] running build
[1.070s] running build_py
[1.070s] running install
[1.070s] running install_lib
[1.071s] running install_data
[1.072s] running install_egg_info
[1.073s] removing '/home/feyzieren/ros2_ws/install/xbox_controller/lib/python3.10/site-packages/xbox_controller-0.0.0-py3.10.egg-info' (and everything under it)
[1.074s] Copying ../../build/xbox_controller/xbox_controller.egg-info to /home/feyzieren/ros2_ws/install/xbox_controller/lib/python3.10/site-packages/xbox_controller-0.0.0-py3.10.egg-info
[1.075s] running install_scripts
[1.100s] writing list of installed files to '/home/feyzieren/ros2_ws/build/xbox_controller/install.log'
[1.131s] Invoked command in '/home/feyzieren/ros2_ws/src/xbox_controller' returned '0': PYTHONPATH=/home/feyzieren/ros2_ws/build/xbox_controller/prefix_override:/usr/lib/python3/dist-packages/colcon_core/task/python/colcon_distutils_commands:/home/feyzieren/ros2_ws/install/xbox_controller/lib/python3.10/site-packages:${PYTHONPATH} /usr/bin/python3 -W ignore:setup.py install is deprecated setup.py egg_info --egg-base ../../build/xbox_controller build --build-base /home/feyzieren/ros2_ws/build/xbox_controller/build install --record /home/feyzieren/ros2_ws/build/xbox_controller/install.log --single-version-externally-managed install_data
