[1.193s] Invoking command in '/home/feyzieren/ros2_ws/src/xbox_controller': PYTHONPATH=/home/feyzieren/ros2_ws/build/xbox_controller/prefix_override:/usr/lib/python3/dist-packages/colcon_core/task/python/colcon_distutils_commands:/home/feyzieren/ros2_ws/install/xbox_controller/lib/python3.10/site-packages:${PYTHONPATH} /usr/bin/python3 -W ignore:setup.py install is deprecated setup.py egg_info --egg-base ../../build/xbox_controller build --build-base /home/feyzieren/ros2_ws/build/xbox_controller/build install --record /home/feyzieren/ros2_ws/build/xbox_controller/install.log --single-version-externally-managed install_data
[1.501s] running egg_info
[1.501s] creating ../../build/xbox_controller/xbox_controller.egg-info
[1.502s] writing ../../build/xbox_controller/xbox_controller.egg-info/PKG-INFO
[1.502s] writing dependency_links to ../../build/xbox_controller/xbox_controller.egg-info/dependency_links.txt
[1.502s] writing entry points to ../../build/xbox_controller/xbox_controller.egg-info/entry_points.txt
[1.503s] writing requirements to ../../build/xbox_controller/xbox_controller.egg-info/requires.txt
[1.503s] writing top-level names to ../../build/xbox_controller/xbox_controller.egg-info/top_level.txt
[1.503s] writing manifest file '../../build/xbox_controller/xbox_controller.egg-info/SOURCES.txt'
[1.504s] reading manifest file '../../build/xbox_controller/xbox_controller.egg-info/SOURCES.txt'
[1.505s] writing manifest file '../../build/xbox_controller/xbox_controller.egg-info/SOURCES.txt'
[1.506s] running build
[1.506s] running build_py
[1.507s] creating /home/feyzieren/ros2_ws/build/xbox_controller/build
[1.507s] creating /home/feyzieren/ros2_ws/build/xbox_controller/build/lib
[1.507s] creating /home/feyzieren/ros2_ws/build/xbox_controller/build/lib/xbox_controller
[1.508s] copying xbox_controller/gamepad_input.py -> /home/feyzieren/ros2_ws/build/xbox_controller/build/lib/xbox_controller
[1.508s] copying xbox_controller/__init__.py -> /home/feyzieren/ros2_ws/build/xbox_controller/build/lib/xbox_controller
[1.509s] running install
[1.509s] running install_lib
[1.509s] creating /home/feyzieren/ros2_ws/install/xbox_controller/lib/python3.10/site-packages/xbox_controller
[1.510s] copying /home/feyzieren/ros2_ws/build/xbox_controller/build/lib/xbox_controller/gamepad_input.py -> /home/feyzieren/ros2_ws/install/xbox_controller/lib/python3.10/site-packages/xbox_controller
[1.510s] copying /home/feyzieren/ros2_ws/build/xbox_controller/build/lib/xbox_controller/__init__.py -> /home/feyzieren/ros2_ws/install/xbox_controller/lib/python3.10/site-packages/xbox_controller
[1.510s] byte-compiling /home/feyzieren/ros2_ws/install/xbox_controller/lib/python3.10/site-packages/xbox_controller/gamepad_input.py to gamepad_input.cpython-310.pyc
[1.510s] byte-compiling /home/feyzieren/ros2_ws/install/xbox_controller/lib/python3.10/site-packages/xbox_controller/__init__.py to __init__.cpython-310.pyc
[1.511s] running install_data
[1.511s] creating /home/feyzieren/ros2_ws/install/xbox_controller/share/ament_index
[1.511s] creating /home/feyzieren/ros2_ws/install/xbox_controller/share/ament_index/resource_index
[1.511s] creating /home/feyzieren/ros2_ws/install/xbox_controller/share/ament_index/resource_index/packages
[1.511s] copying resource/xbox_controller -> /home/feyzieren/ros2_ws/install/xbox_controller/share/ament_index/resource_index/packages
[1.512s] copying package.xml -> /home/feyzieren/ros2_ws/install/xbox_controller/share/xbox_controller
[1.512s] running install_egg_info
[1.512s] Copying ../../build/xbox_controller/xbox_controller.egg-info to /home/feyzieren/ros2_ws/install/xbox_controller/lib/python3.10/site-packages/xbox_controller-0.0.0-py3.10.egg-info
[1.513s] running install_scripts
[1.538s] writing list of installed files to '/home/feyzieren/ros2_ws/build/xbox_controller/install.log'
[1.572s] Invoked command in '/home/feyzieren/ros2_ws/src/xbox_controller' returned '0': PYTHONPATH=/home/feyzieren/ros2_ws/build/xbox_controller/prefix_override:/usr/lib/python3/dist-packages/colcon_core/task/python/colcon_distutils_commands:/home/feyzieren/ros2_ws/install/xbox_controller/lib/python3.10/site-packages:${PYTHONPATH} /usr/bin/python3 -W ignore:setup.py install is deprecated setup.py egg_info --egg-base ../../build/xbox_controller build --build-base /home/feyzieren/ros2_ws/build/xbox_controller/build install --record /home/feyzieren/ros2_ws/build/xbox_controller/install.log --single-version-externally-managed install_data
