[0.018s] Invoking command in '/home/feyzieren/ros2_ws/src/build/my_cpp_pkg': CMAKE_PREFIX_PATH=/home/feyzieren/ros2_ws/install/my_py_pkg:/opt/ros/humble /usr/bin/cmake /home/feyzieren/ros2_ws/src/my_cpp_pkg -DCMAKE_INSTALL_PREFIX=/home/feyzieren/ros2_ws/src/install/my_cpp_pkg
[0.192s] -- The C compiler identification is GNU 11.4.0
[0.356s] -- The CXX compiler identification is GNU 11.4.0
[0.370s] -- Detecting C compiler ABI info
[0.469s] -- Detecting C compiler ABI info - done
[0.493s] -- Check for working C compiler: /usr/bin/cc - skipped
[0.494s] -- Detecting C compile features
[0.496s] -- Detecting C compile features - done
[0.506s] -- Detecting CXX compiler ABI info
[0.621s] -- Detecting CXX compiler ABI info - done
[0.644s] -- Check for working CXX compiler: /usr/bin/c++ - skipped
[0.645s] -- Detecting CXX compile features
[0.646s] -- Detecting CXX compile features - done
[0.656s] -- Found ament_cmake: 1.3.10 (/opt/ros/humble/share/ament_cmake/cmake)
[0.870s] -- Found Python3: /usr/bin/python3 (found version "3.10.12") found components: Interpreter 
[1.005s] -- Found rclcpp: 16.0.10 (/opt/ros/humble/share/rclcpp/cmake)
[1.077s] -- Found rosidl_generator_c: 3.1.5 (/opt/ros/humble/share/rosidl_generator_c/cmake)
[1.088s] -- Found rosidl_adapter: 3.1.5 (/opt/ros/humble/share/rosidl_adapter/cmake)
[1.102s] -- Found rosidl_generator_cpp: 3.1.5 (/opt/ros/humble/share/rosidl_generator_cpp/cmake)
[1.124s] -- Using all available rosidl_typesupport_c: rosidl_typesupport_fastrtps_c;rosidl_typesupport_introspection_c
[1.149s] -- Using all available rosidl_typesupport_cpp: rosidl_typesupport_fastrtps_cpp;rosidl_typesupport_introspection_cpp
[1.226s] -- Found rmw_implementation_cmake: 6.1.2 (/opt/ros/humble/share/rmw_implementation_cmake/cmake)
[1.232s] -- Found rmw_fastrtps_cpp: 6.2.7 (/opt/ros/humble/share/rmw_fastrtps_cpp/cmake)
[1.378s] -- Found OpenSSL: /usr/lib/x86_64-linux-gnu/libcrypto.so (found version "3.0.2")  
[1.421s] -- Found FastRTPS: /opt/ros/humble/include  
[1.482s] -- Using RMW implementation 'rmw_fastrtps_cpp' as default
[1.496s] -- Looking for pthread.h
[1.622s] -- Looking for pthread.h - found
[1.624s] -- Performing Test CMAKE_HAVE_LIBC_PTHREAD
[1.733s] -- Performing Test CMAKE_HAVE_LIBC_PTHREAD - Success
[1.734s] -- Found Threads: TRUE  
[1.814s] -- Found ament_lint_auto: 0.12.11 (/opt/ros/humble/share/ament_lint_auto/cmake)
[1.941s] -- Added test 'lint_cmake' to check CMake code style
[1.943s] -- Added test 'xmllint' to check XML markup files
[1.946s] -- Configuring done
[1.954s] -- Generating done
[1.957s] -- Build files have been written to: /home/feyzieren/ros2_ws/src/build/my_cpp_pkg
[1.970s] Invoked command in '/home/feyzieren/ros2_ws/src/build/my_cpp_pkg' returned '0': CMAKE_PREFIX_PATH=/home/feyzieren/ros2_ws/install/my_py_pkg:/opt/ros/humble /usr/bin/cmake /home/feyzieren/ros2_ws/src/my_cpp_pkg -DCMAKE_INSTALL_PREFIX=/home/feyzieren/ros2_ws/src/install/my_cpp_pkg
[1.973s] Invoking command in '/home/feyzieren/ros2_ws/src/build/my_cpp_pkg': CMAKE_PREFIX_PATH=/home/feyzieren/ros2_ws/install/my_py_pkg:/opt/ros/humble /usr/bin/cmake --build /home/feyzieren/ros2_ws/src/build/my_cpp_pkg -- -j12 -l12
[2.037s] Invoked command in '/home/feyzieren/ros2_ws/src/build/my_cpp_pkg' returned '0': CMAKE_PREFIX_PATH=/home/feyzieren/ros2_ws/install/my_py_pkg:/opt/ros/humble /usr/bin/cmake --build /home/feyzieren/ros2_ws/src/build/my_cpp_pkg -- -j12 -l12
[2.081s] Invoking command in '/home/feyzieren/ros2_ws/src/build/my_cpp_pkg': CMAKE_PREFIX_PATH=/home/feyzieren/ros2_ws/install/my_py_pkg:/opt/ros/humble /usr/bin/cmake --install /home/feyzieren/ros2_ws/src/build/my_cpp_pkg
[2.093s] -- Install configuration: ""
[2.093s] -- Installing: /home/feyzieren/ros2_ws/src/install/my_cpp_pkg/share/ament_index/resource_index/package_run_dependencies/my_cpp_pkg
[2.093s] -- Installing: /home/feyzieren/ros2_ws/src/install/my_cpp_pkg/share/ament_index/resource_index/parent_prefix_path/my_cpp_pkg
[2.093s] -- Installing: /home/feyzieren/ros2_ws/src/install/my_cpp_pkg/share/my_cpp_pkg/environment/ament_prefix_path.sh
[2.094s] -- Installing: /home/feyzieren/ros2_ws/src/install/my_cpp_pkg/share/my_cpp_pkg/environment/ament_prefix_path.dsv
[2.094s] -- Installing: /home/feyzieren/ros2_ws/src/install/my_cpp_pkg/share/my_cpp_pkg/environment/path.sh
[2.094s] -- Installing: /home/feyzieren/ros2_ws/src/install/my_cpp_pkg/share/my_cpp_pkg/environment/path.dsv
[2.094s] -- Installing: /home/feyzieren/ros2_ws/src/install/my_cpp_pkg/share/my_cpp_pkg/local_setup.bash
[2.094s] -- Installing: /home/feyzieren/ros2_ws/src/install/my_cpp_pkg/share/my_cpp_pkg/local_setup.sh
[2.095s] -- Installing: /home/feyzieren/ros2_ws/src/install/my_cpp_pkg/share/my_cpp_pkg/local_setup.zsh
[2.095s] -- Installing: /home/feyzieren/ros2_ws/src/install/my_cpp_pkg/share/my_cpp_pkg/local_setup.dsv
[2.095s] -- Installing: /home/feyzieren/ros2_ws/src/install/my_cpp_pkg/share/my_cpp_pkg/package.dsv
[2.095s] -- Installing: /home/feyzieren/ros2_ws/src/install/my_cpp_pkg/share/ament_index/resource_index/packages/my_cpp_pkg
[2.096s] -- Installing: /home/feyzieren/ros2_ws/src/install/my_cpp_pkg/share/my_cpp_pkg/cmake/my_cpp_pkgConfig.cmake
[2.096s] -- Installing: /home/feyzieren/ros2_ws/src/install/my_cpp_pkg/share/my_cpp_pkg/cmake/my_cpp_pkgConfig-version.cmake
[2.096s] -- Installing: /home/feyzieren/ros2_ws/src/install/my_cpp_pkg/share/my_cpp_pkg/package.xml
[2.100s] Invoked command in '/home/feyzieren/ros2_ws/src/build/my_cpp_pkg' returned '0': CMAKE_PREFIX_PATH=/home/feyzieren/ros2_ws/install/my_py_pkg:/opt/ros/humble /usr/bin/cmake --install /home/feyzieren/ros2_ws/src/build/my_cpp_pkg
