[0.023s] Invoking command in '/home/feyzieren/ros2_ws/build/my_cpp_pkg': CMAKE_PREFIX_PATH=${CMAKE_PREFIX_PATH}:/home/feyzieren/ros2_ws/install/my_py_pkg:/opt/ros/humble /usr/bin/cmake --build /home/feyzieren/ros2_ws/build/my_cpp_pkg -- -j12 -l12
[0.056s] -- Found ament_cmake: 1.3.10 (/opt/ros/humble/share/ament_cmake/cmake)
[0.226s] -- Found rclcpp: 16.0.10 (/opt/ros/humble/share/rclcpp/cmake)
[0.268s] -- Found rosidl_generator_c: 3.1.5 (/opt/ros/humble/share/rosidl_generator_c/cmake)
[0.271s] -- Found rosidl_adapter: 3.1.5 (/opt/ros/humble/share/rosidl_adapter/cmake)
[0.283s] -- Found rosidl_generator_cpp: 3.1.5 (/opt/ros/humble/share/rosidl_generator_cpp/cmake)
[0.296s] -- Using all available rosidl_typesupport_c: rosidl_typesupport_fastrtps_c;rosidl_typesupport_introspection_c
[0.312s] -- Using all available rosidl_typesupport_cpp: rosidl_typesupport_fastrtps_cpp;rosidl_typesupport_introspection_cpp
[0.352s] -- Found rmw_implementation_cmake: 6.1.2 (/opt/ros/humble/share/rmw_implementation_cmake/cmake)
[0.354s] -- Found rmw_fastrtps_cpp: 6.2.7 (/opt/ros/humble/share/rmw_fastrtps_cpp/cmake)
[0.502s] -- Using RMW implementation 'rmw_fastrtps_cpp' as default
[0.563s] -- Found example_interfaces: 0.9.3 (/opt/ros/humble/share/example_interfaces/cmake)
[0.687s] -- Configuring done
[0.706s] -- Generating done
[0.708s] -- Build files have been written to: /home/feyzieren/ros2_ws/build/my_cpp_pkg
[0.744s] [35m[1mConsolidate compiler generated dependencies of target cpp_node[0m
[0.757s] [ 25%] [32mBuilding CXX object CMakeFiles/robot_news_station.dir/src/robot_news_station.cpp.o[0m
[0.771s] [ 75%] Built target cpp_node
[5.960s] [100%] [32m[1mLinking CXX executable robot_news_station[0m
[6.290s] [100%] Built target robot_news_station
[6.307s] Invoked command in '/home/feyzieren/ros2_ws/build/my_cpp_pkg' returned '0': CMAKE_PREFIX_PATH=${CMAKE_PREFIX_PATH}:/home/feyzieren/ros2_ws/install/my_py_pkg:/opt/ros/humble /usr/bin/cmake --build /home/feyzieren/ros2_ws/build/my_cpp_pkg -- -j12 -l12
[6.360s] Invoking command in '/home/feyzieren/ros2_ws/build/my_cpp_pkg': CMAKE_PREFIX_PATH=${CMAKE_PREFIX_PATH}:/home/feyzieren/ros2_ws/install/my_py_pkg:/opt/ros/humble /usr/bin/cmake --install /home/feyzieren/ros2_ws/build/my_cpp_pkg
[6.372s] -- Install configuration: ""
[6.373s] -- Up-to-date: /home/feyzieren/ros2_ws/install/my_cpp_pkg/lib/my_cpp_pkg/cpp_node
[6.373s] -- Up-to-date: /home/feyzieren/ros2_ws/install/my_cpp_pkg/share/ament_index/resource_index/package_run_dependencies/my_cpp_pkg
[6.373s] -- Up-to-date: /home/feyzieren/ros2_ws/install/my_cpp_pkg/share/ament_index/resource_index/parent_prefix_path/my_cpp_pkg
[6.374s] -- Up-to-date: /home/feyzieren/ros2_ws/install/my_cpp_pkg/share/my_cpp_pkg/environment/ament_prefix_path.sh
[6.374s] -- Installing: /home/feyzieren/ros2_ws/install/my_cpp_pkg/share/my_cpp_pkg/environment/ament_prefix_path.dsv
[6.374s] -- Up-to-date: /home/feyzieren/ros2_ws/install/my_cpp_pkg/share/my_cpp_pkg/environment/path.sh
[6.374s] -- Installing: /home/feyzieren/ros2_ws/install/my_cpp_pkg/share/my_cpp_pkg/environment/path.dsv
[6.375s] -- Up-to-date: /home/feyzieren/ros2_ws/install/my_cpp_pkg/share/my_cpp_pkg/local_setup.bash
[6.375s] -- Up-to-date: /home/feyzieren/ros2_ws/install/my_cpp_pkg/share/my_cpp_pkg/local_setup.sh
[6.375s] -- Up-to-date: /home/feyzieren/ros2_ws/install/my_cpp_pkg/share/my_cpp_pkg/local_setup.zsh
[6.375s] -- Installing: /home/feyzieren/ros2_ws/install/my_cpp_pkg/share/my_cpp_pkg/local_setup.dsv
[6.375s] -- Installing: /home/feyzieren/ros2_ws/install/my_cpp_pkg/share/my_cpp_pkg/package.dsv
[6.376s] -- Up-to-date: /home/feyzieren/ros2_ws/install/my_cpp_pkg/share/ament_index/resource_index/packages/my_cpp_pkg
[6.376s] -- Up-to-date: /home/feyzieren/ros2_ws/install/my_cpp_pkg/share/my_cpp_pkg/cmake/my_cpp_pkgConfig.cmake
[6.376s] -- Up-to-date: /home/feyzieren/ros2_ws/install/my_cpp_pkg/share/my_cpp_pkg/cmake/my_cpp_pkgConfig-version.cmake
[6.376s] -- Up-to-date: /home/feyzieren/ros2_ws/install/my_cpp_pkg/share/my_cpp_pkg/package.xml
[6.382s] Invoked command in '/home/feyzieren/ros2_ws/build/my_cpp_pkg' returned '0': CMAKE_PREFIX_PATH=${CMAKE_PREFIX_PATH}:/home/feyzieren/ros2_ws/install/my_py_pkg:/opt/ros/humble /usr/bin/cmake --install /home/feyzieren/ros2_ws/build/my_cpp_pkg
